<?xml version="1.0" encoding="UTF-8"?>
<coverage generated="1777546286100" clover="3.2.0">
  <project timestamp="1777546286101" name="All files">
    <metrics statements="2509" coveredstatements="1273" conditionals="1856" coveredconditionals="992" methods="618" coveredmethods="232" elements="4983" coveredelements="2497" complexity="0" loc="2509" ncloc="2509" packages="5" files="10" classes="10"/>
    <package name="src">
      <metrics statements="1383" coveredstatements="1082" conditionals="1303" coveredconditionals="793" methods="225" coveredmethods="195"/>
      <file name="llmProviders.ts" path="/home/jacob/obsidian-NotEMD/src/llmProviders.ts">
        <metrics statements="60" coveredstatements="28" conditionals="34" coveredconditionals="7" methods="17" coveredmethods="11"/>
        <line num="25" count="3" type="stmt"/>
        <line num="27" count="3" type="stmt"/>
        <line num="271" count="3" type="stmt"/>
        <line num="675" count="75" type="stmt"/>
        <line num="676" count="75" type="stmt"/>
        <line num="678" count="3" type="stmt"/>
        <line num="679" count="171" type="stmt"/>
        <line num="683" count="78" type="stmt"/>
        <line num="686" count="3" type="stmt"/>
        <line num="687" count="89" type="cond" truecount="0" falsecount="1"/>
        <line num="688" count="0" type="stmt"/>
        <line num="691" count="89" type="stmt"/>
        <line num="692" count="89" type="cond" truecount="1" falsecount="0"/>
        <line num="693" count="11" type="stmt"/>
        <line num="696" count="78" type="stmt"/>
        <line num="699" count="3" type="stmt"/>
        <line num="700" count="125" type="stmt"/>
        <line num="703" count="3" type="stmt"/>
        <line num="704" count="13" type="cond" truecount="3" falsecount="1"/>
        <line num="708" count="0" type="stmt"/>
        <line num="715" count="0" type="stmt"/>
        <line num="716" count="0" type="cond" truecount="0" falsecount="3"/>
        <line num="717" count="0" type="stmt"/>
        <line num="720" count="0" type="cond" truecount="0" falsecount="3"/>
        <line num="721" count="0" type="stmt"/>
        <line num="724" count="0" type="stmt"/>
        <line num="727" count="3" type="stmt"/>
        <line num="731" count="0" type="stmt"/>
        <line num="733" count="0" type="cond" truecount="0" falsecount="1"/>
        <line num="734" count="0" type="cond" truecount="0" falsecount="2"/>
        <line num="735" count="0" type="cond" truecount="0" falsecount="3"/>
        <line num="736" count="0" type="stmt"/>
        <line num="740" count="0" type="stmt"/>
        <line num="743" count="0" type="cond" truecount="0" falsecount="1"/>
        <line num="744" count="0" type="stmt"/>
        <line num="751" count="0" type="cond" truecount="0" falsecount="3"/>
        <line num="752" count="0" type="stmt"/>
        <line num="753" count="0" type="cond" truecount="0" falsecount="3"/>
        <line num="754" count="0" type="stmt"/>
        <line num="761" count="0" type="stmt"/>
        <line num="764" count="3" type="stmt"/>
        <line num="768" count="0" type="stmt"/>
        <line num="771" count="3" type="stmt"/>
        <line num="772" count="1" type="stmt"/>
        <line num="773" count="4" type="stmt"/>
        <line num="775" count="5" type="stmt"/>
        <line num="776" count="5" type="stmt"/>
        <line num="778" count="5" type="cond" truecount="3" falsecount="0"/>
        <line num="779" count="5" type="stmt"/>
        <line num="781" count="0" type="cond" truecount="0" falsecount="1"/>
        <line num="782" count="0" type="stmt"/>
        <line num="784" count="0" type="cond" truecount="0" falsecount="1"/>
        <line num="785" count="0" type="stmt"/>
        <line num="787" count="0" type="stmt"/>
        <line num="791" count="3" type="stmt"/>
        <line num="792" count="0" type="cond" truecount="0" falsecount="4"/>
        <line num="794" count="0" type="stmt"/>
        <line num="796" count="0" type="stmt"/>
        <line num="798" count="0" type="stmt"/>
        <line num="800" count="0" type="stmt"/>
      </file>
      <file name="llmUtils.ts" path="/home/jacob/obsidian-NotEMD/src/llmUtils.ts">
        <metrics statements="1182" coveredstatements="927" conditionals="1176" coveredconditionals="713" methods="177" coveredmethods="160"/>
        <line num="1" count="2" type="stmt"/>
        <line num="3" count="2" type="stmt"/>
        <line num="4" count="2" type="stmt"/>
        <line num="5" count="2" type="stmt"/>
        <line num="9" count="49" type="cond" truecount="3" falsecount="1"/>
        <line num="13" count="49" type="cond" truecount="2" falsecount="1"/>
        <line num="14" count="0" type="stmt"/>
        <line num="19" count="102" type="stmt"/>
        <line num="20" count="102" type="cond" truecount="4" falsecount="0"/>
        <line num="24" count="12" type="stmt"/>
        <line num="25" count="12" type="cond" truecount="3" falsecount="0"/>
        <line num="29" count="4" type="stmt"/>
        <line num="30" count="4" type="cond" truecount="6" falsecount="0"/>
        <line num="39" count="94" type="cond" truecount="3" falsecount="0"/>
        <line num="41" count="8" type="stmt"/>
        <line num="43" count="4" type="stmt"/>
        <line num="45" count="82" type="stmt"/>
        <line num="55" count="71" type="cond" truecount="5" falsecount="0"/>
        <line num="56" count="11" type="stmt"/>
        <line num="59" count="60" type="stmt"/>
        <line num="60" count="60" type="stmt"/>
        <line num="61" count="60" type="cond" truecount="3" falsecount="0"/>
        <line num="62" count="7" type="cond" truecount="3" falsecount="0"/>
        <line num="63" count="3" type="stmt"/>
        <line num="65" count="4" type="stmt"/>
        <line num="68" count="53" type="cond" truecount="3" falsecount="0"/>
        <line num="69" count="53" type="cond" truecount="3" falsecount="0"/>
        <line num="72" count="41" type="cond" truecount="1" falsecount="0"/>
        <line num="73" count="1" type="stmt"/>
        <line num="75" count="40" type="stmt"/>
        <line num="77" count="12" type="stmt"/>
        <line num="80" count="0" type="cond" truecount="0" falsecount="3"/>
        <line num="81" count="0" type="stmt"/>
        <line num="84" count="0" type="stmt"/>
        <line num="88" count="36" type="stmt"/>
        <line num="89" count="36" type="cond" truecount="1" falsecount="0"/>
        <line num="90" count="33" type="stmt"/>
        <line num="93" count="3" type="cond" truecount="2" falsecount="1"/>
        <line num="94" count="0" type="stmt"/>
        <line num="97" count="3" type="stmt"/>
        <line num="101" count="4" type="cond" truecount="1" falsecount="0"/>
        <line num="102" count="1" type="stmt"/>
        <line num="105" count="3" type="stmt"/>
        <line num="106" count="3" type="cond" truecount="1" falsecount="5"/>
        <line num="110" count="3" type="stmt"/>
        <line num="114" count="0" type="stmt"/>
        <line num="119" count="36" type="cond" truecount="1" falsecount="0"/>
        <line num="120" count="3" type="stmt"/>
        <line num="123" count="33" type="cond" truecount="4" falsecount="0"/>
        <line num="124" count="20" type="stmt"/>
        <line num="127" count="13" type="stmt"/>
        <line num="131" count="3" type="cond" truecount="2" falsecount="0"/>
        <line num="135" count="49" type="stmt"/>
        <line num="139" count="49" type="cond" truecount="3" falsecount="0"/>
        <line num="140" count="48" type="cond" truecount="2" falsecount="0"/>
        <line num="143" count="49" type="cond" truecount="3" falsecount="0"/>
        <line num="144" count="3" type="stmt"/>
        <line num="145" count="3" type="stmt"/>
        <line num="148" count="49" type="stmt"/>
        <line num="151" count="2" type="stmt"/>
        <line num="164" count="47" type="cond" truecount="1" falsecount="0"/>
        <line num="165" count="1" type="stmt"/>
        <line num="173" count="46" type="stmt"/>
        <line num="180" count="57" type="stmt"/>
        <line num="181" count="109" type="stmt"/>
        <line num="185" count="4" type="cond" truecount="2" falsecount="1"/>
        <line num="186" count="0" type="stmt"/>
        <line num="189" count="4" type="cond" truecount="1" falsecount="1"/>
        <line num="190" count="4" type="stmt"/>
        <line num="200" count="2" type="stmt"/>
        <line num="201" count="2" type="stmt"/>
        <line num="204" count="10" type="stmt"/>
        <line num="211" count="18" type="stmt"/>
        <line num="212" count="18" type="stmt"/>
        <line num="213" count="18" type="stmt"/>
        <line num="215" count="18" type="stmt"/>
        <line num="216" count="28" type="stmt"/>
        <line num="217" count="28" type="stmt"/>
        <line num="219" count="11" type="cond" truecount="1" falsecount="1"/>
        <line num="220" count="11" type="cond" truecount="1" falsecount="1"/>
        <line num="221" count="11" type="stmt"/>
        <line num="223" count="11" type="cond" truecount="4" falsecount="0"/>
        <line num="224" count="1" type="stmt"/>
        <line num="225" count="1" type="stmt"/>
        <line num="227" count="0" type="cond" truecount="0" falsecount="2"/>
        <line num="228" count="0" type="cond" truecount="0" falsecount="2"/>
        <line num="230" count="0" type="cond" truecount="0" falsecount="1"/>
        <line num="231" count="0" type="stmt"/>
        <line num="236" count="10" type="cond" truecount="4" falsecount="0"/>
        <line num="237" count="9" type="stmt"/>
        <line num="238" count="9" type="stmt"/>
        <line num="241" count="10" type="cond" truecount="2" falsecount="1"/>
        <line num="242" count="0" type="stmt"/>
        <line num="245" count="10" type="stmt"/>
        <line num="249" count="0" type="cond" truecount="0" falsecount="2"/>
        <line num="255" count="18" type="cond" truecount="3" falsecount="0"/>
        <line num="256" count="17" type="stmt"/>
        <line num="259" count="1" type="stmt"/>
        <line num="342" count="2" type="stmt"/>
        <line num="352" count="2" type="stmt"/>
        <line num="360" count="66" type="stmt"/>
        <line num="361" count="231" type="stmt"/>
        <line num="365" count="0" type="stmt"/>
        <line num="366" count="0" type="stmt"/>
        <line num="367" count="0" type="stmt"/>
        <line num="371" count="8" type="cond" truecount="0" falsecount="1"/>
        <line num="372" count="0" type="stmt"/>
        <line num="375" count="8" type="stmt"/>
        <line num="376" count="8" type="stmt"/>
        <line num="378" count="0" type="stmt"/>
        <line num="383" count="61" type="cond" truecount="1" falsecount="0"/>
        <line num="384" count="51" type="stmt"/>
        <line num="387" count="10" type="cond" truecount="0" falsecount="1"/>
        <line num="388" count="0" type="stmt"/>
        <line num="389" count="0" type="cond" truecount="0" falsecount="8"/>
        <line num="393" count="10" type="cond" truecount="1" falsecount="3"/>
        <line num="394" count="0" type="stmt"/>
        <line num="397" count="10" type="stmt"/>
        <line num="401" count="15" type="stmt"/>
        <line num="413" count="4" type="stmt"/>
        <line num="423" count="2" type="stmt"/>
        <line num="432" count="4" type="stmt"/>
        <line num="446" count="36" type="stmt"/>
        <line num="447" count="36" type="cond" truecount="1" falsecount="0"/>
        <line num="448" count="8" type="stmt"/>
        <line num="451" count="28" type="stmt"/>
        <line num="458" count="15" type="stmt"/>
        <line num="459" count="15" type="cond" truecount="1" falsecount="0"/>
        <line num="460" count="3" type="stmt"/>
        <line num="463" count="12" type="stmt"/>
        <line num="465" count="20" type="stmt"/>
        <line num="467" count="12" type="cond" truecount="1" falsecount="0"/>
        <line num="468" count="2" type="stmt"/>
        <line num="471" count="10" type="stmt"/>
        <line num="472" count="10" type="stmt"/>
        <line num="478" count="18" type="stmt"/>
        <line num="479" count="18" type="stmt"/>
        <line num="481" count="0" type="stmt"/>
        <line num="486" count="15" type="cond" truecount="2" falsecount="0"/>
        <line num="492" count="32" type="cond" truecount="3" falsecount="2"/>
        <line num="493" count="0" type="cond" truecount="0" falsecount="6"/>
        <line num="494" count="0" type="cond" truecount="0" falsecount="6"/>
        <line num="495" count="0" type="stmt"/>
        <line num="498" count="32" type="cond" truecount="6" falsecount="2"/>
        <line num="499" count="32" type="cond" truecount="3" falsecount="1"/>
        <line num="500" count="0" type="cond" truecount="0" falsecount="6"/>
        <line num="501" count="0" type="cond" truecount="0" falsecount="6"/>
        <line num="502" count="0" type="stmt"/>
        <line num="505" count="32" type="cond" truecount="9" falsecount="7"/>
        <line num="506" count="32" type="cond" truecount="10" falsecount="2"/>
        <line num="507" count="32" type="cond" truecount="4" falsecount="2"/>
        <line num="515" count="32" type="stmt"/>
        <line num="523" count="55" type="stmt"/>
        <line num="524" count="55" type="cond" truecount="1" falsecount="0"/>
        <line num="525" count="10" type="stmt"/>
        <line num="528" count="45" type="stmt"/>
        <line num="530" count="45" type="stmt"/>
        <line num="532" count="45" type="cond" truecount="1" falsecount="0"/>
        <line num="533" count="3" type="stmt"/>
        <line num="536" count="42" type="stmt"/>
        <line num="537" count="42" type="stmt"/>
        <line num="538" count="42" type="stmt"/>
        <line num="542" count="42" type="cond" truecount="0" falsecount="1"/>
        <line num="543" count="0" type="stmt"/>
        <line num="546" count="42" type="cond" truecount="1" falsecount="0"/>
        <line num="547" count="10" type="stmt"/>
        <line num="548" count="10" type="stmt"/>
        <line num="552" count="32" type="stmt"/>
        <line num="553" count="32" type="stmt"/>
        <line num="555" count="0" type="stmt"/>
        <line num="558" count="32" type="stmt"/>
        <line num="559" count="32" type="cond" truecount="1" falsecount="0"/>
        <line num="560" count="21" type="stmt"/>
        <line num="562" count="32" type="cond" truecount="0" falsecount="1"/>
        <line num="563" count="0" type="stmt"/>
        <line num="565" count="32" type="cond" truecount="3" falsecount="0"/>
        <line num="566" count="10" type="stmt"/>
        <line num="575" count="59" type="stmt"/>
        <line num="577" count="59" type="cond" truecount="1" falsecount="0"/>
        <line num="578" count="13" type="stmt"/>
        <line num="579" count="13" type="stmt"/>
        <line num="581" count="13" type="stmt"/>
        <line num="582" count="13" type="stmt"/>
        <line num="585" count="46" type="stmt"/>
        <line num="586" count="46" type="cond" truecount="3" falsecount="1"/>
        <line num="587" count="46" type="stmt"/>
        <line num="591" count="11" type="stmt"/>
        <line num="592" count="11" type="cond" truecount="1" falsecount="0"/>
        <line num="593" count="3" type="stmt"/>
        <line num="596" count="8" type="stmt"/>
        <line num="597" count="8" type="stmt"/>
        <line num="599" count="8" type="cond" truecount="8" falsecount="3"/>
        <line num="600" count="0" type="cond" truecount="0" falsecount="15"/>
        <line num="601" count="0" type="stmt"/>
        <line num="604" count="8" type="cond" truecount="4" falsecount="12"/>
        <line num="605" count="0" type="stmt"/>
        <line num="608" count="8" type="cond" truecount="13" falsecount="3"/>
        <line num="609" count="5" type="stmt"/>
        <line num="612" count="8" type="cond" truecount="12" falsecount="3"/>
        <line num="613" count="1" type="stmt"/>
        <line num="616" count="8" type="cond" truecount="4" falsecount="1"/>
        <line num="617" count="2" type="stmt"/>
        <line num="626" count="20" type="stmt"/>
        <line num="627" count="20" type="stmt"/>
        <line num="628" count="20" type="stmt"/>
        <line num="632" count="4" type="stmt"/>
        <line num="633" count="4" type="cond" truecount="1" falsecount="0"/>
        <line num="634" count="2" type="stmt"/>
        <line num="637" count="2" type="stmt"/>
        <line num="638" count="2" type="stmt"/>
        <line num="640" count="2" type="cond" truecount="3" falsecount="2"/>
        <line num="641" count="0" type="cond" truecount="0" falsecount="6"/>
        <line num="642" count="0" type="stmt"/>
        <line num="645" count="2" type="cond" truecount="16" falsecount="6"/>
        <line num="646" count="2" type="cond" truecount="4" falsecount="2"/>
        <line num="649" count="2" type="cond" truecount="1" falsecount="0"/>
        <line num="650" count="2" type="stmt"/>
        <line num="659" count="5" type="stmt"/>
        <line num="660" count="5" type="stmt"/>
        <line num="661" count="5" type="stmt"/>
        <line num="665" count="10" type="stmt"/>
        <line num="666" count="10" type="cond" truecount="1" falsecount="0"/>
        <line num="667" count="2" type="stmt"/>
        <line num="670" count="8" type="stmt"/>
        <line num="671" count="8" type="stmt"/>
        <line num="673" count="8" type="cond" truecount="4" falsecount="3"/>
        <line num="674" count="0" type="stmt"/>
        <line num="677" count="8" type="cond" truecount="7" falsecount="3"/>
        <line num="683" count="8" type="cond" truecount="1" falsecount="0"/>
        <line num="684" count="6" type="stmt"/>
        <line num="687" count="8" type="cond" truecount="4" falsecount="1"/>
        <line num="688" count="2" type="stmt"/>
        <line num="697" count="11" type="stmt"/>
        <line num="698" count="11" type="stmt"/>
        <line num="699" count="11" type="stmt"/>
        <line num="703" count="7" type="stmt"/>
        <line num="706" count="17" type="cond" truecount="0" falsecount="1"/>
        <line num="707" count="0" type="stmt"/>
        <line num="709" count="17" type="stmt"/>
        <line num="710" count="17" type="stmt"/>
        <line num="711" count="17" type="stmt"/>
        <line num="714" count="3" type="stmt"/>
        <line num="716" count="3" type="cond" truecount="4" falsecount="0"/>
        <line num="717" count="2" type="stmt"/>
        <line num="726" count="1" type="stmt"/>
        <line num="727" count="1" type="stmt"/>
        <line num="733" count="4" type="stmt"/>
        <line num="736" count="1" type="cond" truecount="1" falsecount="1"/>
        <line num="742" count="5" type="stmt"/>
        <line num="745" count="3" type="cond" truecount="0" falsecount="1"/>
        <line num="746" count="0" type="stmt"/>
        <line num="748" count="3" type="stmt"/>
        <line num="749" count="3" type="stmt"/>
        <line num="750" count="3" type="stmt"/>
        <line num="753" count="2" type="stmt"/>
        <line num="755" count="2" type="cond" truecount="4" falsecount="0"/>
        <line num="756" count="1" type="stmt"/>
        <line num="771" count="1" type="stmt"/>
        <line num="772" count="1" type="stmt"/>
        <line num="778" count="2" type="stmt"/>
        <line num="781" count="0" type="cond" truecount="0" falsecount="2"/>
        <line num="787" count="7" type="stmt"/>
        <line num="790" count="8" type="cond" truecount="0" falsecount="1"/>
        <line num="791" count="0" type="stmt"/>
        <line num="793" count="8" type="stmt"/>
        <line num="794" count="8" type="stmt"/>
        <line num="795" count="8" type="stmt"/>
        <line num="798" count="3" type="stmt"/>
        <line num="800" count="3" type="cond" truecount="4" falsecount="0"/>
        <line num="801" count="3" type="stmt"/>
        <line num="812" count="0" type="stmt"/>
        <line num="813" count="0" type="stmt"/>
        <line num="819" count="4" type="stmt"/>
        <line num="822" count="1" type="cond" truecount="1" falsecount="1"/>
        <line num="828" count="6" type="cond" truecount="0" falsecount="1"/>
        <line num="829" count="0" type="stmt"/>
        <line num="832" count="6" type="stmt"/>
        <line num="833" count="6" type="stmt"/>
        <line num="834" count="6" type="cond" truecount="2" falsecount="0"/>
        <line num="836" count="0" type="stmt"/>
        <line num="841" count="136" type="stmt"/>
        <line num="842" count="136" type="stmt"/>
        <line num="843" count="136" type="cond" truecount="2" falsecount="1"/>
        <line num="844" count="0" type="stmt"/>
        <line num="845" count="0" type="stmt"/>
        <line num="848" count="136" type="stmt"/>
        <line num="849" count="27" type="cond" truecount="1" falsecount="0"/>
        <line num="850" count="14" type="stmt"/>
        <line num="854" count="136" type="stmt"/>
        <line num="856" count="0" type="stmt"/>
        <line num="861" count="327" type="cond" truecount="1" falsecount="0"/>
        <line num="862" count="138" type="stmt"/>
        <line num="865" count="189" type="stmt"/>
        <line num="866" count="189" type="stmt"/>
        <line num="867" count="387" type="cond" truecount="2" falsecount="1"/>
        <line num="868" count="0" type="stmt"/>
        <line num="871" count="387" type="stmt"/>
        <line num="872" count="387" type="cond" truecount="2" falsecount="0"/>
        <line num="879" count="189" type="cond" truecount="2" falsecount="0"/>
        <line num="887" count="124" type="stmt"/>
        <line num="897" count="82" type="cond" truecount="11" falsecount="1"/>
        <line num="901" count="35" type="stmt"/>
        <line num="902" count="35" type="stmt"/>
        <line num="903" count="70" type="cond" truecount="4" falsecount="1"/>
        <line num="904" count="70" type="stmt"/>
        <line num="907" count="35" type="stmt"/>
        <line num="911" count="69" type="cond" truecount="1" falsecount="1"/>
        <line num="912" count="69" type="stmt"/>
        <line num="913" count="69" type="stmt"/>
        <line num="920" count="89" type="stmt"/>
        <line num="921" count="89" type="stmt"/>
        <line num="928" count="66" type="cond" truecount="1" falsecount="1"/>
        <line num="934" count="66" type="stmt"/>
        <line num="943" count="85" type="stmt"/>
        <line num="945" count="85" type="stmt"/>
        <line num="946" count="85" type="stmt"/>
        <line num="947" count="42" type="stmt"/>
        <line num="954" count="42" type="stmt"/>
        <line num="956" count="43" type="cond" truecount="1" falsecount="1"/>
        <line num="957" count="43" type="stmt"/>
        <line num="965" count="43" type="stmt"/>
        <line num="970" count="6" type="stmt"/>
        <line num="971" count="6" type="stmt"/>
        <line num="972" count="10" type="stmt"/>
        <line num="974" count="6" type="stmt"/>
        <line num="983" count="1" type="cond" truecount="2" falsecount="1"/>
        <line num="984" count="1" type="stmt"/>
        <line num="987" count="0" type="stmt"/>
        <line num="988" count="0" type="stmt"/>
        <line num="989" count="0" type="stmt"/>
        <line num="991" count="0" type="stmt"/>
        <line num="992" count="0" type="stmt"/>
        <line num="993" count="0" type="stmt"/>
        <line num="994" count="0" type="cond" truecount="0" falsecount="1"/>
        <line num="995" count="0" type="stmt"/>
        <line num="997" count="0" type="cond" truecount="0" falsecount="1"/>
        <line num="998" count="0" type="stmt"/>
        <line num="1001" count="0" type="stmt"/>
        <line num="1002" count="0" type="stmt"/>
        <line num="1004" count="0" type="stmt"/>
        <line num="1005" count="0" type="cond" truecount="0" falsecount="2"/>
        <line num="1006" count="0" type="stmt"/>
        <line num="1014" count="0" type="stmt"/>
        <line num="1022" count="1" type="stmt"/>
        <line num="1024" count="1" type="stmt"/>
        <line num="1025" count="1" type="stmt"/>
        <line num="1031" count="1" type="stmt"/>
        <line num="1032" count="1" type="stmt"/>
        <line num="1033" count="1" type="stmt"/>
        <line num="1040" count="1" type="stmt"/>
        <line num="1047" count="0" type="cond" truecount="0" falsecount="1"/>
        <line num="1048" count="0" type="stmt"/>
        <line num="1051" count="0" type="cond" truecount="0" falsecount="2"/>
        <line num="1052" count="0" type="stmt"/>
        <line num="1057" count="0" type="stmt"/>
        <line num="1062" count="54" type="cond" truecount="6" falsecount="1"/>
        <line num="1063" count="6" type="stmt"/>
        <line num="1066" count="48" type="stmt"/>
        <line num="1067" count="48" type="stmt"/>
        <line num="1068" count="48" type="cond" truecount="1" falsecount="0"/>
        <line num="1069" count="43" type="stmt"/>
        <line num="1070" count="43" type="stmt"/>
        <line num="1072" count="5" type="cond" truecount="1" falsecount="0"/>
        <line num="1073" count="5" type="stmt"/>
        <line num="1074" count="5" type="stmt"/>
        <line num="1077" count="0" type="stmt"/>
        <line num="1080" count="0" type="stmt"/>
        <line num="1086" count="0" type="cond" truecount="0" falsecount="1"/>
        <line num="1087" count="0" type="stmt"/>
        <line num="1089" count="0" type="cond" truecount="0" falsecount="1"/>
        <line num="1090" count="0" type="stmt"/>
        <line num="1092" count="0" type="stmt"/>
        <line num="1099" count="2" type="stmt"/>
        <line num="1100" count="2" type="stmt"/>
        <line num="1101" count="2" type="stmt"/>
        <line num="1102" count="2" type="cond" truecount="1" falsecount="1"/>
        <line num="1103" count="2" type="cond" truecount="3" falsecount="1"/>
        <line num="1105" count="2" type="cond" truecount="3" falsecount="0"/>
        <line num="1106" count="2" type="stmt"/>
        <line num="1108" count="2" type="cond" truecount="1" falsecount="0"/>
        <line num="1109" count="2" type="stmt"/>
        <line num="1112" count="2" type="stmt"/>
        <line num="1113" count="2" type="stmt"/>
        <line num="1115" count="2" type="stmt"/>
        <line num="1116" count="2" type="cond" truecount="2" falsecount="1"/>
        <line num="1117" count="0" type="stmt"/>
        <line num="1119" count="2" type="stmt"/>
        <line num="1122" count="2" type="stmt"/>
        <line num="1123" count="1" type="cond" truecount="0" falsecount="1"/>
        <line num="1124" count="0" type="stmt"/>
        <line num="1126" count="1" type="stmt"/>
        <line num="1127" count="1" type="stmt"/>
        <line num="1128" count="1" type="stmt"/>
        <line num="1131" count="2" type="stmt"/>
        <line num="1132" count="1" type="cond" truecount="0" falsecount="1"/>
        <line num="1133" count="0" type="stmt"/>
        <line num="1135" count="1" type="stmt"/>
        <line num="1136" count="1" type="stmt"/>
        <line num="1137" count="1" type="stmt"/>
        <line num="1140" count="2" type="stmt"/>
        <line num="1148" count="1" type="stmt"/>
        <line num="1149" count="1" type="stmt"/>
        <line num="1150" count="1" type="stmt"/>
        <line num="1151" count="1" type="cond" truecount="3" falsecount="1"/>
        <line num="1153" count="1" type="stmt"/>
        <line num="1154" count="0" type="cond" truecount="0" falsecount="2"/>
        <line num="1155" count="0" type="cond" truecount="0" falsecount="2"/>
        <line num="1156" count="0" type="stmt"/>
        <line num="1165" count="0" type="stmt"/>
        <line num="1168" count="1" type="stmt"/>
        <line num="1169" count="1" type="cond" truecount="1" falsecount="1"/>
        <line num="1171" count="1" type="stmt"/>
        <line num="1172" count="1" type="stmt"/>
        <line num="1173" count="1" type="stmt"/>
        <line num="1174" count="1" type="stmt"/>
        <line num="1181" count="1" type="stmt"/>
        <line num="1188" count="1" type="stmt"/>
        <line num="1189" count="1" type="stmt"/>
        <line num="1190" count="0" type="stmt"/>
        <line num="1192" count="1" type="stmt"/>
        <line num="1193" count="0" type="cond" truecount="0" falsecount="1"/>
        <line num="1194" count="0" type="stmt"/>
        <line num="1199" count="2" type="stmt"/>
        <line num="1200" count="1" type="cond" truecount="1" falsecount="1"/>
        <line num="1201" count="1" type="stmt"/>
        <line num="1206" count="1" type="stmt"/>
        <line num="1209" count="2" type="cond" truecount="3" falsecount="2"/>
        <line num="1210" count="0" type="stmt"/>
        <line num="1211" count="0" type="stmt"/>
        <line num="1212" count="0" type="stmt"/>
        <line num="1218" count="0" type="stmt"/>
        <line num="1221" count="2" type="stmt"/>
        <line num="1222" count="0" type="stmt"/>
        <line num="1223" count="0" type="stmt"/>
        <line num="1224" count="0" type="stmt"/>
        <line num="1232" count="2" type="cond" truecount="0" falsecount="1"/>
        <line num="1233" count="0" type="stmt"/>
        <line num="1236" count="2" type="cond" truecount="1" falsecount="0"/>
        <line num="1237" count="2" type="stmt"/>
        <line num="1240" count="2" type="stmt"/>
        <line num="1253" count="13" type="stmt"/>
        <line num="1255" count="13" type="stmt"/>
        <line num="1256" count="13" type="stmt"/>
        <line num="1257" count="13" type="stmt"/>
        <line num="1265" count="13" type="cond" truecount="4" falsecount="0"/>
        <line num="1266" count="10" type="cond" truecount="1" falsecount="2"/>
        <line num="1267" count="0" type="stmt"/>
        <line num="1282" count="10" type="stmt"/>
        <line num="1298" count="3" type="stmt"/>
        <line num="1315" count="2" type="stmt"/>
        <line num="1316" count="2" type="cond" truecount="0" falsecount="1"/>
        <line num="1317" count="0" type="cond" truecount="0" falsecount="2"/>
        <line num="1320" count="2" type="cond" truecount="1" falsecount="1"/>
        <line num="1321" count="2" type="stmt"/>
        <line num="1322" count="2" type="stmt"/>
        <line num="1339" count="2" type="stmt"/>
        <line num="1340" count="2" type="stmt"/>
        <line num="1342" count="2" type="stmt"/>
        <line num="1343" count="2" type="stmt"/>
        <line num="1349" count="2" type="stmt"/>
        <line num="1351" count="2" type="cond" truecount="3" falsecount="0"/>
        <line num="1352" count="1" type="stmt"/>
        <line num="1353" count="1" type="stmt"/>
        <line num="1360" count="1" type="stmt"/>
        <line num="1368" count="1" type="stmt"/>
        <line num="1369" count="1" type="stmt"/>
        <line num="1370" count="1" type="stmt"/>
        <line num="1372" count="1" type="stmt"/>
        <line num="1373" count="1" type="stmt"/>
        <line num="1374" count="5" type="stmt"/>
        <line num="1375" count="5" type="cond" truecount="1" falsecount="0"/>
        <line num="1376" count="1" type="stmt"/>
        <line num="1378" count="4" type="cond" truecount="1" falsecount="0"/>
        <line num="1379" count="4" type="stmt"/>
        <line num="1380" count="4" type="cond" truecount="1" falsecount="0"/>
        <line num="1381" count="4" type="stmt"/>
        <line num="1382" count="4" type="stmt"/>
        <line num="1383" count="4" type="stmt"/>
        <line num="1388" count="1" type="stmt"/>
        <line num="1389" count="1" type="cond" truecount="0" falsecount="1"/>
        <line num="1390" count="0" type="stmt"/>
        <line num="1391" count="0" type="stmt"/>
        <line num="1394" count="1" type="stmt"/>
        <line num="1404" count="0" type="stmt"/>
        <line num="1405" count="0" type="cond" truecount="0" falsecount="1"/>
        <line num="1406" count="0" type="stmt"/>
        <line num="1407" count="0" type="stmt"/>
        <line num="1409" count="0" type="stmt"/>
        <line num="1419" count="1" type="cond" truecount="1" falsecount="0"/>
        <line num="1420" count="1" type="stmt"/>
        <line num="1424" count="0" type="cond" truecount="0" falsecount="1"/>
        <line num="1425" count="0" type="stmt"/>
        <line num="1428" count="0" type="cond" truecount="0" falsecount="2"/>
        <line num="1429" count="0" type="stmt"/>
        <line num="1434" count="0" type="stmt"/>
        <line num="1443" count="21" type="stmt"/>
        <line num="1444" count="21" type="stmt"/>
        <line num="1445" count="21" type="stmt"/>
        <line num="1446" count="21" type="stmt"/>
        <line num="1447" count="21" type="cond" truecount="2" falsecount="0"/>
        <line num="1448" count="21" type="cond" truecount="3" falsecount="1"/>
        <line num="1450" count="21" type="cond" truecount="3" falsecount="0"/>
        <line num="1451" count="21" type="stmt"/>
        <line num="1453" count="21" type="cond" truecount="1" falsecount="0"/>
        <line num="1454" count="21" type="stmt"/>
        <line num="1457" count="21" type="stmt"/>
        <line num="1458" count="21" type="stmt"/>
        <line num="1460" count="21" type="stmt"/>
        <line num="1461" count="21" type="cond" truecount="2" falsecount="1"/>
        <line num="1462" count="0" type="stmt"/>
        <line num="1464" count="21" type="stmt"/>
        <line num="1467" count="21" type="stmt"/>
        <line num="1468" count="9" type="cond" truecount="0" falsecount="1"/>
        <line num="1469" count="0" type="stmt"/>
        <line num="1471" count="9" type="stmt"/>
        <line num="1472" count="9" type="stmt"/>
        <line num="1473" count="9" type="stmt"/>
        <line num="1476" count="21" type="stmt"/>
        <line num="1477" count="12" type="cond" truecount="0" falsecount="1"/>
        <line num="1478" count="0" type="stmt"/>
        <line num="1480" count="12" type="stmt"/>
        <line num="1481" count="12" type="stmt"/>
        <line num="1482" count="12" type="stmt"/>
        <line num="1485" count="21" type="stmt"/>
        <line num="1493" count="14" type="stmt"/>
        <line num="1494" count="14" type="stmt"/>
        <line num="1495" count="14" type="cond" truecount="3" falsecount="1"/>
        <line num="1496" count="14" type="stmt"/>
        <line num="1498" count="14" type="stmt"/>
        <line num="1499" count="2" type="stmt"/>
        <line num="1510" count="14" type="stmt"/>
        <line num="1511" count="42" type="stmt"/>
        <line num="1512" count="42" type="cond" truecount="1" falsecount="1"/>
        <line num="1513" count="42" type="stmt"/>
        <line num="1514" count="42" type="stmt"/>
        <line num="1515" count="42" type="stmt"/>
        <line num="1517" count="0" type="stmt"/>
        <line num="1520" count="14" type="stmt"/>
        <line num="1521" count="12" type="stmt"/>
        <line num="1522" count="12" type="stmt"/>
        <line num="1523" count="12" type="stmt"/>
        <line num="1533" count="0" type="stmt"/>
        <line num="1536" count="14" type="stmt"/>
        <line num="1537" count="14" type="stmt"/>
        <line num="1538" count="0" type="stmt"/>
        <line num="1540" count="14" type="stmt"/>
        <line num="1541" count="0" type="cond" truecount="0" falsecount="1"/>
        <line num="1542" count="0" type="stmt"/>
        <line num="1547" count="21" type="stmt"/>
        <line num="1548" count="7" type="cond" truecount="1" falsecount="1"/>
        <line num="1549" count="7" type="stmt"/>
        <line num="1554" count="7" type="stmt"/>
        <line num="1557" count="21" type="cond" truecount="3" falsecount="2"/>
        <line num="1558" count="0" type="stmt"/>
        <line num="1559" count="0" type="stmt"/>
        <line num="1560" count="0" type="stmt"/>
        <line num="1566" count="0" type="stmt"/>
        <line num="1569" count="21" type="stmt"/>
        <line num="1570" count="0" type="stmt"/>
        <line num="1571" count="0" type="stmt"/>
        <line num="1572" count="0" type="stmt"/>
        <line num="1580" count="21" type="cond" truecount="0" falsecount="1"/>
        <line num="1581" count="0" type="stmt"/>
        <line num="1584" count="21" type="cond" truecount="1" falsecount="0"/>
        <line num="1585" count="21" type="stmt"/>
        <line num="1588" count="21" type="stmt"/>
        <line num="1593" count="41" type="stmt"/>
        <line num="1600" count="41" type="stmt"/>
        <line num="1609" count="41" type="stmt"/>
        <line num="1610" count="38" type="stmt"/>
        <line num="1611" count="38" type="stmt"/>
        <line num="1613" count="19" type="cond" truecount="1" falsecount="1"/>
        <line num="1614" count="19" type="stmt"/>
        <line num="1615" count="19" type="cond" truecount="2" falsecount="0"/>
        <line num="1621" count="19" type="cond" truecount="2" falsecount="1"/>
        <line num="1622" count="0" type="stmt"/>
        <line num="1625" count="19" type="cond" truecount="1" falsecount="0"/>
        <line num="1626" count="19" type="stmt"/>
        <line num="1631" count="19" type="stmt"/>
        <line num="1632" count="19" type="cond" truecount="2" falsecount="0"/>
        <line num="1635" count="13" type="stmt"/>
        <line num="1640" count="6" type="stmt"/>
        <line num="1648" count="41" type="cond" truecount="1" falsecount="0"/>
        <line num="1649" count="37" type="stmt"/>
        <line num="1652" count="4" type="cond" truecount="1" falsecount="1"/>
        <line num="1658" count="4" type="cond" truecount="0" falsecount="1"/>
        <line num="1659" count="0" type="stmt"/>
        <line num="1662" count="4" type="cond" truecount="1" falsecount="0"/>
        <line num="1663" count="4" type="stmt"/>
        <line num="1668" count="4" type="stmt"/>
        <line num="1669" count="4" type="cond" truecount="1" falsecount="1"/>
        <line num="1673" count="3" type="cond" truecount="1" falsecount="0"/>
        <line num="1674" count="1" type="stmt"/>
        <line num="1677" count="2" type="cond" truecount="1" falsecount="1"/>
        <line num="1678" count="2" type="stmt"/>
        <line num="1680" count="2" type="cond" truecount="1" falsecount="0"/>
        <line num="1681" count="2" type="stmt"/>
        <line num="1686" count="2" type="stmt"/>
        <line num="1687" count="2" type="cond" truecount="1" falsecount="1"/>
        <line num="1690" count="1" type="stmt"/>
        <line num="1695" count="1" type="cond" truecount="0" falsecount="1"/>
        <line num="1696" count="0" type="stmt"/>
        <line num="1702" count="1" type="cond" truecount="1" falsecount="1"/>
        <line num="1703" count="1" type="stmt"/>
        <line num="1705" count="1" type="cond" truecount="1" falsecount="0"/>
        <line num="1706" count="1" type="stmt"/>
        <line num="1711" count="1" type="stmt"/>
        <line num="1712" count="1" type="stmt"/>
        <line num="1713" count="1" type="stmt"/>
        <line num="1718" count="0" type="stmt"/>
        <line num="1737" count="8" type="stmt"/>
        <line num="1738" count="8" type="stmt"/>
        <line num="1739" count="8" type="stmt"/>
        <line num="1747" count="8" type="stmt"/>
        <line num="1765" count="2" type="stmt"/>
        <line num="1766" count="2" type="cond" truecount="0" falsecount="1"/>
        <line num="1767" count="0" type="cond" truecount="0" falsecount="2"/>
        <line num="1770" count="2" type="cond" truecount="1" falsecount="1"/>
        <line num="1771" count="2" type="stmt"/>
        <line num="1789" count="3" type="stmt"/>
        <line num="1790" count="3" type="stmt"/>
        <line num="1792" count="3" type="stmt"/>
        <line num="1793" count="3" type="stmt"/>
        <line num="1799" count="3" type="stmt"/>
        <line num="1800" count="3" type="stmt"/>
        <line num="1802" count="3" type="cond" truecount="2" falsecount="1"/>
        <line num="1803" count="0" type="stmt"/>
        <line num="1804" count="0" type="stmt"/>
        <line num="1816" count="3" type="stmt"/>
        <line num="1817" count="3" type="stmt"/>
        <line num="1819" count="3" type="stmt"/>
        <line num="1820" count="3" type="stmt"/>
        <line num="1821" count="13" type="stmt"/>
        <line num="1822" count="12" type="cond" truecount="1" falsecount="0"/>
        <line num="1823" count="2" type="stmt"/>
        <line num="1825" count="10" type="cond" truecount="1" falsecount="0"/>
        <line num="1826" count="10" type="stmt"/>
        <line num="1830" count="2" type="stmt"/>
        <line num="1831" count="2" type="cond" truecount="0" falsecount="1"/>
        <line num="1832" count="0" type="stmt"/>
        <line num="1835" count="2" type="stmt"/>
        <line num="1846" count="1" type="stmt"/>
        <line num="1847" count="1" type="cond" truecount="0" falsecount="1"/>
        <line num="1848" count="0" type="stmt"/>
        <line num="1850" count="1" type="stmt"/>
        <line num="1861" count="3" type="cond" truecount="1" falsecount="0"/>
        <line num="1862" count="3" type="stmt"/>
        <line num="1866" count="1" type="cond" truecount="1" falsecount="0"/>
        <line num="1867" count="1" type="stmt"/>
        <line num="1870" count="0" type="cond" truecount="0" falsecount="2"/>
        <line num="1871" count="0" type="stmt"/>
        <line num="1876" count="0" type="stmt"/>
        <line num="1886" count="10" type="stmt"/>
        <line num="1887" count="10" type="stmt"/>
        <line num="1888" count="10" type="stmt"/>
        <line num="1889" count="10" type="stmt"/>
        <line num="1890" count="10" type="cond" truecount="2" falsecount="0"/>
        <line num="1891" count="10" type="cond" truecount="3" falsecount="1"/>
        <line num="1893" count="10" type="cond" truecount="3" falsecount="0"/>
        <line num="1894" count="10" type="stmt"/>
        <line num="1896" count="10" type="cond" truecount="1" falsecount="0"/>
        <line num="1897" count="10" type="stmt"/>
        <line num="1900" count="10" type="stmt"/>
        <line num="1901" count="10" type="stmt"/>
        <line num="1903" count="10" type="stmt"/>
        <line num="1904" count="10" type="cond" truecount="2" falsecount="1"/>
        <line num="1905" count="0" type="stmt"/>
        <line num="1907" count="10" type="stmt"/>
        <line num="1910" count="10" type="stmt"/>
        <line num="1911" count="4" type="cond" truecount="0" falsecount="1"/>
        <line num="1912" count="0" type="stmt"/>
        <line num="1914" count="4" type="stmt"/>
        <line num="1915" count="4" type="stmt"/>
        <line num="1916" count="4" type="stmt"/>
        <line num="1919" count="10" type="stmt"/>
        <line num="1920" count="6" type="cond" truecount="0" falsecount="1"/>
        <line num="1921" count="0" type="stmt"/>
        <line num="1923" count="6" type="stmt"/>
        <line num="1924" count="6" type="stmt"/>
        <line num="1925" count="6" type="stmt"/>
        <line num="1928" count="10" type="stmt"/>
        <line num="1936" count="7" type="stmt"/>
        <line num="1937" count="7" type="stmt"/>
        <line num="1938" count="7" type="cond" truecount="3" falsecount="1"/>
        <line num="1939" count="7" type="stmt"/>
        <line num="1941" count="7" type="stmt"/>
        <line num="1942" count="1" type="stmt"/>
        <line num="1954" count="7" type="stmt"/>
        <line num="1955" count="18" type="stmt"/>
        <line num="1956" count="18" type="cond" truecount="1" falsecount="1"/>
        <line num="1958" count="0" type="stmt"/>
        <line num="1961" count="7" type="stmt"/>
        <line num="1962" count="6" type="stmt"/>
        <line num="1963" count="6" type="stmt"/>
        <line num="1964" count="6" type="stmt"/>
        <line num="1975" count="0" type="stmt"/>
        <line num="1978" count="7" type="stmt"/>
        <line num="1979" count="7" type="stmt"/>
        <line num="1980" count="0" type="stmt"/>
        <line num="1982" count="7" type="stmt"/>
        <line num="1983" count="0" type="cond" truecount="0" falsecount="1"/>
        <line num="1984" count="0" type="stmt"/>
        <line num="1989" count="10" type="stmt"/>
        <line num="1990" count="3" type="cond" truecount="1" falsecount="1"/>
        <line num="1991" count="3" type="stmt"/>
        <line num="1996" count="3" type="stmt"/>
        <line num="1999" count="10" type="cond" truecount="3" falsecount="2"/>
        <line num="2000" count="0" type="stmt"/>
        <line num="2001" count="0" type="stmt"/>
        <line num="2002" count="0" type="stmt"/>
        <line num="2008" count="0" type="stmt"/>
        <line num="2011" count="10" type="stmt"/>
        <line num="2012" count="0" type="stmt"/>
        <line num="2013" count="0" type="stmt"/>
        <line num="2014" count="0" type="stmt"/>
        <line num="2022" count="10" type="cond" truecount="0" falsecount="1"/>
        <line num="2023" count="0" type="stmt"/>
        <line num="2026" count="10" type="cond" truecount="1" falsecount="0"/>
        <line num="2027" count="10" type="stmt"/>
        <line num="2030" count="10" type="stmt"/>
        <line num="2042" count="19" type="stmt"/>
        <line num="2043" count="19" type="stmt"/>
        <line num="2045" count="13" type="cond" truecount="1" falsecount="1"/>
        <line num="2046" count="13" type="stmt"/>
        <line num="2047" count="13" type="cond" truecount="2" falsecount="0"/>
        <line num="2053" count="13" type="cond" truecount="2" falsecount="1"/>
        <line num="2054" count="0" type="stmt"/>
        <line num="2057" count="13" type="cond" truecount="1" falsecount="0"/>
        <line num="2058" count="13" type="stmt"/>
        <line num="2063" count="13" type="stmt"/>
        <line num="2064" count="13" type="cond" truecount="2" falsecount="0"/>
        <line num="2067" count="8" type="stmt"/>
        <line num="2072" count="5" type="stmt"/>
        <line num="2086" count="0" type="stmt"/>
        <line num="2087" count="0" type="stmt"/>
        <line num="2089" count="0" type="cond" truecount="0" falsecount="2"/>
        <line num="2090" count="0" type="stmt"/>
        <line num="2091" count="0" type="cond" truecount="0" falsecount="2"/>
        <line num="2097" count="0" type="cond" truecount="0" falsecount="3"/>
        <line num="2098" count="0" type="stmt"/>
        <line num="2101" count="0" type="cond" truecount="0" falsecount="1"/>
        <line num="2102" count="0" type="stmt"/>
        <line num="2107" count="0" type="stmt"/>
        <line num="2108" count="0" type="cond" truecount="0" falsecount="2"/>
        <line num="2111" count="0" type="stmt"/>
        <line num="2116" count="0" type="stmt"/>
        <line num="2133" count="47" type="cond" truecount="4" falsecount="0"/>
        <line num="2134" count="47" type="stmt"/>
        <line num="2139" count="47" type="stmt"/>
        <line num="2140" count="47" type="cond" truecount="6" falsecount="0"/>
        <line num="2141" count="47" type="cond" truecount="2" falsecount="0"/>
        <line num="2142" count="47" type="cond" truecount="4" falsecount="0"/>
        <line num="2145" count="47" type="stmt"/>
        <line num="2146" count="47" type="stmt"/>
        <line num="2148" count="47" type="cond" truecount="1" falsecount="0"/>
        <line num="2149" count="4" type="cond" truecount="3" falsecount="0"/>
        <line num="2150" count="4" type="stmt"/>
        <line num="2152" count="4" type="cond" truecount="3" falsecount="0"/>
        <line num="2153" count="2" type="stmt"/>
        <line num="2155" count="4" type="cond" truecount="1" falsecount="0"/>
        <line num="2156" count="2" type="stmt"/>
        <line num="2158" count="4" type="cond" truecount="1" falsecount="0"/>
        <line num="2159" count="2" type="stmt"/>
        <line num="2161" count="4" type="cond" truecount="1" falsecount="0"/>
        <line num="2162" count="4" type="stmt"/>
        <line num="2164" count="4" type="stmt"/>
        <line num="2167" count="43" type="cond" truecount="3" falsecount="0"/>
        <line num="2168" count="43" type="stmt"/>
        <line num="2171" count="43" type="cond" truecount="2" falsecount="0"/>
        <line num="2172" count="42" type="cond" truecount="1" falsecount="0"/>
        <line num="2173" count="42" type="stmt"/>
        <line num="2175" count="1" type="cond" truecount="1" falsecount="2"/>
        <line num="2176" count="0" type="stmt"/>
        <line num="2179" count="43" type="cond" truecount="1" falsecount="0"/>
        <line num="2180" count="1" type="stmt"/>
        <line num="2183" count="43" type="cond" truecount="1" falsecount="0"/>
        <line num="2184" count="1" type="stmt"/>
        <line num="2187" count="43" type="stmt"/>
        <line num="2191" count="29" type="cond" truecount="6" falsecount="2"/>
        <line num="2192" count="29" type="cond" truecount="3" falsecount="1"/>
        <line num="2193" count="0" type="cond" truecount="0" falsecount="6"/>
        <line num="2194" count="0" type="cond" truecount="0" falsecount="6"/>
        <line num="2195" count="0" type="stmt"/>
        <line num="2198" count="29" type="cond" truecount="3" falsecount="1"/>
        <line num="2199" count="29" type="cond" truecount="3" falsecount="1"/>
        <line num="2200" count="29" type="cond" truecount="5" falsecount="1"/>
        <line num="2206" count="29" type="stmt"/>
        <line num="2207" count="29" type="cond" truecount="1" falsecount="0"/>
        <line num="2208" count="28" type="stmt"/>
        <line num="2211" count="1" type="cond" truecount="1" falsecount="0"/>
        <line num="2212" count="1" type="cond" truecount="3" falsecount="1"/>
        <line num="2213" count="1" type="cond" truecount="1" falsecount="0"/>
        <line num="2214" count="1" type="stmt"/>
        <line num="2218" count="0" type="stmt"/>
        <line num="2221" count="0" type="cond" truecount="0" falsecount="7"/>
        <line num="2222" count="0" type="stmt"/>
        <line num="2225" count="0" type="stmt"/>
        <line num="2229" count="0" type="cond" truecount="0" falsecount="2"/>
        <line num="2230" count="0" type="stmt"/>
        <line num="2231" count="0" type="stmt"/>
        <line num="2232" count="0" type="stmt"/>
        <line num="2233" count="0" type="cond" truecount="0" falsecount="9"/>
        <line num="2234" count="0" type="stmt"/>
        <line num="2236" count="0" type="stmt"/>
        <line num="2240" count="13" type="stmt"/>
        <line num="2243" count="13" type="stmt"/>
        <line num="2244" count="13" type="cond" truecount="6" falsecount="2"/>
        <line num="2246" count="13" type="cond" truecount="1" falsecount="0"/>
        <line num="2248" count="3" type="stmt"/>
        <line num="2250" count="3" type="stmt"/>
        <line num="2251" count="3" type="stmt"/>
        <line num="2257" count="3" type="stmt"/>
        <line num="2258" count="5" type="stmt"/>
        <line num="2262" count="0" type="stmt"/>
        <line num="2265" count="3" type="cond" truecount="4" falsecount="0"/>
        <line num="2266" count="2" type="stmt"/>
        <line num="2270" count="11" type="stmt"/>
        <line num="2271" count="11" type="stmt"/>
        <line num="2281" count="11" type="stmt"/>
        <line num="2288" count="11" type="stmt"/>
        <line num="2289" count="15" type="stmt"/>
        <line num="2293" count="11" type="cond" truecount="2" falsecount="1"/>
        <line num="2294" count="0" type="stmt"/>
        <line num="2295" count="0" type="cond" truecount="0" falsecount="3"/>
        <line num="2296" count="0" type="stmt"/>
        <line num="2298" count="0" type="stmt"/>
        <line num="2301" count="11" type="stmt"/>
        <line num="2312" count="17" type="cond" truecount="1" falsecount="0"/>
        <line num="2313" count="17" type="stmt"/>
        <line num="2314" count="17" type="stmt"/>
        <line num="2316" count="17" type="cond" truecount="4" falsecount="1"/>
        <line num="2317" count="13" type="stmt"/>
        <line num="2323" count="4" type="stmt"/>
        <line num="2325" count="4" type="cond" truecount="7" falsecount="2"/>
        <line num="2327" count="1" type="stmt"/>
        <line num="2328" count="1" type="stmt"/>
        <line num="2339" count="1" type="stmt"/>
        <line num="2340" count="2" type="stmt"/>
        <line num="2343" count="1" type="cond" truecount="2" falsecount="1"/>
        <line num="2344" count="0" type="stmt"/>
        <line num="2345" count="0" type="cond" truecount="0" falsecount="3"/>
        <line num="2346" count="0" type="stmt"/>
        <line num="2348" count="0" type="stmt"/>
        <line num="2351" count="1" type="stmt"/>
        <line num="2354" count="1" type="stmt"/>
        <line num="2355" count="1" type="stmt"/>
        <line num="2356" count="1" type="stmt"/>
        <line num="2357" count="1" type="stmt"/>
        <line num="2362" count="1" type="stmt"/>
        <line num="2367" count="1" type="stmt"/>
        <line num="2368" count="1" type="stmt"/>
        <line num="2369" count="2" type="stmt"/>
        <line num="2372" count="1" type="cond" truecount="2" falsecount="1"/>
        <line num="2373" count="1" type="stmt"/>
        <line num="2376" count="1" type="stmt"/>
        <line num="2377" count="1" type="stmt"/>
        <line num="2378" count="1" type="stmt"/>
        <line num="2379" count="1" type="stmt"/>
        <line num="2380" count="1" type="stmt"/>
        <line num="2381" count="1" type="stmt"/>
        <line num="2382" count="1" type="stmt"/>
        <line num="2383" count="2" type="stmt"/>
        <line num="2386" count="1" type="cond" truecount="2" falsecount="1"/>
        <line num="2387" count="1" type="stmt"/>
        <line num="2389" count="1" type="cond" truecount="3" falsecount="1"/>
        <line num="2390" count="1" type="stmt"/>
        <line num="2391" count="1" type="stmt"/>
        <line num="2392" count="1" type="stmt"/>
        <line num="2393" count="1" type="stmt"/>
        <line num="2395" count="1" type="cond" truecount="2" falsecount="0"/>
        <line num="2396" count="1" type="stmt"/>
        <line num="2397" count="1" type="cond" truecount="1" falsecount="0"/>
        <line num="2398" count="1" type="stmt"/>
        <line num="2399" count="1" type="stmt"/>
        <line num="2401" count="1" type="stmt"/>
        <line num="2402" count="1" type="stmt"/>
        <line num="2404" count="1" type="stmt"/>
        <line num="2405" count="2" type="stmt"/>
        <line num="2408" count="1" type="cond" truecount="2" falsecount="1"/>
        <line num="2409" count="1" type="stmt"/>
        <line num="2412" count="0" type="stmt"/>
        <line num="2415" count="0" type="cond" truecount="0" falsecount="2"/>
        <line num="2416" count="0" type="stmt"/>
        <line num="2418" count="0" type="stmt"/>
        <line num="2419" count="0" type="cond" truecount="0" falsecount="1"/>
        <line num="2420" count="0" type="stmt"/>
        <line num="2421" count="0" type="cond" truecount="0" falsecount="1"/>
        <line num="2422" count="0" type="stmt"/>
        <line num="2425" count="0" type="stmt"/>
        <line num="2450" count="53" type="stmt"/>
        <line num="2451" count="53" type="stmt"/>
        <line num="2452" count="53" type="stmt"/>
        <line num="2453" count="53" type="cond" truecount="2" falsecount="0"/>
        <line num="2454" count="53" type="cond" truecount="2" falsecount="0"/>
        <line num="2455" count="53" type="stmt"/>
        <line num="2457" count="53" type="stmt"/>
        <line num="2458" count="60" type="cond" truecount="0" falsecount="1"/>
        <line num="2460" count="0" type="stmt"/>
        <line num="2463" count="60" type="stmt"/>
        <line num="2465" count="60" type="stmt"/>
        <line num="2467" count="14" type="cond" truecount="1" falsecount="1"/>
        <line num="2468" count="14" type="cond" truecount="1" falsecount="1"/>
        <line num="2469" count="14" type="stmt"/>
        <line num="2470" count="14" type="stmt"/>
        <line num="2473" count="14" type="cond" truecount="3" falsecount="1"/>
        <line num="2475" count="0" type="stmt"/>
        <line num="2478" count="14" type="stmt"/>
        <line num="2480" count="14" type="cond" truecount="4" falsecount="0"/>
        <line num="2481" count="10" type="stmt"/>
        <line num="2482" count="10" type="stmt"/>
        <line num="2483" count="10" type="stmt"/>
        <line num="2484" count="10" type="stmt"/>
        <line num="2491" count="14" type="stmt"/>
        <line num="2492" count="14" type="cond" truecount="2" falsecount="0"/>
        <line num="2493" count="14" type="cond" truecount="3" falsecount="3"/>
        <line num="2494" count="1" type="stmt"/>
        <line num="2497" count="13" type="stmt"/>
        <line num="2498" count="13" type="cond" truecount="1" falsecount="1"/>
        <line num="2499" count="13" type="cond" truecount="1" falsecount="2"/>
        <line num="2500" count="0" type="stmt"/>
        <line num="2501" count="0" type="stmt"/>
        <line num="2510" count="13" type="cond" truecount="0" falsecount="1"/>
        <line num="2512" count="0" type="stmt"/>
        <line num="2515" count="13" type="cond" truecount="1" falsecount="0"/>
        <line num="2516" count="7" type="stmt"/>
        <line num="2517" count="7" type="stmt"/>
        <line num="2519" count="7" type="stmt"/>
        <line num="2522" count="13" type="cond" truecount="1" falsecount="0"/>
        <line num="2523" count="6" type="stmt"/>
        <line num="2528" count="6" type="stmt"/>
        <line num="2529" count="6" type="cond" truecount="1" falsecount="1"/>
        <line num="2537" count="2" type="stmt"/>
        <line num="2538" count="2" type="stmt"/>
        <line num="2540" count="2" type="cond" truecount="3" falsecount="0"/>
        <line num="2541" count="2" type="stmt"/>
        <line num="2543" count="0" type="cond" truecount="0" falsecount="3"/>
        <line num="2544" count="0" type="stmt"/>
        <line num="2546" count="0" type="cond" truecount="0" falsecount="3"/>
        <line num="2547" count="0" type="stmt"/>
        <line num="2549" count="0" type="stmt"/>
        <line num="2551" count="0" type="stmt"/>
        <line num="2560" count="2" type="stmt"/>
        <line num="2561" count="8" type="stmt"/>
        <line num="2562" count="8" type="stmt"/>
        <line num="2564" count="8" type="stmt"/>
        <line num="2565" count="12" type="stmt"/>
        <line num="2566" count="12" type="stmt"/>
        <line num="2567" count="12" type="stmt"/>
        <line num="2568" count="12" type="cond" truecount="3" falsecount="0"/>
        <line num="2569" count="8" type="stmt"/>
        <line num="2571" count="12" type="cond" truecount="1" falsecount="0"/>
        <line num="2572" count="11" type="stmt"/>
        <line num="2574" count="12" type="cond" truecount="1" falsecount="0"/>
        <line num="2575" count="6" type="stmt"/>
        <line num="2577" count="12" type="cond" truecount="1" falsecount="0"/>
        <line num="2578" count="11" type="stmt"/>
        <line num="2580" count="12" type="stmt"/>
        <line num="2581" count="12" type="cond" truecount="3" falsecount="0"/>
        <line num="2582" count="5" type="stmt"/>
        <line num="2584" count="12" type="cond" truecount="1" falsecount="0"/>
        <line num="2585" count="3" type="stmt"/>
        <line num="2587" count="12" type="cond" truecount="2" falsecount="0"/>
        <line num="2588" count="6" type="stmt"/>
        <line num="2590" count="6" type="cond" truecount="0" falsecount="1"/>
        <line num="2591" count="0" type="stmt"/>
        <line num="2593" count="6" type="cond" truecount="0" falsecount="1"/>
        <line num="2594" count="0" type="stmt"/>
        <line num="2599" count="8" type="cond" truecount="2" falsecount="0"/>
        <line num="2600" count="8" type="cond" truecount="6" falsecount="1"/>
        <line num="2601" count="8" type="cond" truecount="2" falsecount="1"/>
        <line num="2602" count="0" type="stmt"/>
        <line num="2604" count="8" type="cond" truecount="1" falsecount="0"/>
        <line num="2605" count="7" type="stmt"/>
        <line num="2608" count="8" type="stmt"/>
        <line num="2619" count="2" type="stmt"/>
        <line num="2626" count="14" type="stmt"/>
        <line num="2627" count="14" type="stmt"/>
        <line num="2630" count="14" type="cond" truecount="2" falsecount="0"/>
        <line num="2631" count="12" type="stmt"/>
        <line num="2633" count="12" type="cond" truecount="0" falsecount="1"/>
        <line num="2634" count="0" type="stmt"/>
        <line num="2635" count="0" type="cond" truecount="0" falsecount="2"/>
        <line num="2637" count="2" type="cond" truecount="3" falsecount="1"/>
        <line num="2639" count="2" type="stmt"/>
        <line num="2640" count="2" type="cond" truecount="1" falsecount="3"/>
        <line num="2642" count="0" type="stmt"/>
        <line num="2646" count="14" type="cond" truecount="2" falsecount="0"/>
        <line num="2649" count="14" type="cond" truecount="1" falsecount="0"/>
        <line num="2650" count="5" type="cond" truecount="1" falsecount="0"/>
        <line num="2651" count="1" type="stmt"/>
        <line num="2653" count="5" type="cond" truecount="2" falsecount="0"/>
        <line num="2654" count="1" type="stmt"/>
        <line num="2655" count="4" type="cond" truecount="1" falsecount="0"/>
        <line num="2656" count="4" type="stmt"/>
        <line num="2659" count="5" type="stmt"/>
        <line num="2660" count="5" type="cond" truecount="1" falsecount="0"/>
        <line num="2661" count="5" type="stmt"/>
        <line num="2666" count="14" type="cond" truecount="2" falsecount="0"/>
        <line num="2667" count="2" type="stmt"/>
        <line num="2669" count="12" type="cond" truecount="1" falsecount="1"/>
        <line num="2676" count="60" type="cond" truecount="0" falsecount="1"/>
        <line num="2677" count="0" type="stmt"/>
        <line num="2679" count="60" type="stmt"/>
        <line num="2680" count="60" type="stmt"/>
        <line num="2681" count="60" type="stmt"/>
        <line num="2685" count="1" type="stmt"/>
        <line num="2689" count="1" type="stmt"/>
        <line num="2693" count="7" type="cond" truecount="0" falsecount="1"/>
        <line num="2694" count="7" type="stmt"/>
        <line num="2695" count="7" type="stmt"/>
        <line num="2696" count="7" type="stmt"/>
        <line num="2703" count="7" type="stmt"/>
        <line num="2704" count="7" type="stmt"/>
        <line num="2709" count="7" type="stmt"/>
        <line num="2711" count="7" type="stmt"/>
        <line num="2712" count="7" type="stmt"/>
        <line num="2714" count="7" type="stmt"/>
        <line num="2715" count="7" type="stmt"/>
        <line num="2738" count="2" type="stmt"/>
        <line num="2741" count="5" type="cond" truecount="0" falsecount="1"/>
        <line num="2742" count="5" type="cond" truecount="2" falsecount="1"/>
        <line num="2743" count="0" type="stmt"/>
        <line num="2745" count="5" type="stmt"/>
        <line num="2746" count="5" type="cond" truecount="0" falsecount="1"/>
        <line num="2747" count="5" type="cond" truecount="6" falsecount="3"/>
        <line num="2748" count="5" type="stmt"/>
        <line num="2750" count="7" type="cond" truecount="3" falsecount="0"/>
        <line num="2751" count="7" type="stmt"/>
        <line num="2757" count="5" type="cond" truecount="0" falsecount="1"/>
        <line num="2758" count="5" type="stmt"/>
        <line num="2759" count="5" type="stmt"/>
        <line num="2760" count="5" type="stmt"/>
        <line num="2761" count="5" type="stmt"/>
        <line num="2762" count="5" type="stmt"/>
        <line num="2763" count="5" type="stmt"/>
        <line num="2767" count="5" type="stmt"/>
        <line num="2769" count="5" type="stmt"/>
        <line num="2771" count="5" type="stmt"/>
        <line num="2772" count="5" type="stmt"/>
        <line num="2774" count="5" type="stmt"/>
        <line num="2775" count="5" type="stmt"/>
        <line num="2792" count="1" type="stmt"/>
        <line num="2795" count="4" type="cond" truecount="0" falsecount="1"/>
        <line num="2796" count="4" type="cond" truecount="2" falsecount="1"/>
        <line num="2797" count="0" type="stmt"/>
        <line num="2799" count="4" type="stmt"/>
        <line num="2800" count="4" type="cond" truecount="0" falsecount="1"/>
        <line num="2801" count="4" type="cond" truecount="15" falsecount="6"/>
        <line num="2802" count="4" type="stmt"/>
        <line num="2804" count="5" type="cond" truecount="3" falsecount="0"/>
        <line num="2805" count="5" type="stmt"/>
        <line num="2811" count="1" type="stmt"/>
        <line num="2815" count="5" type="cond" truecount="0" falsecount="1"/>
        <line num="2816" count="5" type="cond" truecount="2" falsecount="1"/>
        <line num="2817" count="5" type="stmt"/>
        <line num="2818" count="5" type="stmt"/>
        <line num="2819" count="5" type="stmt"/>
        <line num="2824" count="5" type="stmt"/>
        <line num="2825" count="5" type="stmt"/>
        <line num="2830" count="5" type="stmt"/>
        <line num="2832" count="5" type="stmt"/>
        <line num="2833" count="5" type="stmt"/>
        <line num="2835" count="5" type="stmt"/>
        <line num="2836" count="5" type="stmt"/>
        <line num="2844" count="1" type="stmt"/>
        <line num="2847" count="4" type="cond" truecount="0" falsecount="1"/>
        <line num="2848" count="4" type="cond" truecount="2" falsecount="1"/>
        <line num="2849" count="0" type="stmt"/>
        <line num="2851" count="4" type="stmt"/>
        <line num="2852" count="4" type="cond" truecount="0" falsecount="1"/>
        <line num="2853" count="4" type="cond" truecount="9" falsecount="4"/>
        <line num="2854" count="4" type="stmt"/>
        <line num="2856" count="5" type="cond" truecount="3" falsecount="0"/>
        <line num="2857" count="5" type="stmt"/>
        <line num="2863" count="1" type="stmt"/>
        <line num="2868" count="7" type="stmt"/>
        <line num="2869" count="7" type="stmt"/>
        <line num="2870" count="7" type="stmt"/>
        <line num="2876" count="7" type="stmt"/>
        <line num="2877" count="7" type="stmt"/>
        <line num="2882" count="7" type="stmt"/>
        <line num="2884" count="7" type="stmt"/>
        <line num="2885" count="7" type="stmt"/>
        <line num="2887" count="7" type="stmt"/>
        <line num="2888" count="7" type="stmt"/>
        <line num="2905" count="2" type="stmt"/>
        <line num="2908" count="5" type="cond" truecount="0" falsecount="1"/>
        <line num="2909" count="5" type="cond" truecount="2" falsecount="1"/>
        <line num="2910" count="0" type="stmt"/>
        <line num="2912" count="5" type="stmt"/>
        <line num="2913" count="5" type="cond" truecount="0" falsecount="1"/>
        <line num="2914" count="5" type="cond" truecount="3" falsecount="2"/>
        <line num="2915" count="5" type="stmt"/>
        <line num="2917" count="7" type="cond" truecount="3" falsecount="0"/>
        <line num="2918" count="7" type="stmt"/>
        <line num="2924" count="2" type="stmt"/>
        <line num="2928" count="1" type="stmt"/>
        <line num="2932" count="36" type="stmt"/>
        <line num="2934" count="36" type="stmt"/>
        <line num="2935" count="36" type="stmt"/>
        <line num="2943" count="36" type="stmt"/>
        <line num="2944" count="36" type="stmt"/>
        <line num="2949" count="36" type="stmt"/>
        <line num="2951" count="36" type="stmt"/>
        <line num="2952" count="36" type="stmt"/>
        <line num="2954" count="36" type="stmt"/>
        <line num="2955" count="36" type="stmt"/>
        <line num="2963" count="6" type="stmt"/>
        <line num="2966" count="30" type="cond" truecount="0" falsecount="1"/>
        <line num="2967" count="30" type="cond" truecount="3" falsecount="0"/>
        <line num="2968" count="1" type="stmt"/>
        <line num="2971" count="29" type="stmt"/>
        <line num="2972" count="29" type="cond" truecount="1" falsecount="1"/>
        <line num="2973" count="29" type="cond" truecount="0" falsecount="1"/>
        <line num="2974" count="29" type="stmt"/>
        <line num="2976" count="36" type="cond" truecount="3" falsecount="0"/>
        <line num="2977" count="36" type="stmt"/>
        <line num="2982" count="2" type="stmt"/>
        <line num="2992" count="0" type="stmt"/>
        <line num="2994" count="0" type="stmt"/>
        <line num="2995" count="0" type="stmt"/>
        <line num="3003" count="0" type="stmt"/>
        <line num="3004" count="0" type="stmt"/>
        <line num="3009" count="0" type="stmt"/>
        <line num="3016" count="0" type="stmt"/>
        <line num="3027" count="0" type="cond" truecount="0" falsecount="6"/>
        <line num="3029" count="0" type="stmt"/>
        <line num="3037" count="0" type="stmt"/>
        <line num="3040" count="0" type="stmt"/>
        <line num="3041" count="0" type="stmt"/>
        <line num="3042" count="0" type="stmt"/>
        <line num="3045" count="0" type="stmt"/>
        <line num="3046" count="0" type="cond" truecount="0" falsecount="1"/>
        <line num="3047" count="0" type="stmt"/>
        <line num="3050" count="0" type="stmt"/>
        <line num="3054" count="0" type="cond" truecount="0" falsecount="2"/>
        <line num="3057" count="0" type="stmt"/>
        <line num="3060" count="0" type="stmt"/>
        <line num="3061" count="0" type="cond" truecount="0" falsecount="1"/>
        <line num="3062" count="0" type="stmt"/>
        <line num="3065" count="0" type="stmt"/>
        <line num="3069" count="0" type="cond" truecount="0" falsecount="2"/>
        <line num="3072" count="0" type="stmt"/>
        <line num="3076" count="0" type="stmt"/>
        <line num="3084" count="0" type="stmt"/>
        <line num="3088" count="0" type="cond" truecount="0" falsecount="3"/>
        <line num="3089" count="0" type="stmt"/>
        <line num="3092" count="0" type="stmt"/>
        <line num="3093" count="0" type="cond" truecount="0" falsecount="2"/>
        <line num="3094" count="0" type="stmt"/>
        <line num="3103" count="2" type="stmt"/>
        <line num="3104" count="1" type="stmt"/>
        <line num="3107" count="2" type="stmt"/>
        <line num="3108" count="1" type="stmt"/>
        <line num="3111" count="2" type="stmt"/>
        <line num="3112" count="6" type="stmt"/>
        <line num="3115" count="2" type="stmt"/>
        <line num="3116" count="4" type="stmt"/>
        <line num="3119" count="2" type="stmt"/>
        <line num="3120" count="1" type="stmt"/>
        <line num="3123" count="2" type="stmt"/>
        <line num="3124" count="4" type="stmt"/>
        <line num="3127" count="2" type="stmt"/>
        <line num="3128" count="1" type="stmt"/>
        <line num="3131" count="2" type="stmt"/>
        <line num="3132" count="6" type="stmt"/>
        <line num="3135" count="2" type="stmt"/>
        <line num="3136" count="2" type="stmt"/>
        <line num="3139" count="2" type="stmt"/>
        <line num="3140" count="1" type="stmt"/>
        <line num="3143" count="2" type="stmt"/>
        <line num="3144" count="26" type="stmt"/>
        <line num="3147" count="2" type="stmt"/>
        <line num="3156" count="46" type="cond" truecount="2" falsecount="0"/>
        <line num="3157" count="46" type="stmt"/>
        <line num="3159" count="46" type="cond" truecount="8" falsecount="2"/>
        <line num="3161" count="26" type="stmt"/>
        <line num="3163" count="6" type="stmt"/>
        <line num="3165" count="4" type="stmt"/>
        <line num="3167" count="4" type="stmt"/>
        <line num="3169" count="6" type="stmt"/>
        <line num="3171" count="0" type="stmt"/>
      </file>
      <file name="providerDiagnostics.ts" path="/home/jacob/obsidian-NotEMD/src/providerDiagnostics.ts">
        <metrics statements="141" coveredstatements="127" conditionals="93" coveredconditionals="73" methods="31" coveredmethods="24"/>
        <line num="2" count="1" type="stmt"/>
        <line num="8" count="1" type="stmt"/>
        <line num="10" count="1" type="stmt"/>
        <line num="11" count="1" type="stmt"/>
        <line num="12" count="1" type="stmt"/>
        <line num="13" count="1" type="stmt"/>
        <line num="14" count="1" type="stmt"/>
        <line num="33" count="1" type="stmt"/>
        <line num="104" count="7" type="cond" truecount="0" falsecount="1"/>
        <line num="105" count="0" type="stmt"/>
        <line num="108" count="7" type="cond" truecount="0" falsecount="1"/>
        <line num="109" count="0" type="stmt"/>
        <line num="112" count="7" type="stmt"/>
        <line num="116" count="8" type="stmt"/>
        <line num="120" count="5" type="cond" truecount="1" falsecount="0"/>
        <line num="121" count="5" type="stmt"/>
        <line num="124" count="0" type="stmt"/>
        <line num="125" count="0" type="stmt"/>
        <line num="129" count="16" type="cond" truecount="3" falsecount="0"/>
        <line num="135" count="17" type="cond" truecount="6" falsecount="2"/>
        <line num="142" count="8" type="stmt"/>
        <line num="143" count="8" type="cond" truecount="3" falsecount="0"/>
        <line num="144" count="1" type="stmt"/>
        <line num="146" count="7" type="stmt"/>
        <line num="150" count="1" type="cond" truecount="1" falsecount="1"/>
        <line num="151" count="1" type="cond" truecount="0" falsecount="1"/>
        <line num="152" count="0" type="stmt"/>
        <line num="154" count="1" type="stmt"/>
        <line num="157" count="1" type="stmt"/>
        <line num="158" count="2" type="stmt"/>
        <line num="159" count="2" type="cond" truecount="1" falsecount="0"/>
        <line num="160" count="5" type="stmt"/>
        <line num="163" count="1" type="stmt"/>
        <line num="164" count="5" type="stmt"/>
        <line num="165" count="2" type="stmt"/>
        <line num="168" count="1" type="stmt"/>
        <line num="169" count="8" type="stmt"/>
        <line num="170" count="8" type="stmt"/>
        <line num="171" count="144" type="stmt"/>
        <line num="173" count="8" type="stmt"/>
        <line num="179" count="1" type="stmt"/>
        <line num="180" count="1" type="cond" truecount="1" falsecount="1"/>
        <line num="185" count="1" type="stmt"/>
        <line num="186" count="1" type="stmt"/>
        <line num="190" count="7" type="stmt"/>
        <line num="192" count="7" type="stmt"/>
        <line num="194" count="48" type="stmt"/>
        <line num="200" count="0" type="stmt"/>
        <line num="201" count="0" type="cond" truecount="0" falsecount="1"/>
        <line num="202" count="0" type="stmt"/>
        <line num="209" count="0" type="stmt"/>
        <line num="214" count="0" type="stmt"/>
        <line num="217" count="0" type="stmt"/>
        <line num="221" count="7" type="stmt"/>
        <line num="251" count="7" type="stmt"/>
        <line num="253" count="7" type="stmt"/>
        <line num="282" count="7" type="cond" truecount="1" falsecount="0"/>
        <line num="283" count="2" type="stmt"/>
        <line num="286" count="7" type="cond" truecount="1" falsecount="0"/>
        <line num="287" count="2" type="stmt"/>
        <line num="290" count="7" type="cond" truecount="3" falsecount="0"/>
        <line num="291" count="5" type="stmt"/>
        <line num="294" count="7" type="stmt"/>
        <line num="295" count="7" type="cond" truecount="1" falsecount="1"/>
        <line num="296" count="7" type="stmt"/>
        <line num="298" count="0" type="stmt"/>
        <line num="301" count="7" type="stmt"/>
        <line num="304" count="1" type="stmt"/>
        <line num="305" count="7" type="stmt"/>
        <line num="309" count="7" type="cond" truecount="4" falsecount="0"/>
        <line num="310" count="7" type="cond" truecount="4" falsecount="0"/>
        <line num="311" count="7" type="cond" truecount="2" falsecount="2"/>
        <line num="314" count="7" type="cond" truecount="4" falsecount="0"/>
        <line num="315" count="7" type="cond" truecount="4" falsecount="0"/>
        <line num="316" count="7" type="stmt"/>
        <line num="317" count="7" type="stmt"/>
        <line num="318" count="7" type="cond" truecount="4" falsecount="0"/>
        <line num="319" count="7" type="stmt"/>
        <line num="321" count="7" type="stmt"/>
        <line num="322" count="7" type="stmt"/>
        <line num="324" count="7" type="stmt"/>
        <line num="325" count="7" type="stmt"/>
        <line num="331" count="7" type="stmt"/>
        <line num="332" count="7" type="stmt"/>
        <line num="333" count="7" type="stmt"/>
        <line num="334" count="7" type="stmt"/>
        <line num="335" count="7" type="stmt"/>
        <line num="337" count="7" type="cond" truecount="3" falsecount="0"/>
        <line num="338" count="1" type="stmt"/>
        <line num="343" count="7" type="stmt"/>
        <line num="344" count="7" type="stmt"/>
        <line num="346" count="7" type="stmt"/>
        <line num="347" count="7" type="stmt"/>
        <line num="352" count="7" type="stmt"/>
        <line num="353" count="7" type="stmt"/>
        <line num="354" count="0" type="stmt"/>
        <line num="355" count="0" type="stmt"/>
        <line num="358" count="7" type="cond" truecount="2" falsecount="0"/>
        <line num="359" count="4" type="stmt"/>
        <line num="370" count="3" type="stmt"/>
        <line num="381" count="5" type="stmt"/>
        <line num="382" count="5" type="stmt"/>
        <line num="384" count="2" type="cond" truecount="1" falsecount="1"/>
        <line num="385" count="2" type="stmt"/>
        <line num="386" count="2" type="stmt"/>
        <line num="387" count="2" type="cond" truecount="1" falsecount="0"/>
        <line num="388" count="2" type="stmt"/>
        <line num="391" count="7" type="cond" truecount="1" falsecount="0"/>
        <line num="392" count="7" type="stmt"/>
        <line num="394" count="7" type="stmt"/>
        <line num="397" count="7" type="stmt"/>
        <line num="398" count="7" type="stmt"/>
        <line num="413" count="7" type="stmt"/>
        <line num="445" count="1" type="stmt"/>
        <line num="447" count="1" type="stmt"/>
        <line num="467" count="1" type="stmt"/>
        <line num="468" count="3" type="stmt"/>
        <line num="469" count="3" type="cond" truecount="2" falsecount="0"/>
        <line num="470" count="3" type="stmt"/>
        <line num="471" count="3" type="cond" truecount="1" falsecount="0"/>
        <line num="472" count="1" type="stmt"/>
        <line num="474" count="3" type="cond" truecount="1" falsecount="0"/>
        <line num="475" count="1" type="stmt"/>
        <line num="476" count="1" type="stmt"/>
        <line num="478" count="3" type="stmt"/>
        <line num="481" count="1" type="stmt"/>
        <line num="484" count="1" type="stmt"/>
        <line num="485" count="1" type="stmt"/>
        <line num="489" count="1" type="stmt"/>
        <line num="490" count="1" type="cond" truecount="3" falsecount="1"/>
        <line num="491" count="1" type="stmt"/>
        <line num="493" count="1" type="stmt"/>
        <line num="494" count="1" type="stmt"/>
        <line num="496" count="1" type="stmt"/>
        <line num="497" count="3" type="stmt"/>
        <line num="501" count="3" type="stmt"/>
        <line num="504" count="1" type="stmt"/>
[...]
        <line num="959" count="0" type="stmt"/>
        <line num="961" count="0" type="stmt"/>
        <line num="962" count="0" type="stmt"/>
        <line num="963" count="0" type="stmt"/>
        <line num="964" count="0" type="cond" truecount="0" falsecount="1"/>
        <line num="965" count="0" type="stmt"/>
        <line num="966" count="0" type="stmt"/>
        <line num="969" count="0" type="stmt"/>
        <line num="973" count="0" type="stmt"/>
        <line num="974" count="0" type="stmt"/>
        <line num="976" count="0" type="stmt"/>
        <line num="978" count="0" type="stmt"/>
        <line num="979" count="0" type="stmt"/>
        <line num="980" count="0" type="stmt"/>
        <line num="981" count="0" type="stmt"/>
        <line num="985" count="0" type="stmt"/>
        <line num="986" count="0" type="cond" truecount="0" falsecount="1"/>
        <line num="987" count="0" type="stmt"/>
        <line num="988" count="0" type="stmt"/>
        <line num="989" count="0" type="stmt"/>
        <line num="992" count="0" type="stmt"/>
        <line num="995" count="0" type="stmt"/>
        <line num="998" count="0" type="stmt"/>
        <line num="999" count="0" type="stmt"/>
        <line num="1000" count="0" type="cond" truecount="0" falsecount="2"/>
        <line num="1001" count="0" type="stmt"/>
        <line num="1003" count="0" type="stmt"/>
        <line num="1005" count="0" type="stmt"/>
        <line num="1008" count="0" type="stmt"/>
        <line num="1011" count="0" type="stmt"/>
        <line num="1014" count="0" type="stmt"/>
        <line num="1015" count="0" type="stmt"/>
        <line num="1016" count="0" type="cond" truecount="0" falsecount="2"/>
        <line num="1017" count="0" type="stmt"/>
        <line num="1019" count="0" type="stmt"/>
        <line num="1021" count="0" type="stmt"/>
        <line num="1024" count="0" type="stmt"/>
        <line num="1026" count="0" type="stmt"/>
        <line num="1029" count="0" type="stmt"/>
        <line num="1031" count="0" type="stmt"/>
        <line num="1032" count="0" type="stmt"/>
        <line num="1033" count="0" type="stmt"/>
        <line num="1034" count="0" type="stmt"/>
        <line num="1037" count="0" type="stmt"/>
        <line num="1041" count="0" type="stmt"/>
        <line num="1042" count="0" type="stmt"/>
        <line num="1043" count="0" type="stmt"/>
        <line num="1045" count="0" type="stmt"/>
        <line num="1046" count="0" type="stmt"/>
        <line num="1047" count="0" type="stmt"/>
        <line num="1051" count="0" type="stmt"/>
        <line num="1054" count="0" type="stmt"/>
        <line num="1056" count="0" type="stmt"/>
        <line num="1057" count="0" type="stmt"/>
        <line num="1059" count="0" type="stmt"/>
        <line num="1061" count="0" type="stmt"/>
        <line num="1062" count="0" type="stmt"/>
        <line num="1067" count="0" type="stmt"/>
        <line num="1068" count="0" type="stmt"/>
        <line num="1069" count="0" type="cond" truecount="0" falsecount="1"/>
        <line num="1070" count="0" type="stmt"/>
        <line num="1072" count="0" type="stmt"/>
        <line num="1073" count="0" type="stmt"/>
        <line num="1074" count="0" type="cond" truecount="0" falsecount="1"/>
        <line num="1075" count="0" type="stmt"/>
        <line num="1078" count="0" type="stmt"/>
        <line num="1081" count="0" type="stmt"/>
        <line num="1083" count="0" type="stmt"/>
        <line num="1084" count="0" type="stmt"/>
        <line num="1085" count="0" type="stmt"/>
        <line num="1088" count="0" type="stmt"/>
        <line num="1089" count="0" type="stmt"/>
        <line num="1090" count="0" type="cond" truecount="0" falsecount="1"/>
        <line num="1091" count="0" type="stmt"/>
        <line num="1094" count="0" type="stmt"/>
        <line num="1095" count="0" type="stmt"/>
        <line num="1096" count="0" type="cond" truecount="0" falsecount="1"/>
        <line num="1097" count="0" type="stmt"/>
        <line num="1098" count="0" type="cond" truecount="0" falsecount="4"/>
        <line num="1101" count="0" type="stmt"/>
        <line num="1102" count="0" type="stmt"/>
        <line num="1103" count="0" type="cond" truecount="0" falsecount="1"/>
        <line num="1104" count="0" type="stmt"/>
        <line num="1106" count="0" type="stmt"/>
        <line num="1107" count="0" type="stmt"/>
        <line num="1108" count="0" type="stmt"/>
        <line num="1109" count="0" type="cond" truecount="0" falsecount="1"/>
        <line num="1110" count="0" type="stmt"/>
        <line num="1114" count="0" type="stmt"/>
        <line num="1115" count="0" type="stmt"/>
        <line num="1117" count="0" type="stmt"/>
        <line num="1120" count="0" type="stmt"/>
        <line num="1122" count="0" type="stmt"/>
        <line num="1123" count="0" type="stmt"/>
        <line num="1124" count="0" type="stmt"/>
        <line num="1127" count="0" type="stmt"/>
        <line num="1129" count="0" type="stmt"/>
        <line num="1132" count="0" type="stmt"/>
        <line num="1136" count="0" type="stmt"/>
        <line num="1137" count="0" type="stmt"/>
        <line num="1138" count="0" type="stmt"/>
        <line num="1141" count="0" type="stmt"/>
        <line num="1144" count="0" type="stmt"/>
        <line num="1146" count="0" type="stmt"/>
        <line num="1150" count="0" type="stmt"/>
        <line num="1153" count="0" type="stmt"/>
        <line num="1154" count="0" type="stmt"/>
        <line num="1155" count="0" type="stmt"/>
        <line num="1157" count="0" type="stmt"/>
        <line num="1160" count="0" type="stmt"/>
        <line num="1161" count="0" type="cond" truecount="0" falsecount="1"/>
        <line num="1162" count="0" type="stmt"/>
        <line num="1167" count="0" type="stmt"/>
        <line num="1172" count="0" type="stmt"/>
        <line num="1173" count="0" type="stmt"/>
        <line num="1176" count="0" type="stmt"/>
        <line num="1179" count="0" type="stmt"/>
        <line num="1180" count="0" type="stmt"/>
        <line num="1181" count="0" type="stmt"/>
        <line num="1185" count="0" type="stmt"/>
        <line num="1188" count="0" type="stmt"/>
        <line num="1190" count="0" type="stmt"/>
        <line num="1191" count="0" type="stmt"/>
        <line num="1192" count="0" type="stmt"/>
        <line num="1193" count="0" type="stmt"/>
        <line num="1195" count="0" type="cond" truecount="0" falsecount="1"/>
        <line num="1196" count="0" type="stmt"/>
        <line num="1199" count="0" type="stmt"/>
        <line num="1202" count="0" type="stmt"/>
        <line num="1203" count="0" type="cond" truecount="0" falsecount="2"/>
        <line num="1204" count="0" type="stmt"/>
        <line num="1205" count="0" type="stmt"/>
        <line num="1209" count="0" type="stmt"/>
        <line num="1210" count="0" type="stmt"/>
        <line num="1213" count="0" type="stmt"/>
        <line num="1217" count="0" type="stmt"/>
        <line num="1218" count="0" type="stmt"/>
        <line num="1219" count="0" type="stmt"/>
        <line num="1220" count="0" type="stmt"/>
        <line num="1222" count="0" type="cond" truecount="0" falsecount="2"/>
        <line num="1223" count="0" type="stmt"/>
        <line num="1226" count="0" type="stmt"/>
        <line num="1229" count="0" type="stmt"/>
        <line num="1230" count="0" type="stmt"/>
        <line num="1231" count="0" type="stmt"/>
        <line num="1233" count="0" type="stmt"/>
        <line num="1236" count="0" type="stmt"/>
        <line num="1239" count="0" type="stmt"/>
        <line num="1240" count="0" type="stmt"/>
        <line num="1241" count="0" type="cond" truecount="0" falsecount="5"/>
        <line num="1242" count="0" type="stmt"/>
        <line num="1244" count="0" type="stmt"/>
        <line num="1246" count="0" type="stmt"/>
        <line num="1247" count="0" type="stmt"/>
        <line num="1249" count="0" type="stmt"/>
        <line num="1252" count="0" type="stmt"/>
        <line num="1256" count="0" type="stmt"/>
        <line num="1257" count="0" type="stmt"/>
        <line num="1258" count="0" type="stmt"/>
        <line num="1260" count="0" type="cond" truecount="0" falsecount="1"/>
        <line num="1261" count="0" type="stmt"/>
        <line num="1264" count="0" type="stmt"/>
        <line num="1268" count="0" type="stmt"/>
        <line num="1269" count="0" type="stmt"/>
        <line num="1270" count="0" type="stmt"/>
        <line num="1272" count="0" type="stmt"/>
        <line num="1275" count="0" type="stmt"/>
        <line num="1279" count="0" type="stmt"/>
        <line num="1280" count="0" type="stmt"/>
        <line num="1281" count="0" type="stmt"/>
        <line num="1284" count="0" type="stmt"/>
        <line num="1287" count="0" type="stmt"/>
        <line num="1290" count="0" type="stmt"/>
        <line num="1291" count="0" type="stmt"/>
        <line num="1292" count="0" type="cond" truecount="0" falsecount="4"/>
        <line num="1293" count="0" type="stmt"/>
        <line num="1295" count="0" type="stmt"/>
        <line num="1297" count="0" type="stmt"/>
        <line num="1298" count="0" type="stmt"/>
        <line num="1301" count="0" type="stmt"/>
        <line num="1303" count="0" type="stmt"/>
        <line num="1306" count="0" type="stmt"/>
        <line num="1309" count="0" type="stmt"/>
        <line num="1310" count="0" type="stmt"/>
        <line num="1311" count="0" type="cond" truecount="0" falsecount="4"/>
        <line num="1312" count="0" type="stmt"/>
        <line num="1314" count="0" type="stmt"/>
        <line num="1316" count="0" type="stmt"/>
        <line num="1317" count="0" type="stmt"/>
        <line num="1320" count="0" type="stmt"/>
        <line num="1323" count="0" type="stmt"/>
        <line num="1326" count="0" type="stmt"/>
        <line num="1327" count="0" type="stmt"/>
        <line num="1328" count="0" type="cond" truecount="0" falsecount="4"/>
        <line num="1329" count="0" type="stmt"/>
        <line num="1331" count="0" type="stmt"/>
        <line num="1333" count="0" type="stmt"/>
        <line num="1334" count="0" type="stmt"/>
        <line num="1338" count="0" type="stmt"/>
        <line num="1340" count="0" type="stmt"/>
        <line num="1343" count="0" type="stmt"/>
        <line num="1345" count="0" type="stmt"/>
        <line num="1346" count="0" type="stmt"/>
        <line num="1347" count="0" type="stmt"/>
        <line num="1348" count="0" type="stmt"/>
        <line num="1351" count="0" type="cond" truecount="0" falsecount="1"/>
        <line num="1352" count="0" type="stmt"/>
        <line num="1355" count="0" type="stmt"/>
        <line num="1359" count="0" type="stmt"/>
        <line num="1360" count="0" type="stmt"/>
        <line num="1361" count="0" type="stmt"/>
        <line num="1365" count="0" type="stmt"/>
        <line num="1368" count="0" type="stmt"/>
        <line num="1370" count="0" type="stmt"/>
        <line num="1371" count="0" type="stmt"/>
        <line num="1372" count="0" type="stmt"/>
        <line num="1376" count="0" type="stmt"/>
        <line num="1377" count="0" type="stmt"/>
        <line num="1381" count="0" type="stmt"/>
        <line num="1382" count="0" type="stmt"/>
        <line num="1383" count="0" type="stmt"/>
        <line num="1386" count="0" type="cond" truecount="0" falsecount="2"/>
        <line num="1387" count="0" type="cond" truecount="0" falsecount="3"/>
        <line num="1388" count="0" type="stmt"/>
        <line num="1391" count="0" type="stmt"/>
        <line num="1393" count="0" type="stmt"/>
        <line num="1394" count="0" type="stmt"/>
        <line num="1395" count="0" type="stmt"/>
        <line num="1396" count="0" type="stmt"/>
        <line num="1397" count="0" type="stmt"/>
        <line num="1401" count="0" type="stmt"/>
        <line num="1405" count="0" type="cond" truecount="0" falsecount="2"/>
        <line num="1406" count="0" type="stmt"/>
        <line num="1408" count="0" type="stmt"/>
        <line num="1410" count="0" type="stmt"/>
        <line num="1411" count="0" type="stmt"/>
        <line num="1412" count="0" type="stmt"/>
        <line num="1416" count="0" type="stmt"/>
        <line num="1419" count="0" type="stmt"/>
        <line num="1421" count="0" type="stmt"/>
        <line num="1422" count="0" type="stmt"/>
        <line num="1423" count="0" type="stmt"/>
        <line num="1424" count="0" type="stmt"/>
        <line num="1427" count="0" type="stmt"/>
        <line num="1431" count="0" type="stmt"/>
        <line num="1433" count="0" type="stmt"/>
        <line num="1434" count="0" type="stmt"/>
        <line num="1435" count="0" type="stmt"/>
        <line num="1439" count="0" type="cond" truecount="0" falsecount="1"/>
        <line num="1440" count="0" type="cond" truecount="0" falsecount="2"/>
        <line num="1442" count="0" type="stmt"/>
        <line num="1443" count="0" type="stmt"/>
        <line num="1447" count="0" type="stmt"/>
        <line num="1448" count="0" type="stmt"/>
        <line num="1450" count="0" type="stmt"/>
        <line num="1452" count="0" type="stmt"/>
        <line num="1453" count="0" type="stmt"/>
        <line num="1454" count="0" type="stmt"/>
        <line num="1459" count="0" type="stmt"/>
        <line num="1460" count="0" type="stmt"/>
        <line num="1461" count="0" type="stmt"/>
        <line num="1462" count="0" type="stmt"/>
        <line num="1463" count="0" type="stmt"/>
        <line num="1464" count="0" type="stmt"/>
        <line num="1467" count="0" type="stmt"/>
        <line num="1470" count="0" type="stmt"/>
        <line num="1472" count="0" type="stmt"/>
        <line num="1473" count="0" type="stmt"/>
        <line num="1474" count="0" type="stmt"/>
        <line num="1477" count="0" type="stmt"/>
        <line num="1480" count="0" type="stmt"/>
        <line num="1482" count="0" type="stmt"/>
        <line num="1483" count="0" type="stmt"/>
        <line num="1484" count="0" type="stmt"/>
        <line num="1487" count="0" type="stmt"/>
        <line num="1490" count="0" type="stmt"/>
        <line num="1492" count="0" type="stmt"/>
        <line num="1493" count="0" type="stmt"/>
        <line num="1494" count="0" type="stmt"/>
        <line num="1495" count="0" type="stmt"/>
        <line num="1498" count="0" type="cond" truecount="0" falsecount="1"/>
        <line num="1499" count="0" type="stmt"/>
        <line num="1502" count="0" type="stmt"/>
        <line num="1505" count="0" type="stmt"/>
        <line num="1506" count="0" type="stmt"/>
        <line num="1507" count="0" type="stmt"/>
        <line num="1510" count="0" type="stmt"/>
        <line num="1513" count="0" type="stmt"/>
        <line num="1516" count="0" type="stmt"/>
        <line num="1517" count="0" type="stmt"/>
        <line num="1518" count="0" type="stmt"/>
        <line num="1523" count="0" type="stmt"/>
        <line num="1525" count="0" type="stmt"/>
        <line num="1528" count="0" type="stmt"/>
        <line num="1530" count="0" type="stmt"/>
        <line num="1531" count="0" type="stmt"/>
        <line num="1532" count="0" type="stmt"/>
        <line num="1533" count="0" type="stmt"/>
        <line num="1536" count="0" type="stmt"/>
        <line num="1539" count="0" type="stmt"/>
        <line num="1541" count="0" type="stmt"/>
        <line num="1542" count="0" type="stmt"/>
        <line num="1543" count="0" type="stmt"/>
        <line num="1544" count="0" type="stmt"/>
        <line num="1547" count="0" type="cond" truecount="0" falsecount="1"/>
        <line num="1548" count="0" type="stmt"/>
        <line num="1551" count="0" type="stmt"/>
        <line num="1554" count="0" type="stmt"/>
        <line num="1555" count="0" type="stmt"/>
        <line num="1556" count="0" type="stmt"/>
        <line num="1561" count="0" type="stmt"/>
        <line num="1563" count="0" type="stmt"/>
        <line num="1566" count="0" type="stmt"/>
        <line num="1572" count="0" type="stmt"/>
        <line num="1573" count="0" type="stmt"/>
        <line num="1574" count="0" type="stmt"/>
        <line num="1575" count="0" type="stmt"/>
        <line num="1578" count="0" type="cond" truecount="0" falsecount="3"/>
        <line num="1579" count="0" type="cond" truecount="0" falsecount="2"/>
        <line num="1582" count="0" type="stmt"/>
        <line num="1587" count="0" type="stmt"/>
        <line num="1590" count="0" type="stmt"/>
        <line num="1591" count="0" type="stmt"/>
        <line num="1592" count="0" type="stmt"/>
        <line num="1593" count="0" type="stmt"/>
        <line num="1595" count="0" type="stmt"/>
        <line num="1596" count="0" type="cond" truecount="0" falsecount="1"/>
        <line num="1597" count="0" type="stmt"/>
        <line num="1598" count="0" type="stmt"/>
        <line num="1599" count="0" type="stmt"/>
        <line num="1601" count="0" type="cond" truecount="0" falsecount="1"/>
        <line num="1602" count="0" type="cond" truecount="0" falsecount="4"/>
        <line num="1603" count="0" type="stmt"/>
        <line num="1607" count="0" type="stmt"/>
        <line num="1608" count="0" type="stmt"/>
        <line num="1612" count="0" type="cond" truecount="0" falsecount="4"/>
        <line num="1613" count="0" type="stmt"/>
        <line num="1616" count="0" type="cond" truecount="0" falsecount="2"/>
        <line num="1617" count="0" type="stmt"/>
        <line num="1618" count="0" type="stmt"/>
        <line num="1620" count="0" type="stmt"/>
        <line num="1629" count="0" type="stmt"/>
        <line num="1631" count="0" type="stmt"/>
        <line num="1634" count="0" type="stmt"/>
        <line num="1636" count="0" type="stmt"/>
        <line num="1637" count="0" type="stmt"/>
        <line num="1638" count="0" type="stmt"/>
        <line num="1639" count="0" type="stmt"/>
        <line num="1642" count="0" type="cond" truecount="0" falsecount="1"/>
        <line num="1648" count="0" type="stmt"/>
        <line num="1658" count="0" type="stmt"/>
        <line num="1659" count="0" type="stmt"/>
        <line num="1662" count="0" type="stmt"/>
        <line num="1664" count="0" type="stmt"/>
        <line num="1665" count="0" type="stmt"/>
        <line num="1666" count="0" type="stmt"/>
        <line num="1667" count="0" type="stmt"/>
        <line num="1670" count="0" type="cond" truecount="0" falsecount="1"/>
        <line num="1671" count="0" type="stmt"/>
        <line num="1672" count="0" type="stmt"/>
        <line num="1675" count="0" type="stmt"/>
        <line num="1676" count="0" type="stmt"/>
        <line num="1681" count="0" type="stmt"/>
        <line num="1682" count="0" type="stmt"/>
        <line num="1683" count="0" type="stmt"/>
        <line num="1684" count="0" type="stmt"/>
        <line num="1686" count="0" type="stmt"/>
        <line num="1689" count="0" type="stmt"/>
        <line num="1692" count="0" type="stmt"/>
        <line num="1695" count="0" type="stmt"/>
        <line num="1696" count="0" type="stmt"/>
        <line num="1697" count="0" type="stmt"/>
        <line num="1707" count="0" type="stmt"/>
        <line num="1709" count="0" type="stmt"/>
        <line num="1712" count="0" type="stmt"/>
        <line num="1714" count="0" type="stmt"/>
        <line num="1715" count="0" type="stmt"/>
        <line num="1716" count="0" type="stmt"/>
        <line num="1717" count="0" type="stmt"/>
        <line num="1720" count="0" type="cond" truecount="0" falsecount="1"/>
        <line num="1721" count="0" type="stmt"/>
        <line num="1724" count="0" type="stmt"/>
        <line num="1727" count="0" type="stmt"/>
        <line num="1728" count="0" type="stmt"/>
        <line num="1729" count="0" type="stmt"/>
      </file>
    </package>
  </project>
</coverage>
