{"/home/jacob/obsidian-NotEMD/src/llmProviders.ts": {"path":"/home/jacob/obsidian-NotEMD/src/llmProviders.ts","statementMap":{"0":{"start":{"line":678,"column":0},"end":{"line":678,"column":16}},"1":{"start":{"line":686,"column":0},"end":{"line":686,"column":16}},"2":{"start":{"line":699,"column":0},"end":{"line":699,"column":16}},"3":{"start":{"line":703,"column":0},"end":{"line":703,"column":16}},"4":{"start":{"line":727,"column":0},"end":{"line":727,"column":16}},"5":{"start":{"line":764,"column":0},"end":{"line":764,"column":16}},"6":{"start":{"line":771,"column":0},"end":{"line":771,"column":16}},"7":{"start":{"line":791,"column":0},"end":{"line":791,"column":16}},"8":{"start":{"line":25,"column":52},"end":{"line":25,"column":56}},"9":{"start":{"line":27,"column":87},"end":{"line":269,"column":2}},"10":{"start":{"line":271,"column":13},"end":{"line":673,"column":2}},"11":{"start":{"line":675,"column":23},"end":{"line":675,"column":109}},"12":{"start":{"line":675,"column":83},"end":{"line":675,"column":107}},"13":{"start":{"line":676,"column":21},"end":{"line":676,"column":103}},"14":{"start":{"line":676,"column":72},"end":{"line":676,"column":101}},"15":{"start":{"line":679,"column":4},"end":{"line":679,"column":34}},"16":{"start":{"line":683,"column":4},"end":{"line":683,"column":42}},"17":{"start":{"line":687,"column":4},"end":{"line":689,"column":5}},"18":{"start":{"line":688,"column":8},"end":{"line":688,"column":25}},"19":{"start":{"line":691,"column":27},"end":{"line":691,"column":70}},"20":{"start":{"line":692,"column":4},"end":{"line":694,"column":5}},"21":{"start":{"line":693,"column":8},"end":{"line":693,"column":25}},"22":{"start":{"line":696,"column":4},"end":{"line":696,"column":55}},"23":{"start":{"line":700,"column":4},"end":{"line":700,"column":89}},"24":{"start":{"line":700,"column":54},"end":{"line":700,"column":87}},"25":{"start":{"line":704,"column":4},"end":{"line":704,"column":77}},"26":{"start":{"line":708,"column":4},"end":{"line":708,"column":52}},"27":{"start":{"line":715,"column":29},"end":{"line":715,"column":61}},"28":{"start":{"line":716,"column":4},"end":{"line":718,"column":5}},"29":{"start":{"line":717,"column":8},"end":{"line":717,"column":32}},"30":{"start":{"line":720,"column":4},"end":{"line":722,"column":5}},"31":{"start":{"line":721,"column":8},"end":{"line":721,"column":33}},"32":{"start":{"line":724,"column":4},"end":{"line":724,"column":21}},"33":{"start":{"line":731,"column":49},"end":{"line":731,"column":51}},"34":{"start":{"line":733,"column":4},"end":{"line":749,"column":5}},"35":{"start":{"line":734,"column":32},"end":{"line":734,"column":61}},"36":{"start":{"line":735,"column":8},"end":{"line":741,"column":9}},"37":{"start":{"line":736,"column":12},"end":{"line":739,"column":15}},"38":{"start":{"line":740,"column":12},"end":{"line":740,"column":26}},"39":{"start":{"line":743,"column":8},"end":{"line":748,"column":9}},"40":{"start":{"line":744,"column":12},"end":{"line":747,"column":15}},"41":{"start":{"line":751,"column":4},"end":{"line":759,"column":5}},"42":{"start":{"line":752,"column":35},"end":{"line":752,"column":96}},"43":{"start":{"line":753,"column":8},"end":{"line":758,"column":9}},"44":{"start":{"line":754,"column":12},"end":{"line":757,"column":15}},"45":{"start":{"line":761,"column":4},"end":{"line":761,"column":18}},"46":{"start":{"line":768,"column":4},"end":{"line":768,"column":107}},"47":{"start":{"line":768,"column":82},"end":{"line":768,"column":105}},"48":{"start":{"line":772,"column":4},"end":{"line":788,"column":11}},"49":{"start":{"line":773,"column":25},"end":{"line":773,"column":38}},"50":{"start":{"line":775,"column":30},"end":{"line":775,"column":54}},"51":{"start":{"line":776,"column":31},"end":{"line":776,"column":56}},"52":{"start":{"line":778,"column":12},"end":{"line":780,"column":13}},"53":{"start":{"line":779,"column":16},"end":{"line":779,"column":46}},"54":{"start":{"line":781,"column":12},"end":{"line":783,"column":13}},"55":{"start":{"line":782,"column":16},"end":{"line":782,"column":26}},"56":{"start":{"line":784,"column":12},"end":{"line":786,"column":13}},"57":{"start":{"line":785,"column":16},"end":{"line":785,"column":25}},"58":{"start":{"line":787,"column":12},"end":{"line":787,"column":45}},"59":{"start":{"line":792,"column":4},"end":{"line":801,"column":5}},"60":{"start":{"line":794,"column":12},"end":{"line":794,"column":27}},"61":{"start":{"line":796,"column":12},"end":{"line":796,"column":29}},"62":{"start":{"line":798,"column":12},"end":{"line":798,"column":27}},"63":{"start":{"line":800,"column":12},"end":{"line":800,"column":30}}},"fnMap":{"0":{"name":"(anonymous_0)","decl":{"start":{"line":675,"column":60},"end":{"line":675,"column":61}},"loc":{"start":{"line":675,"column":83},"end":{"line":675,"column":107}}},"1":{"name":"(anonymous_1)","decl":{"start":{"line":676,"column":58},"end":{"line":676,"column":68}},"loc":{"start":{"line":676,"column":72},"end":{"line":676,"column":101}}},"2":{"name":"getLLMProviderDefinition","decl":{"start":{"line":678,"column":16},"end":{"line":678,"column":40}},"loc":{"start":{"line":678,"column":53},"end":{"line":680,"column":1}}},"3":{"name":"normalizeModelId","decl":{"start":{"line":682,"column":9},"end":{"line":682,"column":25}},"loc":{"start":{"line":682,"column":43},"end":{"line":684,"column":1}}},"4":{"name":"getKnownModelMaxOutputTokens","decl":{"start":{"line":686,"column":16},"end":{"line":686,"column":44}},"loc":{"start":{"line":686,"column":84},"end":{"line":697,"column":1}}},"5":{"name":"createDefaultProviders","decl":{"start":{"line":699,"column":16},"end":{"line":699,"column":38}},"loc":{"start":{"line":699,"column":38},"end":{"line":701,"column":1}}},"6":{"name":"(anonymous_6)","decl":{"start":{"line":700,"column":40},"end":{"line":700,"column":50}},"loc":{"start":{"line":700,"column":54},"end":{"line":700,"column":87}}},"7":{"name":"isOpenAICompatibleProvider","decl":{"start":{"line":703,"column":16},"end":{"line":703,"column":42}},"loc":{"start":{"line":703,"column":55},"end":{"line":705,"column":1}}},"8":{"name":"looksLikeDoubaoEndpointId","decl":{"start":{"line":707,"column":9},"end":{"line":707,"column":34}},"loc":{"start":{"line":707,"column":48},"end":{"line":709,"column":1}}},"9":{"name":"resolveEffectiveOutputTokenLimit","decl":{"start":{"line":711,"column":9},"end":{"line":711,"column":41}},"loc":{"start":{"line":713,"column":30},"end":{"line":725,"column":1}}},"10":{"name":"getProviderValidationIssues","decl":{"start":{"line":727,"column":16},"end":{"line":727,"column":43}},"loc":{"start":{"line":729,"column":30},"end":{"line":762,"column":1}}},"11":{"name":"hasBlockingProviderValidationIssues","decl":{"start":{"line":764,"column":16},"end":{"line":764,"column":51}},"loc":{"start":{"line":766,"column":30},"end":{"line":769,"column":1}}},"12":{"name":"(anonymous_12)","decl":{"start":{"line":768,"column":73},"end":{"line":768,"column":78}},"loc":{"start":{"line":768,"column":82},"end":{"line":768,"column":105}}},"13":{"name":"getOrderedProviderNames","decl":{"start":{"line":771,"column":16},"end":{"line":771,"column":39}},"loc":{"start":{"line":771,"column":70},"end":{"line":789,"column":1}}},"14":{"name":"(anonymous_14)","decl":{"start":{"line":773,"column":13},"end":{"line":773,"column":21}},"loc":{"start":{"line":773,"column":25},"end":{"line":773,"column":38}}},"15":{"name":"(anonymous_15)","decl":{"start":{"line":774,"column":14},"end":{"line":774,"column":15}},"loc":{"start":{"line":774,"column":30},"end":{"line":788,"column":9}}},"16":{"name":"getProviderCategoryLabel","decl":{"start":{"line":791,"column":16},"end":{"line":791,"column":40}},"loc":{"start":{"line":791,"column":70},"end":{"line":802,"column":1}}}},"branchMap":{"0":{"loc":{"start":{"line":687,"column":4},"end":{"line":689,"column":5}},"type":"if","locations":[{"start":{"line":687,"column":4},"end":{"line":689,"column":5}}]},"1":{"loc":{"start":{"line":692,"column":4},"end":{"line":694,"column":5}},"type":"if","locations":[{"start":{"line":692,"column":4},"end":{"line":694,"column":5}}]},"2":{"loc":{"start":{"line":704,"column":11},"end":{"line":704,"column":52}},"type":"cond-expr","locations":[{"start":{"line":704,"column":41},"end":{"line":704,"column":43}},{"start":{"line":704,"column":41},"end":{"line":704,"column":52}}]},"3":{"loc":{"start":{"line":704,"column":11},"end":{"line":704,"column":43}},"type":"binary-expr","locations":[{"start":{"line":704,"column":11},"end":{"line":704,"column":43}},{"start":{"line":704,"column":41},"end":{"line":704,"column":43}}]},"4":{"loc":{"start":{"line":716,"column":4},"end":{"line":718,"column":5}},"type":"if","locations":[{"start":{"line":716,"column":4},"end":{"line":718,"column":5}}]},"5":{"loc":{"start":{"line":716,"column":8},"end":{"line":716,"column":65}},"type":"binary-expr","locations":[{"start":{"line":716,"column":8},"end":{"line":716,"column":41}},{"start":{"line":716,"column":45},"end":{"line":716,"column":65}}]},"6":{"loc":{"start":{"line":720,"column":4},"end":{"line":722,"column":5}},"type":"if","locations":[{"start":{"line":720,"column":4},"end":{"line":722,"column":5}}]},"7":{"loc":{"start":{"line":720,"column":8},"end":{"line":720,"column":68}},"type":"binary-expr","locations":[{"start":{"line":720,"column":8},"end":{"line":720,"column":42}},{"start":{"line":720,"column":46},"end":{"line":720,"column":68}}]},"8":{"loc":{"start":{"line":733,"column":4},"end":{"line":749,"column":5}},"type":"if","locations":[{"start":{"line":733,"column":4},"end":{"line":749,"column":5}}]},"9":{"loc":{"start":{"line":734,"column":33},"end":{"line":734,"column":53}},"type":"binary-expr","locations":[{"start":{"line":734,"column":33},"end":{"line":734,"column":47}},{"start":{"line":734,"column":51},"end":{"line":734,"column":53}}]},"10":{"loc":{"start":{"line":735,"column":8},"end":{"line":741,"column":9}},"type":"if","locations":[{"start":{"line":735,"column":8},"end":{"line":741,"column":9}}]},"11":{"loc":{"start":{"line":735,"column":12},"end":{"line":735,"column":73}},"type":"binary-expr","locations":[{"start":{"line":735,"column":12},"end":{"line":735,"column":28}},{"start":{"line":735,"column":32},"end":{"line":735,"column":73}}]},"12":{"loc":{"start":{"line":743,"column":8},"end":{"line":748,"column":9}},"type":"if","locations":[{"start":{"line":743,"column":8},"end":{"line":748,"column":9}}]},"13":{"loc":{"start":{"line":751,"column":4},"end":{"line":759,"column":5}},"type":"if","locations":[{"start":{"line":751,"column":4},"end":{"line":759,"column":5}}]},"14":{"loc":{"start":{"line":751,"column":8},"end":{"line":751,"column":73}},"type":"binary-expr","locations":[{"start":{"line":751,"column":8},"end":{"line":751,"column":36}},{"start":{"line":751,"column":40},"end":{"line":751,"column":73}}]},"15":{"loc":{"start":{"line":753,"column":8},"end":{"line":758,"column":9}},"type":"if","locations":[{"start":{"line":753,"column":8},"end":{"line":758,"column":9}}]},"16":{"loc":{"start":{"line":753,"column":12},"end":{"line":753,"column":118}},"type":"binary-expr","locations":[{"start":{"line":753,"column":12},"end":{"line":753,"column":50}},{"start":{"line":753,"column":54},"end":{"line":753,"column":118}}]},"17":{"loc":{"start":{"line":778,"column":12},"end":{"line":780,"column":13}},"type":"if","locations":[{"start":{"line":778,"column":12},"end":{"line":780,"column":13}}]},"18":{"loc":{"start":{"line":778,"column":16},"end":{"line":778,"column":67}},"type":"binary-expr","locations":[{"start":{"line":778,"column":16},"end":{"line":778,"column":39}},{"start":{"line":778,"column":43},"end":{"line":778,"column":67}}]},"19":{"loc":{"start":{"line":781,"column":12},"end":{"line":783,"column":13}},"type":"if","locations":[{"start":{"line":781,"column":12},"end":{"line":783,"column":13}}]},"20":{"loc":{"start":{"line":784,"column":12},"end":{"line":786,"column":13}},"type":"if","locations":[{"start":{"line":784,"column":12},"end":{"line":786,"column":13}}]},"21":{"loc":{"start":{"line":792,"column":4},"end":{"line":801,"column":5}},"type":"switch","locations":[{"start":{"line":793,"column":8},"end":{"line":794,"column":27}},{"start":{"line":795,"column":8},"end":{"line":796,"column":29}},{"start":{"line":797,"column":8},"end":{"line":798,"column":27}},{"start":{"line":799,"column":8},"end":{"line":800,"column":30}}]}},"s":{"0":3,"1":3,"2":3,"3":3,"4":3,"5":3,"6":3,"7":3,"8":3,"9":3,"10":3,"11":3,"12":75,"13":3,"14":75,"15":171,"16":78,"17":89,"18":0,"19":89,"20":89,"21":11,"22":78,"23":5,"24":125,"25":13,"26":0,"27":0,"28":0,"29":0,"30":0,"31":0,"32":0,"33":0,"34":0,"35":0,"36":0,"37":0,"38":0,"39":0,"40":0,"41":0,"42":0,"43":0,"44":0,"45":0,"46":0,"47":0,"48":1,"49":4,"50":5,"51":5,"52":5,"53":5,"54":0,"55":0,"56":0,"57":0,"58":0,"59":0,"60":0,"61":0,"62":0,"63":0},"f":{"0":75,"1":75,"2":171,"3":78,"4":89,"5":5,"6":125,"7":13,"8":0,"9":0,"10":0,"11":0,"12":0,"13":1,"14":4,"15":5,"16":0},"b":{"0":[0],"1":[11],"2":[0,13],"3":[13,13],"4":[0],"5":[0,0],"6":[0],"7":[0,0],"8":[0],"9":[0,0],"10":[0],"11":[0,0],"12":[0],"13":[0],"14":[0,0],"15":[0],"16":[0,0],"17":[5],"18":[5,5],"19":[0],"20":[0],"21":[0,0,0,0]}}
,"/home/jacob/obsidian-NotEMD/src/llmUtils.ts": {"path":"/home/jacob/obsidian-NotEMD/src/llmUtils.ts","statementMap":{"0":{"start":{"line":2312,"column":0},"end":{"line":2312,"column":22}},"1":{"start":{"line":2560,"column":0},"end":{"line":2560,"column":16}},"2":{"start":{"line":2619,"column":0},"end":{"line":2619,"column":16}},"3":{"start":{"line":2982,"column":0},"end":{"line":2982,"column":22}},"4":{"start":{"line":3103,"column":0},"end":{"line":3103,"column":16}},"5":{"start":{"line":3107,"column":0},"end":{"line":3107,"column":16}},"6":{"start":{"line":3111,"column":0},"end":{"line":3111,"column":16}},"7":{"start":{"line":3115,"column":0},"end":{"line":3115,"column":16}},"8":{"start":{"line":3119,"column":0},"end":{"line":3119,"column":16}},"9":{"start":{"line":3123,"column":0},"end":{"line":3123,"column":16}},"10":{"start":{"line":3127,"column":0},"end":{"line":3127,"column":16}},"11":{"start":{"line":3131,"column":0},"end":{"line":3131,"column":16}},"12":{"start":{"line":3135,"column":0},"end":{"line":3135,"column":16}},"13":{"start":{"line":3139,"column":0},"end":{"line":3139,"column":16}},"14":{"start":{"line":3143,"column":0},"end":{"line":3143,"column":16}},"15":{"start":{"line":3147,"column":0},"end":{"line":3147,"column":22}},"16":{"start":{"line":1,"column":0},"end":{"line":1,"column":46}},"17":{"start":{"line":3,"column":0},"end":{"line":3,"column":88}},"18":{"start":{"line":4,"column":0},"end":{"line":4,"column":47}},"19":{"start":{"line":5,"column":0},"end":{"line":5,"column":43}},"20":{"start":{"line":9,"column":4},"end":{"line":9,"column":78}},"21":{"start":{"line":13,"column":4},"end":{"line":15,"column":5}},"22":{"start":{"line":14,"column":8},"end":{"line":14,"column":77}},"23":{"start":{"line":19,"column":23},"end":{"line":19,"column":46}},"24":{"start":{"line":20,"column":4},"end":{"line":20,"column":135}},"25":{"start":{"line":24,"column":23},"end":{"line":24,"column":46}},"26":{"start":{"line":25,"column":4},"end":{"line":25,"column":120}},"27":{"start":{"line":29,"column":23},"end":{"line":29,"column":46}},"28":{"start":{"line":30,"column":4},"end":{"line":35,"column":40}},"29":{"start":{"line":39,"column":4},"end":{"line":46,"column":5}},"30":{"start":{"line":41,"column":12},"end":{"line":41,"column":55}},"31":{"start":{"line":43,"column":12},"end":{"line":43,"column":57}},"32":{"start":{"line":45,"column":12},"end":{"line":45,"column":53}},"33":{"start":{"line":55,"column":4},"end":{"line":57,"column":5}},"34":{"start":{"line":56,"column":8},"end":{"line":56,"column":17}},"35":{"start":{"line":59,"column":32},"end":{"line":59,"column":86}},"36":{"start":{"line":60,"column":29},"end":{"line":60,"column":61}},"37":{"start":{"line":61,"column":4},"end":{"line":66,"column":5}},"38":{"start":{"line":62,"column":8},"end":{"line":64,"column":9}},"39":{"start":{"line":63,"column":12},"end":{"line":63,"column":67}},"40":{"start":{"line":65,"column":8},"end":{"line":65,"column":32}},"41":{"start":{"line":68,"column":4},"end":{"line":78,"column":5}},"42":{"start":{"line":69,"column":8},"end":{"line":76,"column":9}},"43":{"start":{"line":72,"column":12},"end":{"line":74,"column":13}},"44":{"start":{"line":73,"column":16},"end":{"line":73,"column":43}},"45":{"start":{"line":75,"column":12},"end":{"line":75,"column":68}},"46":{"start":{"line":77,"column":8},"end":{"line":77,"column":33}},"47":{"start":{"line":80,"column":4},"end":{"line":82,"column":5}},"48":{"start":{"line":81,"column":8},"end":{"line":81,"column":35}},"49":{"start":{"line":84,"column":4},"end":{"line":84,"column":21}},"50":{"start":{"line":88,"column":17},"end":{"line":88,"column":38}},"51":{"start":{"line":89,"column":4},"end":{"line":91,"column":5}},"52":{"start":{"line":90,"column":8},"end":{"line":90,"column":25}},"53":{"start":{"line":93,"column":4},"end":{"line":95,"column":5}},"54":{"start":{"line":94,"column":8},"end":{"line":94,"column":25}},"55":{"start":{"line":97,"column":4},"end":{"line":97,"column":16}},"56":{"start":{"line":101,"column":4},"end":{"line":103,"column":5}},"57":{"start":{"line":102,"column":8},"end":{"line":102,"column":25}},"58":{"start":{"line":105,"column":23},"end":{"line":105,"column":50}},"59":{"start":{"line":106,"column":4},"end":{"line":115,"column":5}},"60":{"start":{"line":110,"column":12},"end":{"line":110,"column":30}},"61":{"start":{"line":114,"column":12},"end":{"line":114,"column":29}},"62":{"start":{"line":119,"column":4},"end":{"line":121,"column":5}},"63":{"start":{"line":120,"column":8},"end":{"line":120,"column":20}},"64":{"start":{"line":123,"column":4},"end":{"line":125,"column":5}},"65":{"start":{"line":124,"column":8},"end":{"line":124,"column":49}},"66":{"start":{"line":127,"column":4},"end":{"line":127,"column":17}},"67":{"start":{"line":131,"column":4},"end":{"line":131,"column":77}},"68":{"start":{"line":135,"column":44},"end":{"line":137,"column":6}},"69":{"start":{"line":139,"column":4},"end":{"line":141,"column":5}},"70":{"start":{"line":140,"column":8},"end":{"line":140,"column":74}},"71":{"start":{"line":143,"column":4},"end":{"line":146,"column":5}},"72":{"start":{"line":144,"column":8},"end":{"line":144,"column":83}},"73":{"start":{"line":145,"column":8},"end":{"line":145,"column":54}},"74":{"start":{"line":148,"column":4},"end":{"line":148,"column":19}},"75":{"start":{"line":151,"column":41},"end":{"line":161,"column":2}},"76":{"start":{"line":164,"column":4},"end":{"line":171,"column":5}},"77":{"start":{"line":165,"column":8},"end":{"line":170,"column":10}},"78":{"start":{"line":173,"column":4},"end":{"line":176,"column":6}},"79":{"start":{"line":180,"column":23},"end":{"line":180,"column":56}},"80":{"start":{"line":181,"column":4},"end":{"line":181,"column":90}},"81":{"start":{"line":181,"column":60},"end":{"line":181,"column":88}},"82":{"start":{"line":185,"column":4},"end":{"line":187,"column":5}},"83":{"start":{"line":186,"column":8},"end":{"line":186,"column":20}},"84":{"start":{"line":189,"column":20},"end":{"line":189,"column":74}},"85":{"start":{"line":190,"column":4},"end":{"line":190,"column":73}},"86":{"start":{"line":200,"column":37},"end":{"line":200,"column":75}},"87":{"start":{"line":201,"column":39},"end":{"line":201,"column":78}},"88":{"start":{"line":204,"column":4},"end":{"line":204,"column":86}},"89":{"start":{"line":204,"column":33},"end":{"line":204,"column":84}},"90":{"start":{"line":211,"column":34},"end":{"line":211,"column":38}},"91":{"start":{"line":212,"column":39},"end":{"line":212,"column":44}},"92":{"start":{"line":213,"column":22},"end":{"line":213,"column":23}},"93":{"start":{"line":215,"column":4},"end":{"line":247,"column":5}},"94":{"start":{"line":215,"column":23},"end":{"line":215,"column":24}},"95":{"start":{"line":216,"column":8},"end":{"line":246,"column":9}},"96":{"start":{"line":217,"column":12},"end":{"line":217,"column":42}},"97":{"start":{"line":219,"column":33},"end":{"line":219,"column":87}},"98":{"start":{"line":220,"column":12},"end":{"line":220,"column":81}},"99":{"start":{"line":221,"column":44},"end":{"line":221,"column":88}},"100":{"start":{"line":223,"column":12},"end":{"line":234,"column":13}},"101":{"start":{"line":224,"column":16},"end":{"line":233,"column":17}},"102":{"start":{"line":225,"column":20},"end":{"line":225,"column":51}},"103":{"start":{"line":227,"column":44},"end":{"line":227,"column":122}},"104":{"start":{"line":228,"column":20},"end":{"line":228,"column":108}},"105":{"start":{"line":230,"column":20},"end":{"line":232,"column":21}},"106":{"start":{"line":231,"column":24},"end":{"line":231,"column":40}},"107":{"start":{"line":236,"column":12},"end":{"line":239,"column":13}},"108":{"start":{"line":237,"column":16},"end":{"line":237,"column":52}},"109":{"start":{"line":238,"column":16},"end":{"line":238,"column":59}},"110":{"start":{"line":241,"column":12},"end":{"line":243,"column":13}},"111":{"start":{"line":242,"column":16},"end":{"line":242,"column":32}},"112":{"start":{"line":245,"column":12},"end":{"line":245,"column":47}},"113":{"start":{"line":249,"column":4},"end":{"line":249,"column":83}},"114":{"start":{"line":255,"column":4},"end":{"line":257,"column":5}},"115":{"start":{"line":256,"column":8},"end":{"line":256,"column":25}},"116":{"start":{"line":259,"column":4},"end":{"line":259,"column":54}},"117":{"start":{"line":259,"column":17},"end":{"line":259,"column":53}},"118":{"start":{"line":342,"column":37},"end":{"line":350,"column":2}},"119":{"start":{"line":352,"column":32},"end":{"line":357,"column":2}},"120":{"start":{"line":360,"column":29},"end":{"line":360,"column":53}},"121":{"start":{"line":361,"column":4},"end":{"line":361,"column":84}},"122":{"start":{"line":361,"column":44},"end":{"line":361,"column":82}},"123":{"start":{"line":365,"column":18},"end":{"line":365,"column":57}},"124":{"start":{"line":366,"column":4},"end":{"line":366,"column":30}},"125":{"start":{"line":367,"column":4},"end":{"line":367,"column":17}},"126":{"start":{"line":371,"column":4},"end":{"line":373,"column":5}},"127":{"start":{"line":372,"column":8},"end":{"line":372,"column":18}},"128":{"start":{"line":375,"column":4},"end":{"line":379,"column":5}},"129":{"start":{"line":376,"column":8},"end":{"line":376,"column":40}},"130":{"start":{"line":378,"column":8},"end":{"line":378,"column":20}},"131":{"start":{"line":383,"column":4},"end":{"line":385,"column":5}},"132":{"start":{"line":384,"column":8},"end":{"line":384,"column":26}},"133":{"start":{"line":387,"column":4},"end":{"line":391,"column":5}},"134":{"start":{"line":388,"column":8},"end":{"line":390,"column":22}},"135":{"start":{"line":389,"column":25},"end":{"line":389,"column":106}},"136":{"start":{"line":393,"column":4},"end":{"line":395,"column":5}},"137":{"start":{"line":394,"column":8},"end":{"line":394,"column":53}},"138":{"start":{"line":397,"column":4},"end":{"line":397,"column":14}},"139":{"start":{"line":401,"column":4},"end":{"line":409,"column":6}},"140":{"start":{"line":413,"column":4},"end":{"line":419,"column":6}},"141":{"start":{"line":423,"column":4},"end":{"line":428,"column":6}},"142":{"start":{"line":432,"column":4},"end":{"line":438,"column":6}},"143":{"start":{"line":446,"column":18},"end":{"line":446,"column":41}},"144":{"start":{"line":447,"column":4},"end":{"line":449,"column":5}},"145":{"start":{"line":448,"column":8},"end":{"line":448,"column":48}},"146":{"start":{"line":451,"column":4},"end":{"line":454,"column":6}},"147":{"start":{"line":458,"column":28},"end":{"line":458,"column":63}},"148":{"start":{"line":459,"column":4},"end":{"line":461,"column":5}},"149":{"start":{"line":460,"column":8},"end":{"line":460,"column":20}},"150":{"start":{"line":463,"column":22},"end":{"line":465,"column":49}},"151":{"start":{"line":465,"column":24},"end":{"line":465,"column":48}},"152":{"start":{"line":467,"column":4},"end":{"line":469,"column":5}},"153":{"start":{"line":468,"column":8},"end":{"line":468,"column":20}},"154":{"start":{"line":471,"column":4},"end":{"line":474,"column":16}},"155":{"start":{"line":472,"column":21},"end":{"line":472,"column":46}},"156":{"start":{"line":478,"column":4},"end":{"line":482,"column":5}},"157":{"start":{"line":479,"column":8},"end":{"line":479,"column":35}},"158":{"start":{"line":481,"column":8},"end":{"line":481,"column":111}},"159":{"start":{"line":486,"column":4},"end":{"line":488,"column":39}},"160":{"start":{"line":492,"column":4},"end":{"line":496,"column":5}},"161":{"start":{"line":493,"column":29},"end":{"line":493,"column":96}},"162":{"start":{"line":494,"column":26},"end":{"line":494,"column":51}},"163":{"start":{"line":495,"column":8},"end":{"line":495,"column":103}},"164":{"start":{"line":498,"column":19},"end":{"line":498,"column":37}},"165":{"start":{"line":499,"column":4},"end":{"line":503,"column":5}},"166":{"start":{"line":500,"column":29},"end":{"line":500,"column":101}},"167":{"start":{"line":501,"column":26},"end":{"line":501,"column":53}},"168":{"start":{"line":502,"column":8},"end":{"line":502,"column":103}},"169":{"start":{"line":505,"column":18},"end":{"line":505,"column":56}},"170":{"start":{"line":506,"column":24},"end":{"line":506,"column":78}},"171":{"start":{"line":507,"column":26},"end":{"line":513,"column":20}},"172":{"start":{"line":515,"column":4},"end":{"line":519,"column":6}},"173":{"start":{"line":523,"column":28},"end":{"line":523,"column":63}},"174":{"start":{"line":524,"column":4},"end":{"line":526,"column":5}},"175":{"start":{"line":525,"column":8},"end":{"line":525,"column":15}},"176":{"start":{"line":528,"column":22},"end":{"line":530,"column":49}},"177":{"start":{"line":530,"column":24},"end":{"line":530,"column":48}},"178":{"start":{"line":532,"column":4},"end":{"line":534,"column":5}},"179":{"start":{"line":533,"column":8},"end":{"line":533,"column":15}},"180":{"start":{"line":536,"column":4},"end":{"line":536,"column":32}},"181":{"start":{"line":537,"column":20},"end":{"line":540,"column":15}},"182":{"start":{"line":538,"column":21},"end":{"line":538,"column":46}},"183":{"start":{"line":542,"column":4},"end":{"line":544,"column":5}},"184":{"start":{"line":543,"column":8},"end":{"line":543,"column":15}},"185":{"start":{"line":546,"column":4},"end":{"line":549,"column":5}},"186":{"start":{"line":547,"column":8},"end":{"line":547,"column":34}},"187":{"start":{"line":548,"column":8},"end":{"line":548,"column":15}},"188":{"start":{"line":552,"column":4},"end":{"line":556,"column":5}},"189":{"start":{"line":553,"column":8},"end":{"line":553,"column":35}},"190":{"start":{"line":555,"column":8},"end":{"line":555,"column":105}},"191":{"start":{"line":558,"column":57},"end":{"line":558,"column":115}},"192":{"start":{"line":559,"column":4},"end":{"line":561,"column":5}},"193":{"start":{"line":560,"column":8},"end":{"line":560,"column":50}},"194":{"start":{"line":562,"column":4},"end":{"line":564,"column":5}},"195":{"start":{"line":563,"column":8},"end":{"line":563,"column":54}},"196":{"start":{"line":565,"column":4},"end":{"line":567,"column":5}},"197":{"start":{"line":566,"column":8},"end":{"line":566,"column":37}},"198":{"start":{"line":575,"column":29},"end":{"line":575,"column":64}},"199":{"start":{"line":577,"column":4},"end":{"line":583,"column":5}},"200":{"start":{"line":578,"column":8},"end":{"line":578,"column":26}},"201":{"start":{"line":579,"column":8},"end":{"line":581,"column":91}},"202":{"start":{"line":581,"column":30},"end":{"line":581,"column":89}},"203":{"start":{"line":582,"column":8},"end":{"line":582,"column":15}},"204":{"start":{"line":585,"column":19},"end":{"line":585,"column":49}},"205":{"start":{"line":586,"column":4},"end":{"line":586,"column":38}},"206":{"start":{"line":587,"column":4},"end":{"line":587,"column":89}},"207":{"start":{"line":587,"column":28},"end":{"line":587,"column":87}},"208":{"start":{"line":591,"column":20},"end":{"line":591,"column":44}},"209":{"start":{"line":592,"column":4},"end":{"line":594,"column":5}},"210":{"start":{"line":593,"column":8},"end":{"line":593,"column":15}},"211":{"start":{"line":596,"column":4},"end":{"line":596,"column":32}},"212":{"start":{"line":597,"column":17},"end":{"line":597,"column":79}},"213":{"start":{"line":599,"column":4},"end":{"line":602,"column":5}},"214":{"start":{"line":600,"column":29},"end":{"line":600,"column":114}},"215":{"start":{"line":601,"column":8},"end":{"line":601,"column":82}},"216":{"start":{"line":604,"column":4},"end":{"line":606,"column":5}},"217":{"start":{"line":605,"column":8},"end":{"line":605,"column":55}},"218":{"start":{"line":608,"column":4},"end":{"line":610,"column":5}},"219":{"start":{"line":609,"column":8},"end":{"line":609,"column":47}},"220":{"start":{"line":612,"column":4},"end":{"line":614,"column":5}},"221":{"start":{"line":613,"column":8},"end":{"line":613,"column":29}},"222":{"start":{"line":616,"column":4},"end":{"line":618,"column":5}},"223":{"start":{"line":617,"column":8},"end":{"line":617,"column":29}},"224":{"start":{"line":626,"column":34},"end":{"line":626,"column":103}},"225":{"start":{"line":627,"column":4},"end":{"line":627,"column":29}},"226":{"start":{"line":628,"column":4},"end":{"line":628,"column":82}},"227":{"start":{"line":628,"column":28},"end":{"line":628,"column":80}},"228":{"start":{"line":632,"column":20},"end":{"line":632,"column":44}},"229":{"start":{"line":633,"column":4},"end":{"line":635,"column":5}},"230":{"start":{"line":634,"column":8},"end":{"line":634,"column":15}},"231":{"start":{"line":637,"column":4},"end":{"line":637,"column":32}},"232":{"start":{"line":638,"column":17},"end":{"line":638,"column":76}},"233":{"start":{"line":640,"column":4},"end":{"line":643,"column":5}},"234":{"start":{"line":641,"column":29},"end":{"line":641,"column":96}},"235":{"start":{"line":642,"column":8},"end":{"line":642,"column":82}},"236":{"start":{"line":645,"column":17},"end":{"line":647,"column":23}},"237":{"start":{"line":646,"column":29},"end":{"line":646,"column":76}},"238":{"start":{"line":649,"column":4},"end":{"line":651,"column":5}},"239":{"start":{"line":650,"column":8},"end":{"line":650,"column":36}},"240":{"start":{"line":659,"column":34},"end":{"line":659,"column":103}},"241":{"start":{"line":660,"column":4},"end":{"line":660,"column":29}},"242":{"start":{"line":661,"column":4},"end":{"line":661,"column":79}},"243":{"start":{"line":661,"column":28},"end":{"line":661,"column":77}},"244":{"start":{"line":665,"column":27},"end":{"line":665,"column":38}},"245":{"start":{"line":666,"column":4},"end":{"line":668,"column":5}},"246":{"start":{"line":667,"column":8},"end":{"line":667,"column":15}},"247":{"start":{"line":670,"column":4},"end":{"line":670,"column":32}},"248":{"start":{"line":671,"column":17},"end":{"line":671,"column":83}},"249":{"start":{"line":673,"column":4},"end":{"line":675,"column":5}},"250":{"start":{"line":674,"column":8},"end":{"line":674,"column":80}},"251":{"start":{"line":677,"column":27},"end":{"line":681,"column":16}},"252":{"start":{"line":683,"column":4},"end":{"line":685,"column":5}},"253":{"start":{"line":684,"column":8},"end":{"line":684,"column":46}},"254":{"start":{"line":687,"column":4},"end":{"line":689,"column":5}},"255":{"start":{"line":688,"column":8},"end":{"line":688,"column":29}},"256":{"start":{"line":697,"column":34},"end":{"line":697,"column":101}},"257":{"start":{"line":698,"column":4},"end":{"line":698,"column":29}},"258":{"start":{"line":699,"column":4},"end":{"line":699,"column":77}},"259":{"start":{"line":699,"column":27},"end":{"line":699,"column":75}},"260":{"start":{"line":703,"column":4},"end":{"line":738,"column":6}},"261":{"start":{"line":706,"column":12},"end":{"line":708,"column":13}},"262":{"start":{"line":707,"column":16},"end":{"line":707,"column":23}},"263":{"start":{"line":709,"column":12},"end":{"line":709,"column":47}},"264":{"start":{"line":710,"column":12},"end":{"line":710,"column":38}},"265":{"start":{"line":711,"column":12},"end":{"line":711,"column":57}},"266":{"start":{"line":714,"column":12},"end":{"line":714,"column":63}},"267":{"start":{"line":716,"column":12},"end":{"line":724,"column":13}},"268":{"start":{"line":717,"column":16},"end":{"line":723,"column":18}},"269":{"start":{"line":726,"column":28},"end":{"line":726,"column":49}},"270":{"start":{"line":727,"column":12},"end":{"line":730,"column":14}},"271":{"start":{"line":733,"column":12},"end":{"line":733,"column":41}},"272":{"start":{"line":736,"column":12},"end":{"line":736,"column":52}},"273":{"start":{"line":742,"column":4},"end":{"line":783,"column":6}},"274":{"start":{"line":745,"column":12},"end":{"line":747,"column":13}},"275":{"start":{"line":746,"column":16},"end":{"line":746,"column":23}},"276":{"start":{"line":748,"column":12},"end":{"line":748,"column":47}},"277":{"start":{"line":749,"column":12},"end":{"line":749,"column":38}},"278":{"start":{"line":750,"column":12},"end":{"line":750,"column":54}},"279":{"start":{"line":753,"column":12},"end":{"line":753,"column":60}},"280":{"start":{"line":755,"column":12},"end":{"line":769,"column":13}},"281":{"start":{"line":756,"column":16},"end":{"line":768,"column":18}},"282":{"start":{"line":771,"column":28},"end":{"line":771,"column":49}},"283":{"start":{"line":772,"column":12},"end":{"line":775,"column":14}},"284":{"start":{"line":778,"column":12},"end":{"line":778,"column":41}},"285":{"start":{"line":781,"column":12},"end":{"line":781,"column":52}},"286":{"start":{"line":787,"column":4},"end":{"line":824,"column":6}},"287":{"start":{"line":790,"column":12},"end":{"line":792,"column":13}},"288":{"start":{"line":791,"column":16},"end":{"line":791,"column":23}},"289":{"start":{"line":793,"column":12},"end":{"line":793,"column":47}},"290":{"start":{"line":794,"column":12},"end":{"line":794,"column":38}},"291":{"start":{"line":795,"column":12},"end":{"line":795,"column":54}},"292":{"start":{"line":798,"column":12},"end":{"line":798,"column":60}},"293":{"start":{"line":800,"column":12},"end":{"line":810,"column":13}},"294":{"start":{"line":801,"column":16},"end":{"line":809,"column":18}},"295":{"start":{"line":812,"column":28},"end":{"line":812,"column":49}},"296":{"start":{"line":813,"column":12},"end":{"line":816,"column":14}},"297":{"start":{"line":819,"column":12},"end":{"line":819,"column":41}},"298":{"start":{"line":822,"column":12},"end":{"line":822,"column":52}},"299":{"start":{"line":828,"column":4},"end":{"line":830,"column":5}},"300":{"start":{"line":829,"column":8},"end":{"line":829,"column":21}},"301":{"start":{"line":832,"column":4},"end":{"line":837,"column":5}},"302":{"start":{"line":833,"column":25},"end":{"line":833,"column":52}},"303":{"start":{"line":834,"column":8},"end":{"line":834,"column":61}},"304":{"start":{"line":836,"column":8},"end":{"line":836,"column":21}},"305":{"start":{"line":841,"column":4},"end":{"line":857,"column":5}},"306":{"start":{"line":842,"column":26},"end":{"line":842,"column":41}},"307":{"start":{"line":843,"column":8},"end":{"line":846,"column":9}},"308":{"start":{"line":844,"column":12},"end":{"line":844,"column":46}},"309":{"start":{"line":845,"column":12},"end":{"line":845,"column":46}},"310":{"start":{"line":848,"column":8},"end":{"line":852,"column":11}},"311":{"start":{"line":849,"column":12},"end":{"line":851,"column":13}},"312":{"start":{"line":850,"column":16},"end":{"line":850,"column":62}},"313":{"start":{"line":854,"column":8},"end":{"line":854,"column":77}},"314":{"start":{"line":856,"column":8},"end":{"line":856,"column":22}},"315":{"start":{"line":861,"column":4},"end":{"line":863,"column":5}},"316":{"start":{"line":862,"column":8},"end":{"line":862,"column":25}},"317":{"start":{"line":865,"column":53},"end":{"line":865,"column":55}},"318":{"start":{"line":866,"column":4},"end":{"line":877,"column":5}},"319":{"start":{"line":867,"column":8},"end":{"line":869,"column":9}},"320":{"start":{"line":868,"column":12},"end":{"line":868,"column":21}},"321":{"start":{"line":871,"column":30},"end":{"line":871,"column":47}},"322":{"start":{"line":872,"column":8},"end":{"line":876,"column":32}},"323":{"start":{"line":879,"column":4},"end":{"line":879,"column":83}},"324":{"start":{"line":887,"column":4},"end":{"line":892,"column":null}},"325":{"start":{"line":897,"column":4},"end":{"line":897,"column":48}},"326":{"start":{"line":901,"column":44},"end":{"line":901,"column":46}},"327":{"start":{"line":902,"column":4},"end":{"line":906,"column":5}},"328":{"start":{"line":903,"column":8},"end":{"line":905,"column":9}},"329":{"start":{"line":904,"column":12},"end":{"line":904,"column":34}},"330":{"start":{"line":907,"column":4},"end":{"line":907,"column":18}},"331":{"start":{"line":911,"column":28},"end":{"line":911,"column":85}},"332":{"start":{"line":912,"column":5},"end":{"line":912,"column":58}},"333":{"start":{"line":913,"column":4},"end":{"line":913,"column":27}},"334":{"start":{"line":920,"column":4},"end":{"line":920,"column":42}},"335":{"start":{"line":921,"column":4},"end":{"line":921,"column":20}},"336":{"start":{"line":928,"column":25},"end":{"line":932,"column":16}},"337":{"start":{"line":934,"column":4},"end":{"line":939,"column":17}},"338":{"start":{"line":943,"column":22},"end":{"line":943,"column":32}},"339":{"start":{"line":945,"column":4},"end":{"line":966,"column":5}},"340":{"start":{"line":946,"column":25},"end":{"line":946,"column":50}},"341":{"start":{"line":947,"column":24},"end":{"line":952,"column":10}},"342":{"start":{"line":954,"column":8},"end":{"line":954,"column":61}},"343":{"start":{"line":956,"column":29},"end":{"line":956,"column":83}},"344":{"start":{"line":957,"column":24},"end":{"line":963,"column":10}},"345":{"start":{"line":965,"column":8},"end":{"line":965,"column":60}},"346":{"start":{"line":970,"column":43},"end":{"line":970,"column":45}},"347":{"start":{"line":971,"column":4},"end":{"line":973,"column":7}},"348":{"start":{"line":972,"column":8},"end":{"line":972,"column":28}},"349":{"start":{"line":974,"column":4},"end":{"line":974,"column":18}},"350":{"start":{"line":983,"column":4},"end":{"line":985,"column":5}},"351":{"start":{"line":984,"column":8},"end":{"line":984,"column":37}},"352":{"start":{"line":987,"column":19},"end":{"line":987,"column":44}},"353":{"start":{"line":988,"column":20},"end":{"line":988,"column":37}},"354":{"start":{"line":989,"column":29},"end":{"line":989,"column":31}},"355":{"start":{"line":991,"column":4},"end":{"line":1015,"column":5}},"356":{"start":{"line":992,"column":8},"end":{"line":1000,"column":9}},"357":{"start":{"line":993,"column":36},"end":{"line":993,"column":55}},"358":{"start":{"line":994,"column":12},"end":{"line":996,"column":13}},"359":{"start":{"line":995,"column":16},"end":{"line":995,"column":22}},"360":{"start":{"line":997,"column":12},"end":{"line":999,"column":13}},"361":{"start":{"line":998,"column":16},"end":{"line":998,"column":69}},"362":{"start":{"line":1001,"column":8},"end":{"line":1001,"column":38}},"363":{"start":{"line":1002,"column":8},"end":{"line":1002,"column":31}},"364":{"start":{"line":1004,"column":36},"end":{"line":1004,"column":75}},"365":{"start":{"line":1005,"column":29},"end":{"line":1005,"column":83}},"366":{"start":{"line":1006,"column":24},"end":{"line":1012,"column":10}},"367":{"start":{"line":1014,"column":8},"end":{"line":1014,"column":60}},"368":{"start":{"line":1022,"column":22},"end":{"line":1022,"column":32}},"369":{"start":{"line":1024,"column":4},"end":{"line":1058,"column":5}},"370":{"start":{"line":1025,"column":25},"end":{"line":1030,"column":10}},"371":{"start":{"line":1031,"column":32},"end":{"line":1031,"column":69}},"372":{"start":{"line":1032,"column":29},"end":{"line":1032,"column":99}},"373":{"start":{"line":1033,"column":24},"end":{"line":1038,"column":10}},"374":{"start":{"line":1040,"column":8},"end":{"line":1045,"column":22}},"375":{"start":{"line":1047,"column":8},"end":{"line":1049,"column":9}},"376":{"start":{"line":1048,"column":12},"end":{"line":1048,"column":24}},"377":{"start":{"line":1051,"column":29},"end":{"line":1051,"column":83}},"378":{"start":{"line":1052,"column":24},"end":{"line":1055,"column":10}},"379":{"start":{"line":1057,"column":8},"end":{"line":1057,"column":60}},"380":{"start":{"line":1062,"column":4},"end":{"line":1064,"column":5}},"381":{"start":{"line":1063,"column":8},"end":{"line":1063,"column":21}},"382":{"start":{"line":1066,"column":4},"end":{"line":1078,"column":5}},"383":{"start":{"line":1067,"column":25},"end":{"line":1067,"column":52}},"384":{"start":{"line":1068,"column":8},"end":{"line":1071,"column":9}},"385":{"start":{"line":1069,"column":12},"end":{"line":1069,"column":29}},"386":{"start":{"line":1070,"column":12},"end":{"line":1070,"column":24}},"387":{"start":{"line":1072,"column":8},"end":{"line":1075,"column":9}},"388":{"start":{"line":1073,"column":12},"end":{"line":1073,"column":28}},"389":{"start":{"line":1074,"column":12},"end":{"line":1074,"column":24}},"390":{"start":{"line":1077,"column":8},"end":{"line":1077,"column":21}},"391":{"start":{"line":1080,"column":4},"end":{"line":1080,"column":17}},"392":{"start":{"line":1086,"column":4},"end":{"line":1088,"column":5}},"393":{"start":{"line":1087,"column":8},"end":{"line":1087,"column":30}},"394":{"start":{"line":1089,"column":4},"end":{"line":1091,"column":5}},"395":{"start":{"line":1090,"column":8},"end":{"line":1090,"column":27}},"396":{"start":{"line":1092,"column":4},"end":{"line":1092,"column":16}},"397":{"start":{"line":1099,"column":4},"end":{"line":1241,"column":7}},"398":{"start":{"line":1100,"column":26},"end":{"line":1100,"column":36}},"399":{"start":{"line":1101,"column":26},"end":{"line":1101,"column":46}},"400":{"start":{"line":1102,"column":26},"end":{"line":1102,"column":94}},"401":{"start":{"line":1103,"column":21},"end":{"line":1103,"column":54}},"402":{"start":{"line":1105,"column":8},"end":{"line":1107,"column":9}},"403":{"start":{"line":1106,"column":12},"end":{"line":1106,"column":91}},"404":{"start":{"line":1108,"column":8},"end":{"line":1110,"column":9}},"405":{"start":{"line":1109,"column":12},"end":{"line":1109,"column":52}},"406":{"start":{"line":1112,"column":22},"end":{"line":1112,"column":27}},"407":{"start":{"line":1113,"column":49},"end":{"line":1113,"column":53}},"408":{"start":{"line":1115,"column":24},"end":{"line":1120,"column":9}},"409":{"start":{"line":1116,"column":12},"end":{"line":1118,"column":13}},"410":{"start":{"line":1117,"column":16},"end":{"line":1117,"column":67}},"411":{"start":{"line":1119,"column":12},"end":{"line":1119,"column":33}},"412":{"start":{"line":1122,"column":27},"end":{"line":1129,"column":9}},"413":{"start":{"line":1123,"column":12},"end":{"line":1125,"column":13}},"414":{"start":{"line":1124,"column":16},"end":{"line":1124,"column":23}},"415":{"start":{"line":1126,"column":12},"end":{"line":1126,"column":27}},"416":{"start":{"line":1127,"column":12},"end":{"line":1127,"column":22}},"417":{"start":{"line":1128,"column":12},"end":{"line":1128,"column":26}},"418":{"start":{"line":1131,"column":28},"end":{"line":1138,"column":9}},"419":{"start":{"line":1132,"column":12},"end":{"line":1134,"column":13}},"420":{"start":{"line":1133,"column":16},"end":{"line":1133,"column":23}},"421":{"start":{"line":1135,"column":12},"end":{"line":1135,"column":27}},"422":{"start":{"line":1136,"column":12},"end":{"line":1136,"column":22}},"423":{"start":{"line":1137,"column":12},"end":{"line":1137,"column":27}},"424":{"start":{"line":1140,"column":24},"end":{"line":1197,"column":10}},"425":{"start":{"line":1148,"column":37},"end":{"line":1148,"column":39}},"426":{"start":{"line":1149,"column":32},"end":{"line":1149,"column":37}},"427":{"start":{"line":1150,"column":36},"end":{"line":1150,"column":91}},"428":{"start":{"line":1151,"column":31},"end":{"line":1151,"column":55}},"429":{"start":{"line":1153,"column":45},"end":{"line":1166,"column":13}},"430":{"start":{"line":1154,"column":37},"end":{"line":1154,"column":100}},"431":{"start":{"line":1155,"column":37},"end":{"line":1155,"column":91}},"432":{"start":{"line":1156,"column":32},"end":{"line":1163,"column":18}},"433":{"start":{"line":1165,"column":16},"end":{"line":1165,"column":74}},"434":{"start":{"line":1168,"column":12},"end":{"line":1170,"column":15}},"435":{"start":{"line":1169,"column":16},"end":{"line":1169,"column":81}},"436":{"start":{"line":1171,"column":12},"end":{"line":1187,"column":15}},"437":{"start":{"line":1172,"column":16},"end":{"line":1172,"column":37}},"438":{"start":{"line":1173,"column":37},"end":{"line":1173,"column":75}},"439":{"start":{"line":1174,"column":32},"end":{"line":1179,"column":18}},"440":{"start":{"line":1181,"column":16},"end":{"line":1186,"column":31}},"441":{"start":{"line":1188,"column":12},"end":{"line":1188,"column":59}},"442":{"start":{"line":1189,"column":12},"end":{"line":1191,"column":15}},"443":{"start":{"line":1190,"column":16},"end":{"line":1190,"column":72}},"444":{"start":{"line":1192,"column":12},"end":{"line":1196,"column":15}},"445":{"start":{"line":1193,"column":16},"end":{"line":1195,"column":17}},"446":{"start":{"line":1194,"column":20},"end":{"line":1194,"column":100}},"447":{"start":{"line":1199,"column":8},"end":{"line":1207,"column":11}},"448":{"start":{"line":1200,"column":33},"end":{"line":1200,"column":87}},"449":{"start":{"line":1201,"column":28},"end":{"line":1204,"column":14}},"450":{"start":{"line":1206,"column":12},"end":{"line":1206,"column":70}},"451":{"start":{"line":1209,"column":8},"end":{"line":1219,"column":9}},"452":{"start":{"line":1210,"column":31},"end":{"line":1210,"column":49}},"453":{"start":{"line":1211,"column":12},"end":{"line":1211,"column":40}},"454":{"start":{"line":1212,"column":12},"end":{"line":1217,"column":16}},"455":{"start":{"line":1218,"column":12},"end":{"line":1218,"column":19}},"456":{"start":{"line":1221,"column":8},"end":{"line":1230,"column":10}},"457":{"start":{"line":1222,"column":31},"end":{"line":1222,"column":49}},"458":{"start":{"line":1223,"column":12},"end":{"line":1223,"column":40}},"459":{"start":{"line":1224,"column":12},"end":{"line":1229,"column":16}},"460":{"start":{"line":1232,"column":8},"end":{"line":1234,"column":9}},"461":{"start":{"line":1233,"column":12},"end":{"line":1233,"column":76}},"462":{"start":{"line":1236,"column":8},"end":{"line":1238,"column":9}},"463":{"start":{"line":1237,"column":12},"end":{"line":1237,"column":40}},"464":{"start":{"line":1240,"column":8},"end":{"line":1240,"column":22}},"465":{"start":{"line":1253,"column":4},"end":{"line":1253,"column":62}},"466":{"start":{"line":1255,"column":28},"end":{"line":1255,"column":49}},"467":{"start":{"line":1256,"column":31},"end":{"line":1256,"column":73}},"468":{"start":{"line":1257,"column":20},"end":{"line":1263,"column":6}},"469":{"start":{"line":1265,"column":4},"end":{"line":1296,"column":5}},"470":{"start":{"line":1266,"column":8},"end":{"line":1280,"column":9}},"471":{"start":{"line":1267,"column":12},"end":{"line":1279,"column":14}},"472":{"start":{"line":1282,"column":8},"end":{"line":1295,"column":22}},"473":{"start":{"line":1298,"column":4},"end":{"line":1303,"column":18}},"474":{"start":{"line":1315,"column":29},"end":{"line":1315,"column":61}},"475":{"start":{"line":1316,"column":4},"end":{"line":1318,"column":5}},"476":{"start":{"line":1317,"column":8},"end":{"line":1317,"column":101}},"477":{"start":{"line":1320,"column":25},"end":{"line":1320,"column":79}},"478":{"start":{"line":1321,"column":31},"end":{"line":1321,"column":73}},"479":{"start":{"line":1322,"column":4},"end":{"line":1331,"column":7}},"480":{"start":{"line":1339,"column":22},"end":{"line":1339,"column":32}},"481":{"start":{"line":1340,"column":26},"end":{"line":1340,"column":44}},"482":{"start":{"line":1342,"column":4},"end":{"line":1435,"column":5}},"483":{"start":{"line":1343,"column":25},"end":{"line":1348,"column":10}},"484":{"start":{"line":1349,"column":32},"end":{"line":1349,"column":69}},"485":{"start":{"line":1351,"column":8},"end":{"line":1366,"column":9}},"486":{"start":{"line":1352,"column":33},"end":{"line":1352,"column":54}},"487":{"start":{"line":1353,"column":28},"end":{"line":1358,"column":14}},"488":{"start":{"line":1360,"column":12},"end":{"line":1365,"column":26}},"489":{"start":{"line":1368,"column":23},"end":{"line":1368,"column":48}},"490":{"start":{"line":1369,"column":24},"end":{"line":1369,"column":41}},"491":{"start":{"line":1370,"column":22},"end":{"line":1370,"column":57}},"492":{"start":{"line":1372,"column":8},"end":{"line":1422,"column":9}},"493":{"start":{"line":1373,"column":12},"end":{"line":1386,"column":13}},"494":{"start":{"line":1374,"column":40},"end":{"line":1374,"column":59}},"495":{"start":{"line":1375,"column":16},"end":{"line":1377,"column":17}},"496":{"start":{"line":1376,"column":20},"end":{"line":1376,"column":26}},"497":{"start":{"line":1378,"column":16},"end":{"line":1385,"column":17}},"498":{"start":{"line":1379,"column":38},"end":{"line":1379,"column":77}},"499":{"start":{"line":1380,"column":20},"end":{"line":1384,"column":21}},"500":{"start":{"line":1381,"column":24},"end":{"line":1381,"column":59}},"501":{"start":{"line":1382,"column":24},"end":{"line":1382,"column":50}},"502":{"start":{"line":1383,"column":24},"end":{"line":1383,"column":76}},"503":{"start":{"line":1388,"column":33},"end":{"line":1388,"column":49}},"504":{"start":{"line":1389,"column":12},"end":{"line":1392,"column":13}},"505":{"start":{"line":1390,"column":16},"end":{"line":1390,"column":54}},"506":{"start":{"line":1391,"column":16},"end":{"line":1391,"column":45}},"507":{"start":{"line":1394,"column":12},"end":{"line":1402,"column":14}},"508":{"start":{"line":1404,"column":33},"end":{"line":1404,"column":49}},"509":{"start":{"line":1405,"column":12},"end":{"line":1408,"column":13}},"510":{"start":{"line":1406,"column":16},"end":{"line":1406,"column":54}},"511":{"start":{"line":1407,"column":16},"end":{"line":1407,"column":45}},"512":{"start":{"line":1409,"column":12},"end":{"line":1417,"column":14}},"513":{"start":{"line":1419,"column":12},"end":{"line":1421,"column":13}},"514":{"start":{"line":1420,"column":16},"end":{"line":1420,"column":37}},"515":{"start":{"line":1424,"column":8},"end":{"line":1426,"column":9}},"516":{"start":{"line":1425,"column":12},"end":{"line":1425,"column":24}},"517":{"start":{"line":1428,"column":29},"end":{"line":1428,"column":83}},"518":{"start":{"line":1429,"column":24},"end":{"line":1432,"column":10}},"519":{"start":{"line":1434,"column":8},"end":{"line":1434,"column":60}},"520":{"start":{"line":1443,"column":4},"end":{"line":1589,"column":7}},"521":{"start":{"line":1444,"column":26},"end":{"line":1444,"column":36}},"522":{"start":{"line":1445,"column":30},"end":{"line":1445,"column":51}},"523":{"start":{"line":1446,"column":26},"end":{"line":1446,"column":46}},"524":{"start":{"line":1447,"column":26},"end":{"line":1447,"column":94}},"525":{"start":{"line":1448,"column":21},"end":{"line":1448,"column":54}},"526":{"start":{"line":1450,"column":8},"end":{"line":1452,"column":9}},"527":{"start":{"line":1451,"column":12},"end":{"line":1451,"column":91}},"528":{"start":{"line":1453,"column":8},"end":{"line":1455,"column":9}},"529":{"start":{"line":1454,"column":12},"end":{"line":1454,"column":52}},"530":{"start":{"line":1457,"column":22},"end":{"line":1457,"column":27}},"531":{"start":{"line":1458,"column":49},"end":{"line":1458,"column":53}},"532":{"start":{"line":1460,"column":24},"end":{"line":1465,"column":9}},"533":{"start":{"line":1461,"column":12},"end":{"line":1463,"column":13}},"534":{"start":{"line":1462,"column":16},"end":{"line":1462,"column":67}},"535":{"start":{"line":1464,"column":12},"end":{"line":1464,"column":33}},"536":{"start":{"line":1467,"column":27},"end":{"line":1474,"column":9}},"537":{"start":{"line":1468,"column":12},"end":{"line":1470,"column":13}},"538":{"start":{"line":1469,"column":16},"end":{"line":1469,"column":23}},"539":{"start":{"line":1471,"column":12},"end":{"line":1471,"column":27}},"540":{"start":{"line":1472,"column":12},"end":{"line":1472,"column":22}},"541":{"start":{"line":1473,"column":12},"end":{"line":1473,"column":26}},"542":{"start":{"line":1476,"column":28},"end":{"line":1483,"column":9}},"543":{"start":{"line":1477,"column":12},"end":{"line":1479,"column":13}},"544":{"start":{"line":1478,"column":16},"end":{"line":1478,"column":23}},"545":{"start":{"line":1480,"column":12},"end":{"line":1480,"column":27}},"546":{"start":{"line":1481,"column":12},"end":{"line":1481,"column":22}},"547":{"start":{"line":1482,"column":12},"end":{"line":1482,"column":27}},"548":{"start":{"line":1485,"column":24},"end":{"line":1545,"column":10}},"549":{"start":{"line":1493,"column":32},"end":{"line":1493,"column":37}},"550":{"start":{"line":1494,"column":36},"end":{"line":1494,"column":91}},"551":{"start":{"line":1495,"column":31},"end":{"line":1495,"column":55}},"552":{"start":{"line":1496,"column":26},"end":{"line":1496,"column":61}},"553":{"start":{"line":1498,"column":45},"end":{"line":1508,"column":13}},"554":{"start":{"line":1499,"column":16},"end":{"line":1507,"column":19}},"555":{"start":{"line":1510,"column":12},"end":{"line":1519,"column":15}},"556":{"start":{"line":1511,"column":16},"end":{"line":1518,"column":17}},"557":{"start":{"line":1512,"column":38},"end":{"line":1512,"column":93}},"558":{"start":{"line":1513,"column":20},"end":{"line":1513,"column":55}},"559":{"start":{"line":1514,"column":20},"end":{"line":1514,"column":46}},"560":{"start":{"line":1515,"column":20},"end":{"line":1515,"column":72}},"561":{"start":{"line":1517,"column":20},"end":{"line":1517,"column":52}},"562":{"start":{"line":1520,"column":12},"end":{"line":1535,"column":15}},"563":{"start":{"line":1521,"column":16},"end":{"line":1521,"column":37}},"564":{"start":{"line":1522,"column":16},"end":{"line":1534,"column":17}},"565":{"start":{"line":1523,"column":20},"end":{"line":1531,"column":23}},"566":{"start":{"line":1533,"column":20},"end":{"line":1533,"column":52}},"567":{"start":{"line":1536,"column":12},"end":{"line":1536,"column":59}},"568":{"start":{"line":1537,"column":12},"end":{"line":1539,"column":15}},"569":{"start":{"line":1538,"column":16},"end":{"line":1538,"column":72}},"570":{"start":{"line":1540,"column":12},"end":{"line":1544,"column":15}},"571":{"start":{"line":1541,"column":16},"end":{"line":1543,"column":17}},"572":{"start":{"line":1542,"column":20},"end":{"line":1542,"column":100}},"573":{"start":{"line":1547,"column":8},"end":{"line":1555,"column":11}},"574":{"start":{"line":1548,"column":33},"end":{"line":1548,"column":87}},"575":{"start":{"line":1549,"column":28},"end":{"line":1552,"column":14}},"576":{"start":{"line":1554,"column":12},"end":{"line":1554,"column":70}},"577":{"start":{"line":1557,"column":8},"end":{"line":1567,"column":9}},"578":{"start":{"line":1558,"column":31},"end":{"line":1558,"column":49}},"579":{"start":{"line":1559,"column":12},"end":{"line":1559,"column":40}},"580":{"start":{"line":1560,"column":12},"end":{"line":1565,"column":16}},"581":{"start":{"line":1566,"column":12},"end":{"line":1566,"column":19}},"582":{"start":{"line":1569,"column":8},"end":{"line":1578,"column":10}},"583":{"start":{"line":1570,"column":31},"end":{"line":1570,"column":49}},"584":{"start":{"line":1571,"column":12},"end":{"line":1571,"column":40}},"585":{"start":{"line":1572,"column":12},"end":{"line":1577,"column":16}},"586":{"start":{"line":1580,"column":8},"end":{"line":1582,"column":9}},"587":{"start":{"line":1581,"column":12},"end":{"line":1581,"column":76}},"588":{"start":{"line":1584,"column":8},"end":{"line":1586,"column":9}},"589":{"start":{"line":1585,"column":12},"end":{"line":1585,"column":40}},"590":{"start":{"line":1588,"column":8},"end":{"line":1588,"column":22}},"591":{"start":{"line":1593,"column":4},"end":{"line":1725,"column":null}},"592":{"start":{"line":1600,"column":23},"end":{"line":1606,"column":null}},"593":{"start":{"line":1609,"column":44},"end":{"line":1646,"column":6}},"594":{"start":{"line":1609,"column":88},"end":{"line":1646,"column":6}},"595":{"start":{"line":1610,"column":8},"end":{"line":1645,"column":9}},"596":{"start":{"line":1611,"column":12},"end":{"line":1611,"column":62}},"597":{"start":{"line":1613,"column":33},"end":{"line":1613,"column":87}},"598":{"start":{"line":1614,"column":39},"end":{"line":1614,"column":71}},"599":{"start":{"line":1615,"column":38},"end":{"line":1619,"column":26}},"600":{"start":{"line":1621,"column":12},"end":{"line":1623,"column":13}},"601":{"start":{"line":1622,"column":16},"end":{"line":1622,"column":28}},"602":{"start":{"line":1625,"column":12},"end":{"line":1629,"column":13}},"603":{"start":{"line":1626,"column":16},"end":{"line":1628,"column":18}},"604":{"start":{"line":1631,"column":12},"end":{"line":1644,"column":13}},"605":{"start":{"line":1632,"column":41},"end":{"line":1634,"column":114}},"606":{"start":{"line":1635,"column":16},"end":{"line":1638,"column":18}},"607":{"start":{"line":1640,"column":16},"end":{"line":1643,"column":18}},"608":{"start":{"line":1648,"column":4},"end":{"line":1650,"column":5}},"609":{"start":{"line":1649,"column":8},"end":{"line":1649,"column":55}},"610":{"start":{"line":1652,"column":29},"end":{"line":1656,"column":18}},"611":{"start":{"line":1658,"column":4},"end":{"line":1660,"column":5}},"612":{"start":{"line":1659,"column":8},"end":{"line":1659,"column":55}},"613":{"start":{"line":1662,"column":4},"end":{"line":1666,"column":5}},"614":{"start":{"line":1663,"column":8},"end":{"line":1665,"column":10}},"615":{"start":{"line":1668,"column":4},"end":{"line":1724,"column":5}},"616":{"start":{"line":1669,"column":8},"end":{"line":1671,"column":107}},"617":{"start":{"line":1673,"column":8},"end":{"line":1675,"column":9}},"618":{"start":{"line":1674,"column":12},"end":{"line":1674,"column":31}},"619":{"start":{"line":1677,"column":36},"end":{"line":1677,"column":111}},"620":{"start":{"line":1678,"column":32},"end":{"line":1678,"column":71}},"621":{"start":{"line":1680,"column":8},"end":{"line":1684,"column":9}},"622":{"start":{"line":1681,"column":12},"end":{"line":1683,"column":14}},"623":{"start":{"line":1686,"column":8},"end":{"line":1723,"column":9}},"624":{"start":{"line":1687,"column":37},"end":{"line":1689,"column":68}},"625":{"start":{"line":1690,"column":12},"end":{"line":1693,"column":14}},"626":{"start":{"line":1695,"column":12},"end":{"line":1700,"column":13}},"627":{"start":{"line":1696,"column":16},"end":{"line":1699,"column":18}},"628":{"start":{"line":1702,"column":41},"end":{"line":1702,"column":119}},"629":{"start":{"line":1703,"column":37},"end":{"line":1703,"column":123}},"630":{"start":{"line":1705,"column":12},"end":{"line":1709,"column":13}},"631":{"start":{"line":1706,"column":16},"end":{"line":1708,"column":18}},"632":{"start":{"line":1711,"column":12},"end":{"line":1722,"column":13}},"633":{"start":{"line":1712,"column":41},"end":{"line":1712,"column":80}},"634":{"start":{"line":1713,"column":16},"end":{"line":1716,"column":18}},"635":{"start":{"line":1718,"column":16},"end":{"line":1721,"column":18}},"636":{"start":{"line":1737,"column":22},"end":{"line":1737,"column":72}},"637":{"start":{"line":1738,"column":28},"end":{"line":1738,"column":54}},"638":{"start":{"line":1739,"column":20},"end":{"line":1745,"column":6}},"639":{"start":{"line":1747,"column":4},"end":{"line":1752,"column":18}},"640":{"start":{"line":1765,"column":29},"end":{"line":1765,"column":61}},"641":{"start":{"line":1766,"column":4},"end":{"line":1768,"column":5}},"642":{"start":{"line":1767,"column":8},"end":{"line":1767,"column":101}},"643":{"start":{"line":1770,"column":25},"end":{"line":1770,"column":79}},"644":{"start":{"line":1771,"column":4},"end":{"line":1780,"column":7}},"645":{"start":{"line":1789,"column":22},"end":{"line":1789,"column":32}},"646":{"start":{"line":1790,"column":26},"end":{"line":1790,"column":44}},"647":{"start":{"line":1792,"column":4},"end":{"line":1877,"column":5}},"648":{"start":{"line":1793,"column":25},"end":{"line":1798,"column":10}},"649":{"start":{"line":1799,"column":32},"end":{"line":1799,"column":69}},"650":{"start":{"line":1800,"column":22},"end":{"line":1800,"column":44}},"651":{"start":{"line":1802,"column":8},"end":{"line":1814,"column":9}},"652":{"start":{"line":1803,"column":12},"end":{"line":1803,"column":73}},"653":{"start":{"line":1804,"column":12},"end":{"line":1813,"column":14}},"654":{"start":{"line":1816,"column":23},"end":{"line":1816,"column":48}},"655":{"start":{"line":1817,"column":24},"end":{"line":1817,"column":41}},"656":{"start":{"line":1819,"column":8},"end":{"line":1864,"column":9}},"657":{"start":{"line":1820,"column":12},"end":{"line":1828,"column":13}},"658":{"start":{"line":1821,"column":40},"end":{"line":1821,"column":59}},"659":{"start":{"line":1822,"column":16},"end":{"line":1824,"column":17}},"660":{"start":{"line":1823,"column":20},"end":{"line":1823,"column":26}},"661":{"start":{"line":1825,"column":16},"end":{"line":1827,"column":17}},"662":{"start":{"line":1826,"column":20},"end":{"line":1826,"column":99}},"663":{"start":{"line":1830,"column":33},"end":{"line":1830,"column":49}},"664":{"start":{"line":1831,"column":12},"end":{"line":1833,"column":13}},"665":{"start":{"line":1832,"column":16},"end":{"line":1832,"column":68}},"666":{"start":{"line":1835,"column":12},"end":{"line":1844,"column":14}},"667":{"start":{"line":1846,"column":33},"end":{"line":1846,"column":49}},"668":{"start":{"line":1847,"column":12},"end":{"line":1849,"column":13}},"669":{"start":{"line":1848,"column":16},"end":{"line":1848,"column":68}},"670":{"start":{"line":1850,"column":12},"end":{"line":1859,"column":14}},"671":{"start":{"line":1861,"column":12},"end":{"line":1863,"column":13}},"672":{"start":{"line":1862,"column":16},"end":{"line":1862,"column":37}},"673":{"start":{"line":1866,"column":8},"end":{"line":1868,"column":9}},"674":{"start":{"line":1867,"column":12},"end":{"line":1867,"column":24}},"675":{"start":{"line":1870,"column":29},"end":{"line":1870,"column":83}},"676":{"start":{"line":1871,"column":24},"end":{"line":1874,"column":10}},"677":{"start":{"line":1876,"column":8},"end":{"line":1876,"column":60}},"678":{"start":{"line":1886,"column":4},"end":{"line":2031,"column":7}},"679":{"start":{"line":1887,"column":26},"end":{"line":1887,"column":36}},"680":{"start":{"line":1888,"column":30},"end":{"line":1888,"column":51}},"681":{"start":{"line":1889,"column":26},"end":{"line":1889,"column":46}},"682":{"start":{"line":1890,"column":26},"end":{"line":1890,"column":94}},"683":{"start":{"line":1891,"column":21},"end":{"line":1891,"column":54}},"684":{"start":{"line":1893,"column":8},"end":{"line":1895,"column":9}},"685":{"start":{"line":1894,"column":12},"end":{"line":1894,"column":91}},"686":{"start":{"line":1896,"column":8},"end":{"line":1898,"column":9}},"687":{"start":{"line":1897,"column":12},"end":{"line":1897,"column":52}},"688":{"start":{"line":1900,"column":22},"end":{"line":1900,"column":27}},"689":{"start":{"line":1901,"column":49},"end":{"line":1901,"column":53}},"690":{"start":{"line":1903,"column":24},"end":{"line":1908,"column":9}},"691":{"start":{"line":1904,"column":12},"end":{"line":1906,"column":13}},"692":{"start":{"line":1905,"column":16},"end":{"line":1905,"column":67}},"693":{"start":{"line":1907,"column":12},"end":{"line":1907,"column":33}},"694":{"start":{"line":1910,"column":27},"end":{"line":1917,"column":9}},"695":{"start":{"line":1911,"column":12},"end":{"line":1913,"column":13}},"696":{"start":{"line":1912,"column":16},"end":{"line":1912,"column":23}},"697":{"start":{"line":1914,"column":12},"end":{"line":1914,"column":27}},"698":{"start":{"line":1915,"column":12},"end":{"line":1915,"column":22}},"699":{"start":{"line":1916,"column":12},"end":{"line":1916,"column":26}},"700":{"start":{"line":1919,"column":28},"end":{"line":1926,"column":9}},"701":{"start":{"line":1920,"column":12},"end":{"line":1922,"column":13}},"702":{"start":{"line":1921,"column":16},"end":{"line":1921,"column":23}},"703":{"start":{"line":1923,"column":12},"end":{"line":1923,"column":27}},"704":{"start":{"line":1924,"column":12},"end":{"line":1924,"column":22}},"705":{"start":{"line":1925,"column":12},"end":{"line":1925,"column":27}},"706":{"start":{"line":1928,"column":24},"end":{"line":1987,"column":10}},"707":{"start":{"line":1936,"column":32},"end":{"line":1936,"column":37}},"708":{"start":{"line":1937,"column":36},"end":{"line":1937,"column":91}},"709":{"start":{"line":1938,"column":31},"end":{"line":1938,"column":55}},"710":{"start":{"line":1939,"column":26},"end":{"line":1939,"column":48}},"711":{"start":{"line":1941,"column":45},"end":{"line":1952,"column":13}},"712":{"start":{"line":1942,"column":16},"end":{"line":1951,"column":19}},"713":{"start":{"line":1954,"column":12},"end":{"line":1960,"column":15}},"714":{"start":{"line":1955,"column":16},"end":{"line":1959,"column":17}},"715":{"start":{"line":1956,"column":20},"end":{"line":1956,"column":115}},"716":{"start":{"line":1958,"column":20},"end":{"line":1958,"column":52}},"717":{"start":{"line":1961,"column":12},"end":{"line":1977,"column":15}},"718":{"start":{"line":1962,"column":16},"end":{"line":1962,"column":37}},"719":{"start":{"line":1963,"column":16},"end":{"line":1976,"column":17}},"720":{"start":{"line":1964,"column":20},"end":{"line":1973,"column":23}},"721":{"start":{"line":1975,"column":20},"end":{"line":1975,"column":52}},"722":{"start":{"line":1978,"column":12},"end":{"line":1978,"column":59}},"723":{"start":{"line":1979,"column":12},"end":{"line":1981,"column":15}},"724":{"start":{"line":1980,"column":16},"end":{"line":1980,"column":72}},"725":{"start":{"line":1982,"column":12},"end":{"line":1986,"column":15}},"726":{"start":{"line":1983,"column":16},"end":{"line":1985,"column":17}},"727":{"start":{"line":1984,"column":20},"end":{"line":1984,"column":100}},"728":{"start":{"line":1989,"column":8},"end":{"line":1997,"column":11}},"729":{"start":{"line":1990,"column":33},"end":{"line":1990,"column":87}},"730":{"start":{"line":1991,"column":28},"end":{"line":1994,"column":14}},"731":{"start":{"line":1996,"column":12},"end":{"line":1996,"column":70}},"732":{"start":{"line":1999,"column":8},"end":{"line":2009,"column":9}},"733":{"start":{"line":2000,"column":31},"end":{"line":2000,"column":49}},"734":{"start":{"line":2001,"column":12},"end":{"line":2001,"column":40}},"735":{"start":{"line":2002,"column":12},"end":{"line":2007,"column":16}},"736":{"start":{"line":2008,"column":12},"end":{"line":2008,"column":19}},"737":{"start":{"line":2011,"column":8},"end":{"line":2020,"column":10}},"738":{"start":{"line":2012,"column":31},"end":{"line":2012,"column":49}},"739":{"start":{"line":2013,"column":12},"end":{"line":2013,"column":40}},"740":{"start":{"line":2014,"column":12},"end":{"line":2019,"column":16}},"741":{"start":{"line":2022,"column":8},"end":{"line":2024,"column":9}},"742":{"start":{"line":2023,"column":12},"end":{"line":2023,"column":76}},"743":{"start":{"line":2026,"column":8},"end":{"line":2028,"column":9}},"744":{"start":{"line":2027,"column":12},"end":{"line":2027,"column":40}},"745":{"start":{"line":2030,"column":8},"end":{"line":2030,"column":22}},"746":{"start":{"line":2042,"column":4},"end":{"line":2077,"column":5}},"747":{"start":{"line":2043,"column":8},"end":{"line":2043,"column":58}},"748":{"start":{"line":2045,"column":29},"end":{"line":2045,"column":83}},"749":{"start":{"line":2046,"column":35},"end":{"line":2046,"column":67}},"750":{"start":{"line":2047,"column":34},"end":{"line":2051,"column":22}},"751":{"start":{"line":2053,"column":8},"end":{"line":2055,"column":9}},"752":{"start":{"line":2054,"column":12},"end":{"line":2054,"column":24}},"753":{"start":{"line":2057,"column":8},"end":{"line":2061,"column":9}},"754":{"start":{"line":2058,"column":12},"end":{"line":2060,"column":14}},"755":{"start":{"line":2063,"column":8},"end":{"line":2076,"column":9}},"756":{"start":{"line":2064,"column":37},"end":{"line":2066,"column":117}},"757":{"start":{"line":2067,"column":12},"end":{"line":2070,"column":14}},"758":{"start":{"line":2072,"column":12},"end":{"line":2075,"column":14}},"759":{"start":{"line":2086,"column":4},"end":{"line":2121,"column":5}},"760":{"start":{"line":2087,"column":8},"end":{"line":2087,"column":58}},"761":{"start":{"line":2089,"column":29},"end":{"line":2089,"column":83}},"762":{"start":{"line":2090,"column":35},"end":{"line":2090,"column":67}},"763":{"start":{"line":2091,"column":34},"end":{"line":2095,"column":22}},"764":{"start":{"line":2097,"column":8},"end":{"line":2099,"column":9}},"765":{"start":{"line":2098,"column":12},"end":{"line":2098,"column":24}},"766":{"start":{"line":2101,"column":8},"end":{"line":2105,"column":9}},"767":{"start":{"line":2102,"column":12},"end":{"line":2104,"column":14}},"768":{"start":{"line":2107,"column":8},"end":{"line":2120,"column":9}},"769":{"start":{"line":2108,"column":37},"end":{"line":2110,"column":68}},"770":{"start":{"line":2111,"column":12},"end":{"line":2114,"column":14}},"771":{"start":{"line":2116,"column":12},"end":{"line":2119,"column":14}},"772":{"start":{"line":2133,"column":29},"end":{"line":2133,"column":61}},"773":{"start":{"line":2134,"column":29},"end":{"line":2137,"column":6}},"774":{"start":{"line":2139,"column":23},"end":{"line":2139,"column":89}},"775":{"start":{"line":2140,"column":37},"end":{"line":2140,"column":78}},"776":{"start":{"line":2141,"column":17},"end":{"line":2141,"column":77}},"777":{"start":{"line":2142,"column":28},"end":{"line":2144,"column":19}},"778":{"start":{"line":2145,"column":31},"end":{"line":2145,"column":59}},"779":{"start":{"line":2146,"column":29},"end":{"line":2146,"column":82}},"780":{"start":{"line":2148,"column":4},"end":{"line":2165,"column":5}},"781":{"start":{"line":2149,"column":8},"end":{"line":2151,"column":9}},"782":{"start":{"line":2150,"column":12},"end":{"line":2150,"column":48}},"783":{"start":{"line":2152,"column":8},"end":{"line":2154,"column":9}},"784":{"start":{"line":2153,"column":12},"end":{"line":2153,"column":55}},"785":{"start":{"line":2155,"column":8},"end":{"line":2157,"column":9}},"786":{"start":{"line":2156,"column":12},"end":{"line":2156,"column":59}},"787":{"start":{"line":2158,"column":8},"end":{"line":2160,"column":9}},"788":{"start":{"line":2159,"column":12},"end":{"line":2159,"column":37}},"789":{"start":{"line":2161,"column":8},"end":{"line":2163,"column":9}},"790":{"start":{"line":2162,"column":12},"end":{"line":2162,"column":63}},"791":{"start":{"line":2164,"column":8},"end":{"line":2164,"column":27}},"792":{"start":{"line":2167,"column":4},"end":{"line":2169,"column":5}},"793":{"start":{"line":2168,"column":8},"end":{"line":2168,"column":44}},"794":{"start":{"line":2171,"column":4},"end":{"line":2177,"column":5}},"795":{"start":{"line":2172,"column":8},"end":{"line":2174,"column":9}},"796":{"start":{"line":2173,"column":12},"end":{"line":2173,"column":63}},"797":{"start":{"line":2175,"column":11},"end":{"line":2177,"column":5}},"798":{"start":{"line":2176,"column":8},"end":{"line":2176,"column":38}},"799":{"start":{"line":2179,"column":4},"end":{"line":2181,"column":5}},"800":{"start":{"line":2180,"column":8},"end":{"line":2180,"column":33}},"801":{"start":{"line":2183,"column":4},"end":{"line":2185,"column":5}},"802":{"start":{"line":2184,"column":8},"end":{"line":2184,"column":55}},"803":{"start":{"line":2187,"column":4},"end":{"line":2187,"column":23}},"804":{"start":{"line":2191,"column":19},"end":{"line":2191,"column":37}},"805":{"start":{"line":2192,"column":4},"end":{"line":2196,"column":5}},"806":{"start":{"line":2193,"column":29},"end":{"line":2193,"column":101}},"807":{"start":{"line":2194,"column":26},"end":{"line":2194,"column":53}},"808":{"start":{"line":2195,"column":8},"end":{"line":2195,"column":103}},"809":{"start":{"line":2198,"column":20},"end":{"line":2198,"column":35}},"810":{"start":{"line":2199,"column":23},"end":{"line":2199,"column":39}},"811":{"start":{"line":2200,"column":29},"end":{"line":2204,"column":16}},"812":{"start":{"line":2206,"column":27},"end":{"line":2206,"column":61}},"813":{"start":{"line":2207,"column":4},"end":{"line":2209,"column":5}},"814":{"start":{"line":2208,"column":8},"end":{"line":2208,"column":30}},"815":{"start":{"line":2211,"column":4},"end":{"line":2219,"column":5}},"816":{"start":{"line":2212,"column":29},"end":{"line":2212,"column":50}},"817":{"start":{"line":2213,"column":8},"end":{"line":2217,"column":9}},"818":{"start":{"line":2214,"column":12},"end":{"line":2216,"column":14}},"819":{"start":{"line":2218,"column":8},"end":{"line":2218,"column":91}},"820":{"start":{"line":2221,"column":4},"end":{"line":2223,"column":5}},"821":{"start":{"line":2222,"column":8},"end":{"line":2222,"column":28}},"822":{"start":{"line":2225,"column":4},"end":{"line":2225,"column":71}},"823":{"start":{"line":2229,"column":19},"end":{"line":2229,"column":55}},"824":{"start":{"line":2230,"column":18},"end":{"line":2230,"column":88}},"825":{"start":{"line":2231,"column":5},"end":{"line":2231,"column":44}},"826":{"start":{"line":2232,"column":5},"end":{"line":2232,"column":40}},"827":{"start":{"line":2233,"column":4},"end":{"line":2235,"column":5}},"828":{"start":{"line":2234,"column":9},"end":{"line":2234,"column":62}},"829":{"start":{"line":2236,"column":4},"end":{"line":2236,"column":17}},"830":{"start":{"line":2240,"column":4},"end":{"line":2240,"column":35}},"831":{"start":{"line":2243,"column":20},"end":{"line":2243,"column":58}},"832":{"start":{"line":2244,"column":24},"end":{"line":2244,"column":91}},"833":{"start":{"line":2246,"column":4},"end":{"line":2268,"column":5}},"834":{"start":{"line":2248,"column":26},"end":{"line":2248,"column":54}},"835":{"start":{"line":2250,"column":8},"end":{"line":2263,"column":9}},"836":{"start":{"line":2251,"column":34},"end":{"line":2256,"column":14}},"837":{"start":{"line":2257,"column":12},"end":{"line":2260,"column":14}},"838":{"start":{"line":2258,"column":22},"end":{"line":2258,"column":64}},"839":{"start":{"line":2262,"column":12},"end":{"line":2262,"column":28}},"840":{"start":{"line":2265,"column":8},"end":{"line":2267,"column":9}},"841":{"start":{"line":2266,"column":12},"end":{"line":2266,"column":116}},"842":{"start":{"line":2270,"column":20},"end":{"line":2270,"column":58}},"843":{"start":{"line":2271,"column":25},"end":{"line":2278,"column":null}},"844":{"start":{"line":2281,"column":24},"end":{"line":2287,"column":6}},"845":{"start":{"line":2288,"column":4},"end":{"line":2291,"column":6}},"846":{"start":{"line":2289,"column":14},"end":{"line":2289,"column":54}},"847":{"start":{"line":2293,"column":4},"end":{"line":2299,"column":5}},"848":{"start":{"line":2294,"column":26},"end":{"line":2294,"column":39}},"849":{"start":{"line":2295,"column":8},"end":{"line":2297,"column":9}},"850":{"start":{"line":2296,"column":12},"end":{"line":2296,"column":112}},"851":{"start":{"line":2298,"column":8},"end":{"line":2298,"column":89}},"852":{"start":{"line":2301,"column":4},"end":{"line":2301,"column":140}},"853":{"start":{"line":2312,"column":30},"end":{"line":2427,"column":null}},"854":{"start":{"line":2313,"column":4},"end":{"line":2426,"column":5}},"855":{"start":{"line":2314,"column":35},"end":{"line":2314,"column":74}},"856":{"start":{"line":2316,"column":8},"end":{"line":2318,"column":9}},"857":{"start":{"line":2317,"column":12},"end":{"line":2317,"column":59}},"858":{"start":{"line":2323,"column":27},"end":{"line":2323,"column":44}},"859":{"start":{"line":2325,"column":8},"end":{"line":2413,"column":9}},"860":{"start":{"line":2327,"column":34},"end":{"line":2327,"column":60}},"861":{"start":{"line":2328,"column":38},"end":{"line":2338,"column":18}},"862":{"start":{"line":2339,"column":16},"end":{"line":2342,"column":18}},"863":{"start":{"line":2340,"column":26},"end":{"line":2340,"column":68}},"864":{"start":{"line":2343,"column":16},"end":{"line":2349,"column":17}},"865":{"start":{"line":2344,"column":38},"end":{"line":2344,"column":51}},"866":{"start":{"line":2345,"column":20},"end":{"line":2347,"column":21}},"867":{"start":{"line":2346,"column":24},"end":{"line":2346,"column":143}},"868":{"start":{"line":2348,"column":20},"end":{"line":2348,"column":91}},"869":{"start":{"line":2351,"column":16},"end":{"line":2351,"column":142}},"870":{"start":{"line":2354,"column":16},"end":{"line":2354,"column":56}},"871":{"start":{"line":2355,"column":16},"end":{"line":2355,"column":34}},"872":{"start":{"line":2356,"column":16},"end":{"line":2356,"column":40}},"873":{"start":{"line":2357,"column":16},"end":{"line":2361,"column":18}},"874":{"start":{"line":2362,"column":16},"end":{"line":2366,"column":19}},"875":{"start":{"line":2367,"column":16},"end":{"line":2367,"column":38}},"876":{"start":{"line":2368,"column":16},"end":{"line":2371,"column":18}},"877":{"start":{"line":2369,"column":26},"end":{"line":2369,"column":62}},"878":{"start":{"line":2372,"column":16},"end":{"line":2372,"column":147}},"879":{"start":{"line":2372,"column":69},"end":{"line":2372,"column":147}},"880":{"start":{"line":2373,"column":16},"end":{"line":2373,"column":94}},"881":{"start":{"line":2376,"column":16},"end":{"line":2376,"column":108}},"882":{"start":{"line":2377,"column":16},"end":{"line":2377,"column":34}},"883":{"start":{"line":2378,"column":16},"end":{"line":2378,"column":40}},"884":{"start":{"line":2379,"column":16},"end":{"line":2379,"column":73}},"885":{"start":{"line":2380,"column":16},"end":{"line":2380,"column":165}},"886":{"start":{"line":2381,"column":16},"end":{"line":2381,"column":38}},"887":{"start":{"line":2382,"column":16},"end":{"line":2385,"column":18}},"888":{"start":{"line":2383,"column":26},"end":{"line":2383,"column":62}},"889":{"start":{"line":2386,"column":16},"end":{"line":2386,"column":144}},"890":{"start":{"line":2386,"column":69},"end":{"line":2386,"column":144}},"891":{"start":{"line":2387,"column":16},"end":{"line":2387,"column":91}},"892":{"start":{"line":2389,"column":16},"end":{"line":2389,"column":172}},"893":{"start":{"line":2389,"column":84},"end":{"line":2389,"column":170}},"894":{"start":{"line":2390,"column":16},"end":{"line":2390,"column":133}},"895":{"start":{"line":2391,"column":16},"end":{"line":2391,"column":34}},"896":{"start":{"line":2392,"column":16},"end":{"line":2392,"column":40}},"897":{"start":{"line":2393,"column":16},"end":{"line":2393,"column":101}},"898":{"start":{"line":2395,"column":41},"end":{"line":2395,"column":103}},"899":{"start":{"line":2396,"column":39},"end":{"line":2396,"column":88}},"900":{"start":{"line":2397,"column":16},"end":{"line":2400,"column":17}},"901":{"start":{"line":2398,"column":20},"end":{"line":2398,"column":45}},"902":{"start":{"line":2399,"column":20},"end":{"line":2399,"column":46}},"903":{"start":{"line":2401,"column":16},"end":{"line":2401,"column":57}},"904":{"start":{"line":2402,"column":16},"end":{"line":2402,"column":38}},"905":{"start":{"line":2404,"column":16},"end":{"line":2407,"column":18}},"906":{"start":{"line":2405,"column":26},"end":{"line":2405,"column":62}},"907":{"start":{"line":2408,"column":16},"end":{"line":2408,"column":150}},"908":{"start":{"line":2408,"column":69},"end":{"line":2408,"column":150}},"909":{"start":{"line":2409,"column":16},"end":{"line":2409,"column":124}},"910":{"start":{"line":2412,"column":16},"end":{"line":2412,"column":117}},"911":{"start":{"line":2415,"column":24},"end":{"line":2415,"column":78}},"912":{"start":{"line":2416,"column":8},"end":{"line":2416,"column":77}},"913":{"start":{"line":2418,"column":27},"end":{"line":2418,"column":58}},"914":{"start":{"line":2419,"column":8},"end":{"line":2424,"column":9}},"915":{"start":{"line":2420,"column":30},"end":{"line":2420,"column":49}},"916":{"start":{"line":2421,"column":12},"end":{"line":2423,"column":13}},"917":{"start":{"line":2422,"column":16},"end":{"line":2422,"column":73}},"918":{"start":{"line":2425,"column":8},"end":{"line":2425,"column":57}},"919":{"start":{"line":2450,"column":34},"end":{"line":2450,"column":38}},"920":{"start":{"line":2451,"colum
[...]
mn":24},"end":{"line":1245,"column":25}},{"start":{"line":1243,"column":31},"end":{"line":1245,"column":25}}]},"118":{"loc":{"start":{"line":1241,"column":28},"end":{"line":1241,"column":64}},"type":"binary-expr","locations":[{"start":{"line":1241,"column":28},"end":{"line":1241,"column":39}},{"start":{"line":1241,"column":43},"end":{"line":1241,"column":51}},{"start":{"line":1241,"column":55},"end":{"line":1241,"column":64}}]},"119":{"loc":{"start":{"line":1260,"column":15},"end":{"line":1283,"column":9}},"type":"if","locations":[{"start":{"line":1260,"column":15},"end":{"line":1283,"column":9}}]},"120":{"loc":{"start":{"line":1292,"column":20},"end":{"line":1296,"column":21}},"type":"if","locations":[{"start":{"line":1292,"column":20},"end":{"line":1296,"column":21}},{"start":{"line":1294,"column":27},"end":{"line":1296,"column":21}}]},"121":{"loc":{"start":{"line":1292,"column":24},"end":{"line":1292,"column":48}},"type":"binary-expr","locations":[{"start":{"line":1292,"column":24},"end":{"line":1292,"column":35}},{"start":{"line":1292,"column":39},"end":{"line":1292,"column":48}}]},"122":{"loc":{"start":{"line":1311,"column":20},"end":{"line":1315,"column":21}},"type":"if","locations":[{"start":{"line":1311,"column":20},"end":{"line":1315,"column":21}},{"start":{"line":1313,"column":27},"end":{"line":1315,"column":21}}]},"123":{"loc":{"start":{"line":1311,"column":24},"end":{"line":1311,"column":47}},"type":"binary-expr","locations":[{"start":{"line":1311,"column":24},"end":{"line":1311,"column":35}},{"start":{"line":1311,"column":39},"end":{"line":1311,"column":47}}]},"124":{"loc":{"start":{"line":1328,"column":20},"end":{"line":1332,"column":21}},"type":"if","locations":[{"start":{"line":1328,"column":20},"end":{"line":1332,"column":21}},{"start":{"line":1330,"column":27},"end":{"line":1332,"column":21}}]},"125":{"loc":{"start":{"line":1328,"column":24},"end":{"line":1328,"column":46}},"type":"binary-expr","locations":[{"start":{"line":1328,"column":24},"end":{"line":1328,"column":35}},{"start":{"line":1328,"column":39},"end":{"line":1328,"column":46}}]},"126":{"loc":{"start":{"line":1351,"column":8},"end":{"line":1363,"column":9}},"type":"if","locations":[{"start":{"line":1351,"column":8},"end":{"line":1363,"column":9}}]},"127":{"loc":{"start":{"line":1386,"column":40},"end":{"line":1386,"column":87}},"type":"binary-expr","locations":[{"start":{"line":1386,"column":40},"end":{"line":1386,"column":69}},{"start":{"line":1386,"column":73},"end":{"line":1386,"column":87}}]},"128":{"loc":{"start":{"line":1387,"column":16},"end":{"line":1389,"column":17}},"type":"if","locations":[{"start":{"line":1387,"column":16},"end":{"line":1389,"column":17}}]},"129":{"loc":{"start":{"line":1387,"column":20},"end":{"line":1387,"column":127}},"type":"binary-expr","locations":[{"start":{"line":1387,"column":20},"end":{"line":1387,"column":54}},{"start":{"line":1387,"column":58},"end":{"line":1387,"column":127}}]},"130":{"loc":{"start":{"line":1405,"column":17},"end":{"line":1405,"column":95}},"type":"binary-expr","locations":[{"start":{"line":1405,"column":17},"end":{"line":1405,"column":56}},{"start":{"line":1405,"column":60},"end":{"line":1405,"column":95}}]},"131":{"loc":{"start":{"line":1409,"column":30},"end":{"line":1409,"column":88}},"type":"binary-expr","locations":[{"start":{"line":1409,"column":30},"end":{"line":1409,"column":59}},{"start":{"line":1409,"column":63},"end":{"line":1409,"column":88}}]},"132":{"loc":{"start":{"line":1439,"column":8},"end":{"line":1465,"column":9}},"type":"if","locations":[{"start":{"line":1439,"column":8},"end":{"line":1465,"column":9}}]},"133":{"loc":{"start":{"line":1440,"column":39},"end":{"line":1440,"column":117}},"type":"binary-expr","locations":[{"start":{"line":1440,"column":39},"end":{"line":1440,"column":78}},{"start":{"line":1440,"column":82},"end":{"line":1440,"column":117}}]},"134":{"loc":{"start":{"line":1498,"column":8},"end":{"line":1520,"column":9}},"type":"if","locations":[{"start":{"line":1498,"column":8},"end":{"line":1520,"column":9}}]},"135":{"loc":{"start":{"line":1547,"column":8},"end":{"line":1558,"column":9}},"type":"if","locations":[{"start":{"line":1547,"column":8},"end":{"line":1558,"column":9}}]},"136":{"loc":{"start":{"line":1578,"column":8},"end":{"line":1625,"column":9}},"type":"if","locations":[{"start":{"line":1578,"column":8},"end":{"line":1625,"column":9}}]},"137":{"loc":{"start":{"line":1578,"column":12},"end":{"line":1578,"column":132}},"type":"binary-expr","locations":[{"start":{"line":1578,"column":12},"end":{"line":1578,"column":70}},{"start":{"line":1578,"column":74},"end":{"line":1578,"column":132}}]},"138":{"loc":{"start":{"line":1579,"column":34},"end":{"line":1581,"column":63}},"type":"cond-expr","locations":[{"start":{"line":1580,"column":18},"end":{"line":1580,"column":63}},{"start":{"line":1581,"column":18},"end":{"line":1581,"column":63}}]},"139":{"loc":{"start":{"line":1583,"column":25},"end":{"line":1585,"column":69}},"type":"cond-expr","locations":[{"start":{"line":1584,"column":22},"end":{"line":1584,"column":69}},{"start":{"line":1585,"column":22},"end":{"line":1585,"column":69}}]},"140":{"loc":{"start":{"line":1596,"column":28},"end":{"line":1600,"column":29}},"type":"if","locations":[{"start":{"line":1596,"column":28},"end":{"line":1600,"column":29}}]},"141":{"loc":{"start":{"line":1601,"column":28},"end":{"line":1609,"column":29}},"type":"if","locations":[{"start":{"line":1601,"column":28},"end":{"line":1609,"column":29}}]},"142":{"loc":{"start":{"line":1602,"column":54},"end":{"line":1602,"column":83}},"type":"cond-expr","locations":[{"start":{"line":1602,"column":78},"end":{"line":1602,"column":81}},{"start":{"line":1602,"column":78},"end":{"line":1602,"column":83}}]},"143":{"loc":{"start":{"line":1602,"column":54},"end":{"line":1602,"column":81}},"type":"binary-expr","locations":[{"start":{"line":1602,"column":54},"end":{"line":1602,"column":81}},{"start":{"line":1602,"column":78},"end":{"line":1602,"column":81}}]},"144":{"loc":{"start":{"line":1604,"column":42},"end":{"line":1604,"column":61}},"type":"cond-expr","locations":[{"start":{"line":1604,"column":42},"end":{"line":1604,"column":55}},{"start":{"line":1604,"column":59},"end":{"line":1604,"column":61}}]},"145":{"loc":{"start":{"line":1604,"column":42},"end":{"line":1604,"column":59}},"type":"binary-expr","locations":[{"start":{"line":1604,"column":42},"end":{"line":1604,"column":59}},{"start":{"line":1604,"column":42},"end":{"line":1604,"column":59}}]},"146":{"loc":{"start":{"line":1612,"column":24},"end":{"line":1614,"column":25}},"type":"if","locations":[{"start":{"line":1612,"column":24},"end":{"line":1614,"column":25}}]},"147":{"loc":{"start":{"line":1612,"column":28},"end":{"line":1612,"column":167}},"type":"binary-expr","locations":[{"start":{"line":1612,"column":28},"end":{"line":1612,"column":41}},{"start":{"line":1612,"column":46},"end":{"line":1612,"column":104}},{"start":{"line":1612,"column":108},"end":{"line":1612,"column":166}}]},"148":{"loc":{"start":{"line":1616,"column":24},"end":{"line":1621,"column":25}},"type":"if","locations":[{"start":{"line":1616,"column":24},"end":{"line":1621,"column":25}},{"start":{"line":1619,"column":31},"end":{"line":1621,"column":25}}]},"149":{"loc":{"start":{"line":1642,"column":8},"end":{"line":1703,"column":9}},"type":"if","locations":[{"start":{"line":1642,"column":8},"end":{"line":1703,"column":9}}]},"150":{"loc":{"start":{"line":1670,"column":16},"end":{"line":1701,"column":17}},"type":"if","locations":[{"start":{"line":1670,"column":16},"end":{"line":1701,"column":17}}]},"151":{"loc":{"start":{"line":1720,"column":8},"end":{"line":1731,"column":9}},"type":"if","locations":[{"start":{"line":1720,"column":8},"end":{"line":1731,"column":9}}]}},"s":{"0":0,"1":0,"2":0,"3":0,"4":0,"5":0,"6":0,"7":0,"8":0,"9":0,"10":0,"11":0,"12":0,"13":0,"14":0,"15":0,"16":0,"17":0,"18":0,"19":0,"20":0,"21":0,"22":0,"23":0,"24":0,"25":0,"26":0,"27":0,"28":0,"29":0,"30":0,"31":0,"32":0,"33":0,"34":0,"35":0,"36":0,"37":0,"38":0,"39":0,"40":0,"41":0,"42":0,"43":0,"44":0,"45":0,"46":0,"47":0,"48":0,"49":0,"50":0,"51":0,"52":0,"53":0,"54":0,"55":0,"56":0,"57":0,"58":0,"59":0,"60":0,"61":0,"62":0,"63":0,"64":0,"65":0,"66":0,"67":0,"68":0,"69":0,"70":0,"71":0,"72":0,"73":0,"74":0,"75":0,"76":0,"77":0,"78":0,"79":0,"80":0,"81":0,"82":0,"83":0,"84":0,"85":0,"86":0,"87":0,"88":0,"89":0,"90":0,"91":0,"92":0,"93":0,"94":0,"95":0,"96":0,"97":0,"98":0,"99":0,"100":0,"101":0,"102":0,"103":0,"104":0,"105":0,"106":0,"107":0,"108":0,"109":0,"110":0,"111":0,"112":0,"113":0,"114":0,"115":0,"116":0,"117":0,"118":0,"119":0,"120":0,"121":0,"122":0,"123":0,"124":0,"125":0,"126":0,"127":0,"128":0,"129":0,"130":0,"131":0,"132":0,"133":0,"134":0,"135":0,"136":0,"137":0,"138":0,"139":0,"140":0,"141":0,"142":0,"143":0,"144":0,"145":0,"146":0,"147":0,"148":0,"149":0,"150":0,"151":0,"152":0,"153":0,"154":0,"155":0,"156":0,"157":0,"158":0,"159":0,"160":0,"161":0,"162":0,"163":0,"164":0,"165":0,"166":0,"167":0,"168":0,"169":0,"170":0,"171":0,"172":0,"173":0,"174":0,"175":0,"176":0,"177":0,"178":0,"179":0,"180":0,"181":0,"182":0,"183":0,"184":0,"185":0,"186":0,"187":0,"188":0,"189":0,"190":0,"191":0,"192":0,"193":0,"194":0,"195":0,"196":0,"197":0,"198":0,"199":0,"200":0,"201":0,"202":0,"203":0,"204":0,"205":0,"206":0,"207":0,"208":0,"209":0,"210":0,"211":0,"212":0,"213":0,"214":0,"215":0,"216":0,"217":0,"218":0,"219":0,"220":0,"221":0,"222":0,"223":0,"224":0,"225":0,"226":0,"227":0,"228":0,"229":0,"230":0,"231":0,"232":0,"233":0,"234":0,"235":0,"236":0,"237":0,"238":0,"239":0,"240":0,"241":0,"242":0,"243":0,"244":0,"245":0,"246":0,"247":0,"248":0,"249":0,"250":0,"251":0,"252":0,"253":0,"254":0,"255":0,"256":0,"257":0,"258":0,"259":0,"260":0,"261":0,"262":0,"263":0,"264":0,"265":0,"266":0,"267":0,"268":0,"269":0,"270":0,"271":0,"272":0,"273":0,"274":0,"275":0,"276":0,"277":0,"278":0,"279":0,"280":0,"281":0,"282":0,"283":0,"284":0,"285":0,"286":0,"287":0,"288":0,"289":0,"290":0,"291":0,"292":0,"293":0,"294":0,"295":0,"296":0,"297":0,"298":0,"299":0,"300":0,"301":0,"302":0,"303":0,"304":0,"305":0,"306":0,"307":0,"308":0,"309":0,"310":0,"311":0,"312":0,"313":0,"314":0,"315":0,"316":0,"317":0,"318":0,"319":0,"320":0,"321":0,"322":0,"323":0,"324":0,"325":0,"326":0,"327":0,"328":0,"329":0,"330":0,"331":0,"332":0,"333":0,"334":0,"335":0,"336":0,"337":0,"338":0,"339":0,"340":0,"341":0,"342":0,"343":0,"344":0,"345":0,"346":0,"347":0,"348":0,"349":0,"350":0,"351":0,"352":0,"353":0,"354":0,"355":0,"356":0,"357":0,"358":0,"359":0,"360":0,"361":0,"362":0,"363":0,"364":0,"365":0,"366":0,"367":0,"368":0,"369":0,"370":0,"371":0,"372":0,"373":0,"374":0,"375":0,"376":0,"377":0,"378":0,"379":0,"380":0,"381":0,"382":0,"383":0,"384":0,"385":0,"386":0,"387":0,"388":0,"389":0,"390":0,"391":0,"392":0,"393":0,"394":0,"395":0,"396":0,"397":0,"398":0,"399":0,"400":0,"401":0,"402":0,"403":0,"404":0,"405":0,"406":0,"407":0,"408":0,"409":0,"410":0,"411":0,"412":0,"413":0,"414":0,"415":0,"416":0,"417":0,"418":0,"419":0,"420":0,"421":0,"422":0,"423":0,"424":0,"425":0,"426":0,"427":0,"428":0,"429":0,"430":0,"431":0,"432":0,"433":0,"434":0,"435":0,"436":0,"437":0,"438":0,"439":0,"440":0,"441":0,"442":0,"443":0,"444":0,"445":0,"446":0,"447":0,"448":0,"449":0,"450":0,"451":0,"452":0,"453":0,"454":0,"455":0,"456":0,"457":0,"458":0,"459":0,"460":0,"461":0,"462":0,"463":0,"464":0,"465":0,"466":0,"467":0,"468":0,"469":0,"470":0,"471":0,"472":0,"473":0,"474":0,"475":0,"476":0,"477":0,"478":0,"479":0,"480":0,"481":0,"482":0,"483":0,"484":0,"485":0,"486":0,"487":0,"488":0,"489":0,"490":0,"491":0,"492":0,"493":0,"494":0,"495":0,"496":0,"497":0,"498":0,"499":0,"500":0,"501":0,"502":0,"503":0,"504":0,"505":0,"506":0,"507":0,"508":0,"509":0,"510":0,"511":0,"512":0,"513":0,"514":0,"515":0,"516":0,"517":0,"518":0,"519":0,"520":0,"521":0,"522":0,"523":0,"524":0,"525":0,"526":0,"527":0,"528":0,"529":0,"530":0,"531":0,"532":0,"533":0,"534":0,"535":0,"536":0,"537":0,"538":0,"539":0,"540":0,"541":0,"542":0,"543":0,"544":0,"545":0,"546":0,"547":0,"548":0,"549":0,"550":0,"551":0,"552":0,"553":0,"554":0,"555":0,"556":0,"557":0,"558":0,"559":0,"560":0,"561":0,"562":0,"563":0,"564":0,"565":0,"566":0,"567":0,"568":0,"569":0,"570":0,"571":0,"572":0,"573":0,"574":0,"575":0,"576":0,"577":0,"578":0,"579":0,"580":0,"581":0,"582":0,"583":0,"584":0,"585":0,"586":0,"587":0,"588":0,"589":0,"590":0,"591":0,"592":0,"593":0,"594":0,"595":0,"596":0,"597":0,"598":0,"599":0,"600":0,"601":0,"602":0,"603":0,"604":0,"605":0,"606":0,"607":0,"608":0,"609":0,"610":0,"611":0,"612":0,"613":0,"614":0,"615":0,"616":0,"617":0,"618":0,"619":0,"620":0,"621":0,"622":0,"623":0,"624":0,"625":0,"626":0,"627":0,"628":0,"629":0,"630":0,"631":0,"632":0,"633":0,"634":0,"635":0,"636":0,"637":0,"638":0,"639":0,"640":0,"641":0,"642":0,"643":0,"644":0,"645":0,"646":0,"647":0,"648":0,"649":0,"650":0,"651":0,"652":0,"653":0,"654":0,"655":0,"656":0,"657":0,"658":0,"659":0,"660":0,"661":0,"662":0,"663":0,"664":0,"665":0,"666":0,"667":0,"668":0,"669":0,"670":0,"671":0,"672":0,"673":0,"674":0,"675":0,"676":0,"677":0,"678":0,"679":0,"680":0,"681":0,"682":0,"683":0,"684":0,"685":0,"686":0,"687":0,"688":0,"689":0,"690":0,"691":0,"692":0,"693":0,"694":0,"695":0,"696":0,"697":0,"698":0,"699":0,"700":0,"701":0,"702":0,"703":0,"704":0,"705":0,"706":0,"707":0,"708":0,"709":0,"710":0,"711":0,"712":0,"713":0,"714":0,"715":0,"716":0,"717":0,"718":0,"719":0,"720":0,"721":0,"722":0,"723":0,"724":0,"725":0,"726":0,"727":0,"728":0,"729":0,"730":0,"731":0,"732":0,"733":0,"734":0,"735":0,"736":0,"737":0,"738":0,"739":0,"740":0,"741":0,"742":0,"743":0,"744":0,"745":0,"746":0,"747":0,"748":0,"749":0,"750":0,"751":0,"752":0,"753":0,"754":0,"755":0,"756":0,"757":0,"758":0,"759":0,"760":0,"761":0,"762":0,"763":0,"764":0,"765":0,"766":0,"767":0,"768":0,"769":0,"770":0,"771":0,"772":0,"773":0,"774":0,"775":0,"776":0,"777":0,"778":0,"779":0,"780":0,"781":0,"782":0,"783":0,"784":0,"785":0,"786":0,"787":0,"788":0,"789":0,"790":0,"791":0,"792":0,"793":0,"794":0,"795":0,"796":0,"797":0,"798":0,"799":0,"800":0,"801":0,"802":0,"803":0,"804":0,"805":0,"806":0,"807":0,"808":0,"809":0,"810":0,"811":0,"812":0,"813":0,"814":0,"815":0,"816":0,"817":0,"818":0,"819":0,"820":0,"821":0,"822":0,"823":0,"824":0,"825":0,"826":0,"827":0,"828":0,"829":0,"830":0,"831":0,"832":0,"833":0,"834":0,"835":0,"836":0,"837":0,"838":0,"839":0,"840":0,"841":0,"842":0,"843":0,"844":0,"845":0,"846":0,"847":0,"848":0,"849":0,"850":0,"851":0,"852":0,"853":0,"854":0,"855":0,"856":0,"857":0,"858":0,"859":0,"860":0,"861":0,"862":0,"863":0,"864":0,"865":0,"866":0,"867":0,"868":0,"869":0,"870":0,"871":0,"872":0,"873":0,"874":0,"875":0,"876":0,"877":0,"878":0,"879":0,"880":0,"881":0,"882":0,"883":0,"884":0,"885":0,"886":0,"887":0,"888":0,"889":0,"890":0,"891":0,"892":0,"893":0,"894":0,"895":0,"896":0,"897":0,"898":0,"899":0,"900":0,"901":0,"902":0,"903":0,"904":0,"905":0,"906":0,"907":0,"908":0,"909":0,"910":0,"911":0,"912":0,"913":0,"914":0,"915":0,"916":0,"917":0,"918":0,"919":0,"920":0,"921":0,"922":0,"923":0,"924":0,"925":0,"926":0,"927":0,"928":0,"929":0,"930":0,"931":0,"932":0,"933":0,"934":0,"935":0,"936":0,"937":0,"938":0,"939":0,"940":0,"941":0,"942":0,"943":0,"944":0,"945":0,"946":0,"947":0,"948":0,"949":0,"950":0,"951":0,"952":0,"953":0,"954":0,"955":0,"956":0,"957":0,"958":0,"959":0,"960":0,"961":0,"962":0,"963":0,"964":0,"965":0,"966":0,"967":0,"968":0,"969":0,"970":0,"971":0,"972":0,"973":0,"974":0,"975":0,"976":0,"977":0,"978":0,"979":0,"980":0,"981":0,"982":0,"983":0,"984":0,"985":0,"986":0,"987":0,"988":0,"989":0,"990":0,"991":0,"992":0,"993":0,"994":0,"995":0,"996":0,"997":0,"998":0,"999":0,"1000":0,"1001":0},"f":{"0":0,"1":0,"2":0,"3":0,"4":0,"5":0,"6":0,"7":0,"8":0,"9":0,"10":0,"11":0,"12":0,"13":0,"14":0,"15":0,"16":0,"17":0,"18":0,"19":0,"20":0,"21":0,"22":0,"23":0,"24":0,"25":0,"26":0,"27":0,"28":0,"29":0,"30":0,"31":0,"32":0,"33":0,"34":0,"35":0,"36":0,"37":0,"38":0,"39":0,"40":0,"41":0,"42":0,"43":0,"44":0,"45":0,"46":0,"47":0,"48":0,"49":0,"50":0,"51":0,"52":0,"53":0,"54":0,"55":0,"56":0,"57":0,"58":0,"59":0,"60":0,"61":0,"62":0,"63":0,"64":0,"65":0,"66":0,"67":0,"68":0,"69":0,"70":0,"71":0,"72":0,"73":0,"74":0,"75":0,"76":0,"77":0,"78":0,"79":0,"80":0,"81":0,"82":0,"83":0,"84":0,"85":0,"86":0,"87":0,"88":0,"89":0,"90":0,"91":0,"92":0,"93":0,"94":0,"95":0,"96":0,"97":0,"98":0,"99":0,"100":0,"101":0,"102":0,"103":0,"104":0,"105":0,"106":0,"107":0,"108":0,"109":0,"110":0,"111":0,"112":0,"113":0,"114":0,"115":0,"116":0,"117":0,"118":0,"119":0,"120":0,"121":0,"122":0,"123":0,"124":0,"125":0,"126":0,"127":0,"128":0,"129":0,"130":0,"131":0,"132":0,"133":0,"134":0,"135":0,"136":0,"137":0,"138":0,"139":0,"140":0,"141":0,"142":0,"143":0,"144":0,"145":0,"146":0,"147":0,"148":0,"149":0,"150":0,"151":0,"152":0,"153":0,"154":0,"155":0,"156":0,"157":0,"158":0,"159":0,"160":0,"161":0,"162":0,"163":0,"164":0,"165":0,"166":0,"167":0,"168":0,"169":0,"170":0,"171":0,"172":0,"173":0,"174":0,"175":0,"176":0,"177":0,"178":0,"179":0,"180":0,"181":0,"182":0,"183":0,"184":0,"185":0,"186":0,"187":0,"188":0,"189":0,"190":0,"191":0,"192":0,"193":0,"194":0,"195":0,"196":0,"197":0,"198":0,"199":0,"200":0,"201":0,"202":0,"203":0,"204":0,"205":0,"206":0,"207":0,"208":0,"209":0,"210":0,"211":0,"212":0,"213":0,"214":0,"215":0,"216":0,"217":0,"218":0,"219":0,"220":0,"221":0,"222":0,"223":0,"224":0,"225":0,"226":0,"227":0,"228":0,"229":0,"230":0,"231":0,"232":0,"233":0,"234":0,"235":0,"236":0,"237":0,"238":0,"239":0,"240":0,"241":0,"242":0,"243":0,"244":0,"245":0,"246":0,"247":0,"248":0,"249":0,"250":0,"251":0,"252":0,"253":0,"254":0,"255":0,"256":0,"257":0,"258":0,"259":0,"260":0,"261":0,"262":0,"263":0,"264":0,"265":0,"266":0,"267":0,"268":0,"269":0,"270":0,"271":0,"272":0,"273":0,"274":0,"275":0,"276":0,"277":0,"278":0,"279":0,"280":0,"281":0,"282":0,"283":0,"284":0,"285":0,"286":0,"287":0,"288":0,"289":0,"290":0,"291":0,"292":0,"293":0,"294":0,"295":0,"296":0,"297":0,"298":0,"299":0,"300":0,"301":0,"302":0,"303":0,"304":0,"305":0,"306":0,"307":0,"308":0,"309":0,"310":0,"311":0,"312":0,"313":0,"314":0,"315":0,"316":0,"317":0,"318":0,"319":0,"320":0,"321":0,"322":0,"323":0,"324":0,"325":0,"326":0,"327":0,"328":0,"329":0,"330":0,"331":0,"332":0,"333":0,"334":0,"335":0,"336":0,"337":0,"338":0,"339":0,"340":0,"341":0,"342":0,"343":0,"344":0,"345":0,"346":0,"347":0},"b":{"0":[0,0],"1":[0],"2":[0],"3":[0],"4":[0],"5":[0],"6":[0,0],"7":[0,0],"8":[0],"9":[0,0],"10":[0],"11":[0,0,0,0],"12":[0],"13":[0,0],"14":[0],"15":[0,0],"16":[0,0],"17":[0,0],"18":[0,0],"19":[0],"20":[0,0],"21":[0,0],"22":[0],"23":[0,0],"24":[0,0],"25":[0],"26":[0,0],"27":[0,0],"28":[0],"29":[0],"30":[0],"31":[0],"32":[0],"33":[0],"34":[0,0],"35":[0,0],"36":[0],"37":[0],"38":[0,0],"39":[0,0],"40":[0,0],"41":[0],"42":[0,0],"43":[0,0],"44":[0,0],"45":[0,0],"46":[0,0],"47":[0,0],"48":[0,0],"49":[0,0],"50":[0],"51":[0,0],"52":[0,0],"53":[0,0],"54":[0,0],"55":[0,0],"56":[0,0],"57":[0,0],"58":[0,0],"59":[0,0],"60":[0,0],"61":[0,0],"62":[0],"63":[0,0],"64":[0,0],"65":[0,0],"66":[0],"67":[0,0],"68":[0,0],"69":[0,0,0],"70":[0,0],"71":[0,0],"72":[0],"73":[0],"74":[0,0],"75":[0],"76":[0,0],"77":[0,0],"78":[0],"79":[0,0],"80":[0,0],"81":[0,0],"82":[0,0],"83":[0,0],"84":[0,0],"85":[0,0],"86":[0],"87":[0,0],"88":[0,0],"89":[0,0],"90":[0],"91":[0],"92":[0],"93":[0],"94":[0],"95":[0,0],"96":[0,0,0],"97":[0,0],"98":[0,0,0],"99":[0],"100":[0,0],"101":[0],"102":[0],"103":[0,0],"104":[0,0],"105":[0],"106":[0],"107":[0],"108":[0],"109":[0,0],"110":[0,0],"111":[0],"112":[0],"113":[0],"114":[0],"115":[0,0],"116":[0,0],"117":[0,0],"118":[0,0,0],"119":[0],"120":[0,0],"121":[0,0],"122":[0,0],"123":[0,0],"124":[0,0],"125":[0,0],"126":[0],"127":[0,0],"128":[0],"129":[0,0],"130":[0,0],"131":[0,0],"132":[0],"133":[0,0],"134":[0],"135":[0],"136":[0],"137":[0,0],"138":[0,0],"139":[0,0],"140":[0],"141":[0],"142":[0,0],"143":[0,0],"144":[0,0],"145":[0,0],"146":[0],"147":[0,0,0],"148":[0,0],"149":[0],"150":[0],"151":[0]}}
}
