TN:
SF:src/llmProviders.ts
FN:675,(anonymous_0)
FN:676,(anonymous_1)
FN:678,getLLMProviderDefinition
FN:682,normalizeModelId
FN:686,getKnownModelMaxOutputTokens
FN:699,createDefaultProviders
FN:700,(anonymous_6)
FN:703,isOpenAICompatibleProvider
FN:707,looksLikeDoubaoEndpointId
FN:711,resolveEffectiveOutputTokenLimit
FN:727,getProviderValidationIssues
FN:764,hasBlockingProviderValidationIssues
FN:768,(anonymous_12)
FN:771,getOrderedProviderNames
FN:773,(anonymous_14)
FN:774,(anonymous_15)
FN:791,getProviderCategoryLabel
FNF:17
FNH:11
FNDA:75,(anonymous_0)
FNDA:75,(anonymous_1)
FNDA:171,getLLMProviderDefinition
FNDA:78,normalizeModelId
FNDA:89,getKnownModelMaxOutputTokens
FNDA:5,createDefaultProviders
FNDA:125,(anonymous_6)
FNDA:13,isOpenAICompatibleProvider
FNDA:0,looksLikeDoubaoEndpointId
FNDA:0,resolveEffectiveOutputTokenLimit
FNDA:0,getProviderValidationIssues
FNDA:0,hasBlockingProviderValidationIssues
FNDA:0,(anonymous_12)
FNDA:1,getOrderedProviderNames
FNDA:4,(anonymous_14)
FNDA:5,(anonymous_15)
FNDA:0,getProviderCategoryLabel
DA:25,3
DA:27,3
DA:271,3
DA:675,75
DA:676,75
DA:678,3
DA:679,171
DA:683,78
DA:686,3
DA:687,89
DA:688,0
DA:691,89
DA:692,89
DA:693,11
DA:696,78
DA:699,3
DA:700,125
DA:703,3
DA:704,13
DA:708,0
DA:715,0
DA:716,0
DA:717,0
DA:720,0
DA:721,0
DA:724,0
DA:727,3
DA:731,0
DA:733,0
DA:734,0
DA:735,0
DA:736,0
DA:740,0
DA:743,0
DA:744,0
DA:751,0
DA:752,0
DA:753,0
DA:754,0
DA:761,0
DA:764,3
DA:768,0
DA:771,3
DA:772,1
DA:773,4
DA:775,5
DA:776,5
DA:778,5
DA:779,5
DA:781,0
DA:782,0
DA:784,0
DA:785,0
DA:787,0
DA:791,3
DA:792,0
DA:794,0
DA:796,0
DA:798,0
DA:800,0
LF:60
LH:28
BRDA:687,0,0,0
BRDA:692,1,0,11
BRDA:704,2,0,0
BRDA:704,2,1,13
BRDA:704,3,0,13
BRDA:704,3,1,13
BRDA:716,4,0,0
BRDA:716,5,0,0
BRDA:716,5,1,0
BRDA:720,6,0,0
BRDA:720,7,0,0
BRDA:720,7,1,0
BRDA:733,8,0,0
BRDA:734,9,0,0
BRDA:734,9,1,0
BRDA:735,10,0,0
BRDA:735,11,0,0
BRDA:735,11,1,0
BRDA:743,12,0,0
BRDA:751,13,0,0
BRDA:751,14,0,0
BRDA:751,14,1,0
BRDA:753,15,0,0
BRDA:753,16,0,0
BRDA:753,16,1,0
BRDA:778,17,0,5
BRDA:778,18,0,5
BRDA:778,18,1,5
BRDA:781,19,0,0
BRDA:784,20,0,0
BRDA:792,21,0,0
BRDA:792,21,1,0
BRDA:792,21,2,0
BRDA:792,21,3,0
BRF:34
BRH:7
end_of_record
TN:
SF:src/llmUtils.ts
FN:8,providerRequiresApiKey
FN:12,ensureProviderApiKey
FN:18,isOpenAIReasoningModel
FN:23,isDeepSeekReasoningModel
FN:28,isOpenRouterReasoningModel
FN:38,shouldUseCombinedUserPrompt
FN:49,resolveProviderTokenLimit
FN:87,resolveProviderTopP
FN:100,normalizeReasoningEffort
FN:118,supportsReasoningEffort
FN:130,shouldEnableDeepSeekThinking
FN:134,buildOpenAICompatibleHeaders
FN:163,buildOpenAICompatibleMessages
FN:179,isTransientNetworkErrorMessage
FN:181,(anonymous_14)
FN:184,isAbortError
FN:203,waitForConnectionTestRetry
FN:204,(anonymous_18)
FN:207,requestUrlForConnectionTest
FN:252,buildConnectionTestFallbackFactory
FN:259,(anonymous_22)
FN:359,hasHeader
FN:361,(anonymous_24)
FN:364,createAbortError
FN:370,parseRuntimeResponseBody
FN:382,extractTextLikeContent
FN:389,(anonymous_28)
FN:400,createOpenAICompatibleStreamState
FN:412,createAnthropicStreamState
FN:422,createGoogleStreamState
FN:431,createOllamaStreamState
FN:441,splitBufferedText
FN:457,extractSsePayload
FN:465,(anonymous_35)
FN:472,(anonymous_36)
FN:477,parseJsonPayload
FN:485,getOpenAICompatibleStreamParsedText
FN:491,extractOpenAICompatibleStreamEventText
FN:522,processOpenAICompatibleSseFrame
FN:530,(anonymous_41)
FN:538,(anonymous_42)
FN:570,drainOpenAICompatibleSseBuffer
FN:581,(anonymous_44)
FN:587,(anonymous_45)
FN:590,processAnthropicSseFrame
FN:621,drainAnthropicSseBuffer
FN:628,(anonymous_48)
FN:631,processGoogleSseFrame
FN:646,(anonymous_50)
FN:654,drainGoogleSseBuffer
FN:661,(anonymous_52)
FN:664,processOllamaJsonLine
FN:692,drainOllamaJsonLines
FN:699,(anonymous_55)
FN:702,createAnthropicStreamingStrategy
FN:705,(anonymous_57)
FN:713,(anonymous_58)
FN:732,(anonymous_59)
FN:735,(anonymous_60)
FN:741,createGoogleStreamingStrategy
FN:744,(anonymous_62)
FN:752,(anonymous_63)
FN:777,(anonymous_64)
FN:780,(anonymous_65)
FN:786,createOllamaStreamingStrategy
FN:789,(anonymous_67)
FN:797,(anonymous_68)
FN:818,(anonymous_69)
FN:821,(anonymous_70)
FN:827,canUseWebFetchTransport
FN:840,sanitizeUrlForDebug
FN:848,(anonymous_73)
FN:860,sanitizeHeadersForDebug
FN:882,createTransportDebugAttempt
FN:896,getTransportDebugAttempts
FN:900,mergeTransportDebugAttempts
FN:910,attachTransportDebugToError
FN:916,attachTransportDebugToResponse
FN:924,normalizeRuntimeResponse
FN:942,requestViaObsidianTransport
FN:969,extractFetchHeaders
FN:971,(anonymous_84)
FN:977,readFetchResponseText
FN:1018,requestViaWebFetchTransport
FN:1061,canUseDesktopHttpTransport
FN:1085,resolveDirectRuntimeTransport
FN:1095,requestViaDesktopHttpTransport
FN:1099,(anonymous_93)
FN:1115,(anonymous_94)
FN:1122,(anonymous_95)
FN:1131,(anonymous_96)
FN:1147,(anonymous_97)
FN:1153,(anonymous_98)
FN:1168,(anonymous_99)
FN:1171,(anonymous_100)
FN:1189,(anonymous_101)
FN:1192,(anonymous_102)
FN:1199,(anonymous_103)
FN:1221,(anonymous_104)
FN:1244,buildOpenAICompatibleStreamResponse
FN:1306,createOpenAICompatibleStreamTransportError
FN:1334,requestViaWebFetchOpenAICompatibleStreamTransport
FN:1438,requestViaDesktopHttpOpenAICompatibleStreamTransport
FN:1443,(anonymous_111)
FN:1460,(anonymous_112)
FN:1467,(anonymous_113)
FN:1476,(anonymous_114)
FN:1492,(anonymous_115)
FN:1498,(anonymous_116)
FN:1510,(anonymous_117)
FN:1520,(anonymous_118)
FN:1537,(anonymous_119)
FN:1540,(anonymous_120)
FN:1547,(anonymous_121)
FN:1569,(anonymous_122)
FN:1592,requestOpenAICompatibleWithStreamingFallback
FN:1593,(anonymous_124)
FN:1609,(anonymous_125)
FN:1609,(anonymous_126)
FN:1727,buildStructuredStreamingResponse
FN:1755,createStructuredStreamingTransportError
FN:1783,requestViaWebFetchStructuredStreamingTransport
FN:1880,requestViaDesktopHttpStructuredStreamingTransport
FN:1886,(anonymous_133)
FN:1903,(anonymous_134)
FN:1910,(anonymous_135)
FN:1919,(anonymous_136)
FN:1935,(anonymous_137)
FN:1941,(anonymous_138)
FN:1954,(anonymous_139)
FN:1961,(anonymous_140)
FN:1979,(anonymous_141)
FN:1982,(anonymous_142)
FN:1989,(anonymous_143)
FN:2011,(anonymous_144)
FN:2034,requestRuntimeUrlWithStructuredStreamingFallback
FN:2080,requestRuntimeUrlWithDesktopFallback
FN:2124,buildOpenAICompatibleRequestBody
FN:2190,extractOpenAICompatibleText
FN:2228,buildRuntimeResponseStatusError
FN:2239,testOpenAICompatibleAPI
FN:2258,(anonymous_154)
FN:2289,(anonymous_155)
FN:2312,testAPI
FN:2312,(anonymous_157)
FN:2340,(anonymous_158)
FN:2369,(anonymous_159)
FN:2383,(anonymous_160)
FN:2405,(anonymous_161)
FN:2536,getErrorDetails
FN:2560,getDebugInfo
FN:2564,(anonymous_166)
FN:2619,handleApiError
FN:2675,getAbortSignal
FN:2684,executeDeepSeekAPI
FN:2688,executeOpenAIApi
FN:2692,executeAnthropicApi
FN:2756,executeGoogleApi
FN:2810,executeMistralApi
FN:2814,executeAzureOpenAIApi
FN:2862,executeLMStudioApi
FN:2866,executeOllamaApi
FN:2923,executeOpenRouterAPI
FN:2927,executeXaiApi
FN:2931,executeOpenAICompatibleApi
FN:2982,callOpenAICompatibleDiagnosticWithMode
FN:3103,callDeepSeekAPI
FN:3107,callOpenAIApi
FN:3111,callAnthropicApi
FN:3115,callGoogleApi
FN:3119,callMistralApi
FN:3123,callAzureOpenAIApi
FN:3127,callLMStudioApi
FN:3131,callOllamaApi
FN:3135,callOpenRouterAPI
FN:3139,callXaiApi
FN:3143,callOpenAICompatibleApi
FNF:177
FNH:160
FNDA:49,providerRequiresApiKey
FNDA:49,ensureProviderApiKey
FNDA:102,isOpenAIReasoningModel
FNDA:12,isDeepSeekReasoningModel
FNDA:4,isOpenRouterReasoningModel
FNDA:94,shouldUseCombinedUserPrompt
FNDA:71,resolveProviderTokenLimit
FNDA:36,resolveProviderTopP
FNDA:4,normalizeReasoningEffort
FNDA:36,supportsReasoningEffort
FNDA:3,shouldEnableDeepSeekThinking
FNDA:49,buildOpenAICompatibleHeaders
FNDA:47,buildOpenAICompatibleMessages
FNDA:57,isTransientNetworkErrorMessage
FNDA:109,(anonymous_14)
FNDA:4,isAbortError
FNDA:10,waitForConnectionTestRetry
FNDA:10,(anonymous_18)
FNDA:18,requestUrlForConnectionTest
FNDA:18,buildConnectionTestFallbackFactory
FNDA:1,(anonymous_22)
FNDA:66,hasHeader
FNDA:231,(anonymous_24)
FNDA:0,createAbortError
FNDA:8,parseRuntimeResponseBody
FNDA:61,extractTextLikeContent
FNDA:0,(anonymous_28)
FNDA:15,createOpenAICompatibleStreamState
FNDA:4,createAnthropicStreamState
FNDA:2,createGoogleStreamState
FNDA:4,createOllamaStreamState
FNDA:36,splitBufferedText
FNDA:15,extractSsePayload
FNDA:20,(anonymous_35)
FNDA:10,(anonymous_36)
FNDA:18,parseJsonPayload
FNDA:15,getOpenAICompatibleStreamParsedText
FNDA:32,extractOpenAICompatibleStreamEventText
FNDA:55,processOpenAICompatibleSseFrame
FNDA:45,(anonymous_41)
FNDA:42,(anonymous_42)
FNDA:59,drainOpenAICompatibleSseBuffer
FNDA:13,(anonymous_44)
FNDA:42,(anonymous_45)
FNDA:11,processAnthropicSseFrame
FNDA:20,drainAnthropicSseBuffer
FNDA:11,(anonymous_48)
FNDA:4,processGoogleSseFrame
FNDA:2,(anonymous_50)
FNDA:5,drainGoogleSseBuffer
FNDA:4,(anonymous_52)
FNDA:10,processOllamaJsonLine
FNDA:11,drainOllamaJsonLines
FNDA:10,(anonymous_55)
FNDA:7,createAnthropicStreamingStrategy
FNDA:17,(anonymous_57)
FNDA:3,(anonymous_58)
FNDA:4,(anonymous_59)
FNDA:1,(anonymous_60)
FNDA:5,createGoogleStreamingStrategy
FNDA:3,(anonymous_62)
FNDA:2,(anonymous_63)
FNDA:2,(anonymous_64)
FNDA:0,(anonymous_65)
FNDA:7,createOllamaStreamingStrategy
FNDA:8,(anonymous_67)
FNDA:3,(anonymous_68)
FNDA:4,(anonymous_69)
FNDA:1,(anonymous_70)
FNDA:6,canUseWebFetchTransport
FNDA:136,sanitizeUrlForDebug
FNDA:27,(anonymous_73)
FNDA:327,sanitizeHeadersForDebug
FNDA:124,createTransportDebugAttempt
FNDA:82,getTransportDebugAttempts
FNDA:35,mergeTransportDebugAttempts
FNDA:69,attachTransportDebugToError
FNDA:89,attachTransportDebugToResponse
FNDA:66,normalizeRuntimeResponse
FNDA:85,requestViaObsidianTransport
FNDA:6,extractFetchHeaders
FNDA:10,(anonymous_84)
FNDA:1,readFetchResponseText
FNDA:1,requestViaWebFetchTransport
FNDA:54,canUseDesktopHttpTransport
FNDA:0,resolveDirectRuntimeTransport
FNDA:2,requestViaDesktopHttpTransport
FNDA:2,(anonymous_93)
FNDA:2,(anonymous_94)
FNDA:1,(anonymous_95)
FNDA:1,(anonymous_96)
FNDA:1,(anonymous_97)
FNDA:0,(anonymous_98)
FNDA:1,(anonymous_99)
FNDA:1,(anonymous_100)
FNDA:0,(anonymous_101)
FNDA:0,(anonymous_102)
FNDA:1,(anonymous_103)
FNDA:0,(anonymous_104)
FNDA:13,buildOpenAICompatibleStreamResponse
FNDA:2,createOpenAICompatibleStreamTransportError
FNDA:2,requestViaWebFetchOpenAICompatibleStreamTransport
FNDA:21,requestViaDesktopHttpOpenAICompatibleStreamTransport
FNDA:21,(anonymous_111)
FNDA:21,(anonymous_112)
FNDA:9,(anonymous_113)
FNDA:12,(anonymous_114)
FNDA:14,(anonymous_115)
FNDA:2,(anonymous_116)
FNDA:42,(anonymous_117)
FNDA:12,(anonymous_118)
FNDA:0,(anonymous_119)
FNDA:0,(anonymous_120)
FNDA:7,(anonymous_121)
FNDA:0,(anonymous_122)
FNDA:41,requestOpenAICompatibleWithStreamingFallback
FNDA:41,(anonymous_124)
FNDA:38,(anonymous_125)
FNDA:38,(anonymous_126)
FNDA:8,buildStructuredStreamingResponse
FNDA:2,createStructuredStreamingTransportError
FNDA:3,requestViaWebFetchStructuredStreamingTransport
FNDA:10,requestViaDesktopHttpStructuredStreamingTransport
FNDA:10,(anonymous_133)
FNDA:10,(anonymous_134)
FNDA:4,(anonymous_135)
FNDA:6,(anonymous_136)
FNDA:7,(anonymous_137)
FNDA:1,(anonymous_138)
FNDA:18,(anonymous_139)
FNDA:6,(anonymous_140)
FNDA:0,(anonymous_141)
FNDA:0,(anonymous_142)
FNDA:3,(anonymous_143)
FNDA:0,(anonymous_144)
FNDA:19,requestRuntimeUrlWithStructuredStreamingFallback
FNDA:0,requestRuntimeUrlWithDesktopFallback
FNDA:47,buildOpenAICompatibleRequestBody
FNDA:29,extractOpenAICompatibleText
FNDA:0,buildRuntimeResponseStatusError
FNDA:13,testOpenAICompatibleAPI
FNDA:5,(anonymous_154)
FNDA:15,(anonymous_155)
FNDA:17,testAPI
FNDA:17,(anonymous_157)
FNDA:2,(anonymous_158)
FNDA:2,(anonymous_159)
FNDA:2,(anonymous_160)
FNDA:2,(anonymous_161)
FNDA:2,getErrorDetails
FNDA:8,getDebugInfo
FNDA:12,(anonymous_166)
FNDA:14,handleApiError
FNDA:60,getAbortSignal
FNDA:1,executeDeepSeekAPI
FNDA:1,executeOpenAIApi
FNDA:7,executeAnthropicApi
FNDA:5,executeGoogleApi
FNDA:1,executeMistralApi
FNDA:5,executeAzureOpenAIApi
FNDA:1,executeLMStudioApi
FNDA:7,executeOllamaApi
FNDA:2,executeOpenRouterAPI
FNDA:1,executeXaiApi
FNDA:36,executeOpenAICompatibleApi
FNDA:0,callOpenAICompatibleDiagnosticWithMode
FNDA:1,callDeepSeekAPI
FNDA:1,callOpenAIApi
FNDA:6,callAnthropicApi
FNDA:4,callGoogleApi
FNDA:1,callMistralApi
FNDA:4,callAzureOpenAIApi
FNDA:1,callLMStudioApi
FNDA:6,callOllamaApi
FNDA:2,callOpenRouterAPI
FNDA:1,callXaiApi
FNDA:26,callOpenAICompatibleApi
DA:1,2
DA:3,2
DA:4,2
DA:5,2
DA:9,49
DA:13,49
DA:14,0
DA:19,102
DA:20,102
DA:24,12
DA:25,12
DA:29,4
DA:30,4
DA:39,94
DA:41,8
DA:43,4
DA:45,82
DA:55,71
DA:56,11
DA:59,60
DA:60,60
DA:61,60
DA:62,7
DA:63,3
DA:65,4
DA:68,53
DA:69,53
DA:72,41
DA:73,1
DA:75,40
DA:77,12
DA:80,0
DA:81,0
DA:84,0
DA:88,36
DA:89,36
DA:90,33
DA:93,3
DA:94,0
DA:97,3
DA:101,4
DA:102,1
DA:105,3
DA:106,3
DA:110,3
DA:114,0
DA:119,36
DA:120,3
DA:123,33
DA:124,20
DA:127,13
DA:131,3
DA:135,49
DA:139,49
DA:140,48
DA:143,49
DA:144,3
DA:145,3
DA:148,49
DA:151,2
DA:164,47
DA:165,1
DA:173,46
DA:180,57
DA:181,109
DA:185,4
DA:186,0
DA:189,4
DA:190,4
DA:200,2
DA:201,2
DA:204,10
DA:211,18
DA:212,18
DA:213,18
DA:215,18
DA:216,28
DA:217,28
DA:219,11
DA:220,11
DA:221,11
DA:223,11
DA:224,1
DA:225,1
DA:227,0
DA:228,0
DA:230,0
DA:231,0
DA:236,10
DA:237,9
DA:238,9
DA:241,10
DA:242,0
DA:245,10
DA:249,0
DA:255,18
DA:256,17
DA:259,1
DA:342,2
DA:352,2
DA:360,66
DA:361,231
DA:365,0
DA:366,0
DA:367,0
DA:371,8
DA:372,0
DA:375,8
DA:376,8
DA:378,0
DA:383,61
DA:384,51
DA:387,10
DA:388,0
DA:389,0
DA:393,10
DA:394,0
DA:397,10
DA:401,15
DA:413,4
DA:423,2
DA:432,4
DA:446,36
DA:447,36
DA:448,8
DA:451,28
DA:458,15
DA:459,15
DA:460,3
DA:463,12
DA:465,20
DA:467,12
DA:468,2
DA:471,10
DA:472,10
DA:478,18
DA:479,18
DA:481,0
DA:486,15
DA:492,32
DA:493,0
DA:494,0
DA:495,0
DA:498,32
DA:499,32
DA:500,0
DA:501,0
DA:502,0
DA:505,32
DA:506,32
DA:507,32
DA:515,32
DA:523,55
DA:524,55
DA:525,10
DA:528,45
DA:530,45
DA:532,45
DA:533,3
DA:536,42
DA:537,42
DA:538,42
DA:542,42
DA:543,0
DA:546,42
DA:547,10
DA:548,10
DA:552,32
DA:553,32
DA:555,0
DA:558,32
DA:559,32
DA:560,21
DA:562,32
DA:563,0
DA:565,32
DA:566,10
DA:575,59
DA:577,59
DA:578,13
DA:579,13
DA:581,13
DA:582,13
DA:585,46
DA:586,46
DA:587,46
DA:591,11
DA:592,11
DA:593,3
DA:596,8
DA:597,8
DA:599,8
DA:600,0
DA:601,0
DA:604,8
DA:605,0
DA:608,8
DA:609,5
DA:612,8
DA:613,1
DA:616,8
DA:617,2
DA:626,20
DA:627,20
DA:628,20
DA:632,4
DA:633,4
DA:634,2
DA:637,2
DA:638,2
DA:640,2
DA:641,0
DA:642,0
DA:645,2
DA:646,2
DA:649,2
DA:650,2
DA:659,5
DA:660,5
DA:661,5
DA:665,10
DA:666,10
DA:667,2
DA:670,8
DA:671,8
DA:673,8
DA:674,0
DA:677,8
DA:683,8
DA:684,6
DA:687,8
DA:688,2
DA:697,11
DA:698,11
DA:699,11
DA:703,7
DA:706,17
DA:707,0
DA:709,17
DA:710,17
DA:711,17
DA:714,3
DA:716,3
DA:717,2
DA:726,1
DA:727,1
DA:733,4
DA:736,1
DA:742,5
DA:745,3
DA:746,0
DA:748,3
DA:749,3
DA:750,3
DA:753,2
DA:755,2
DA:756,1
DA:771,1
DA:772,1
DA:778,2
DA:781,0
DA:787,7
DA:790,8
DA:791,0
DA:793,8
DA:794,8
DA:795,8
DA:798,3
DA:800,3
DA:801,3
DA:812,0
DA:813,0
DA:819,4
DA:822,1
DA:828,6
DA:829,0
DA:832,6
DA:833,6
DA:834,6
DA:836,0
DA:841,136
DA:842,136
DA:843,136
DA:844,0
DA:845,0
DA:848,136
DA:849,27
DA:850,14
DA:854,136
DA:856,0
DA:861,327
DA:862,138
DA:865,189
DA:866,189
DA:867,387
DA:868,0
DA:871,387
DA:872,387
DA:879,189
DA:887,124
DA:897,82
DA:901,35
DA:902,35
DA:903,70
DA:904,70
DA:907,35
DA:911,69
DA:912,69
DA:913,69
DA:920,89
DA:921,89
DA:928,66
DA:934,66
DA:943,85
DA:945,85
DA:946,85
DA:947,42
DA:954,42
DA:956,43
DA:957,43
DA:965,43
DA:970,6
DA:971,6
DA:972,10
DA:974,6
DA:983,1
DA:984,1
DA:987,0
DA:988,0
DA:989,0
DA:991,0
DA:992,0
DA:993,0
DA:994,0
DA:995,0
DA:997,0
DA:998,0
DA:1001,0
DA:1002,0
DA:1004,0
DA:1005,0
DA:1006,0
DA:1014,0
DA:1022,1
DA:1024,1
DA:1025,1
DA:1031,1
DA:1032,1
DA:1033,1
DA:1040,1
DA:1047,0
DA:1048,0
DA:1051,0
DA:1052,0
DA:1057,0
DA:1062,54
DA:1063,6
DA:1066,48
DA:1067,48
DA:1068,48
DA:1069,43
DA:1070,43
DA:1072,5
DA:1073,5
DA:1074,5
DA:1077,0
DA:1080,0
DA:1086,0
DA:1087,0
DA:1089,0
DA:1090,0
DA:1092,0
DA:1099,2
DA:1100,2
DA:1101,2
DA:1102,2
DA:1103,2
DA:1105,2
DA:1106,2
DA:1108,2
DA:1109,2
DA:1112,2
DA:1113,2
DA:1115,2
DA:1116,2
DA:1117,0
DA:1119,2
DA:1122,2
DA:1123,1
DA:1124,0
DA:1126,1
DA:1127,1
DA:1128,1
DA:1131,2
DA:1132,1
DA:1133,0
DA:1135,1
DA:1136,1
DA:1137,1
DA:1140,2
DA:1148,1
DA:1149,1
DA:1150,1
DA:1151,1
DA:1153,1
DA:1154,0
DA:1155,0
DA:1156,0
DA:1165,0
DA:1168,1
DA:1169,1
DA:1171,1
DA:1172,1
DA:1173,1
DA:1174,1
DA:1181,1
DA:1188,1
DA:1189,1
DA:1190,0
DA:1192,1
DA:1193,0
DA:1194,0
DA:1199,2
DA:1200,1
DA:1201,1
DA:1206,1
DA:1209,2
DA:1210,0
DA:1211,0
DA:1212,0
DA:1218,0
DA:1221,2
DA:1222,0
DA:1223,0
DA:1224,0
DA:1232,2
DA:1233,0
DA:1236,2
DA:1237,2
DA:1240,2
DA:1253,13
DA:1255,13
DA:1256,13
DA:1257,13
DA:1265,13
DA:1266,10
DA:1267,0
DA:1282,10
DA:1298,3
DA:1315,2
DA:1316,2
DA:1317,0
DA:1320,2
DA:1321,2
DA:1322,2
DA:1339,2
DA:1340,2
DA:1342,2
DA:1343,2
DA:1349,2
DA:1351,2
DA:1352,1
DA:1353,1
DA:1360,1
DA:1368,1
DA:1369,1
DA:1370,1
DA:1372,1
DA:1373,1
DA:1374,5
DA:1375,5
DA:1376,1
DA:1378,4
DA:1379,4
DA:1380,4
DA:1381,4
DA:1382,4
DA:1383,4
DA:1388,1
DA:1389,1
DA:1390,0
DA:1391,0
DA:1394,1
DA:1404,0
DA:1405,0
DA:1406,0
DA:1407,0
DA:1409,0
DA:1419,1
DA:1420,1
DA:1424,0
DA:1425,0
DA:1428,0
DA:1429,0
DA:1434,0
DA:1443,21
DA:1444,21
DA:1445,21
DA:1446,21
DA:1447,21
DA:1448,21
DA:1450,21
DA:1451,21
DA:1453,21
DA:1454,21
DA:1457,21
DA:1458,21
DA:1460,21
DA:1461,21
DA:1462,0
DA:1464,21
DA:1467,21
DA:1468,9
DA:1469,0
DA:1471,9
DA:1472,9
DA:1473,9
DA:1476,21
DA:1477,12
DA:1478,0
DA:1480,12
DA:1481,12
DA:1482,12
DA:1485,21
DA:1493,14
DA:1494,14
DA:1495,14
DA:1496,14
DA:1498,14
DA:1499,2
DA:1510,14
DA:1511,42
DA:1512,42
DA:1513,42
DA:1514,42
DA:1515,42
DA:1517,0
DA:1520,14
DA:1521,12
DA:1522,12
DA:1523,12
DA:1533,0
DA:1536,14
DA:1537,14
DA:1538,0
DA:1540,14
DA:1541,0
DA:1542,0
DA:1547,21
DA:1548,7
DA:1549,7
DA:1554,7
DA:1557,21
DA:1558,0
DA:1559,0
DA:1560,0
DA:1566,0
DA:1569,21
DA:1570,0
DA:1571,0
DA:1572,0
DA:1580,21
DA:1581,0
DA:1584,21
DA:1585,21
DA:1588,21
DA:1593,41
DA:1600,41
DA:1609,41
DA:1610,38
DA:1611,38
DA:1613,19
DA:1614,19
DA:1615,19
DA:1621,19
DA:1622,0
DA:1625,19
DA:1626,19
DA:1631,19
DA:1632,19
DA:1635,13
DA:1640,6
DA:1648,41
DA:1649,37
DA:1652,4
DA:1658,4
DA:1659,0
DA:1662,4
DA:1663,4
DA:1668,4
DA:1669,4
DA:1673,3
DA:1674,1
DA:1677,2
DA:1678,2
DA:1680,2
DA:1681,2
DA:1686,2
DA:1687,2
DA:1690,1
DA:1695,1
DA:1696,0
DA:1702,1
DA:1703,1
DA:1705,1
DA:1706,1
DA:1711,1
DA:1712,1
DA:1713,1
DA:1718,0
DA:1737,8
DA:1738,8
DA:1739,8
DA:1747,8
DA:1765,2
DA:1766,2
DA:1767,0
DA:1770,2
DA:1771,2
DA:1789,3
DA:1790,3
DA:1792,3
DA:1793,3
DA:1799,3
DA:1800,3
DA:1802,3
DA:1803,0
DA:1804,0
DA:1816,3
DA:1817,3
DA:1819,3
DA:1820,3
DA:1821,13
DA:1822,12
DA:1823,2
DA:1825,10
DA:1826,10
DA:1830,2
DA:1831,2
DA:1832,0
DA:1835,2
DA:1846,1
DA:1847,1
DA:1848,0
DA:1850,1
DA:1861,3
DA:1862,3
DA:1866,1
DA:1867,1
DA:1870,0
DA:1871,0
DA:1876,0
DA:1886,10
DA:1887,10
DA:1888,10
DA:1889,10
DA:1890,10
DA:1891,10
DA:1893,10
DA:1894,10
DA:1896,10
DA:1897,10
DA:1900,10
DA:1901,10
DA:1903,10
DA:1904,10
DA:1905,0
DA:1907,10
DA:1910,10
DA:1911,4
DA:1912,0
DA:1914,4
DA:1915,4
DA:1916,4
DA:1919,10
DA:1920,6
DA:1921,0
DA:1923,6
DA:1924,6
DA:1925,6
DA:1928,10
DA:1936,7
DA:1937,7
DA:1938,7
DA:1939,7
DA:1941,7
DA:1942,1
DA:1954,7
DA:1955,18
DA:1956,18
DA:1958,0
DA:1961,7
DA:1962,6
DA:1963,6
DA:1964,6
DA:1975,0
DA:1978,7
DA:1979,7
DA:1980,0
DA:1982,7
DA:1983,0
DA:1984,0
DA:1989,10
DA:1990,3
DA:1991,3
DA:1996,3
DA:1999,10
DA:2000,0
DA:2001,0
DA:2002,0
DA:2008,0
DA:2011,10
DA:2012,0
DA:2013,0
DA:2014,0
DA:2022,10
DA:2023,0
DA:2026,10
DA:2027,10
DA:2030,10
DA:2042,19
DA:2043,19
DA:2045,13
DA:2046,13
DA:2047,13
DA:2053,13
DA:2054,0
DA:2057,13
DA:2058,13
DA:2063,13
DA:2064,13
DA:2067,8
DA:2072,5
DA:2086,0
DA:2087,0
DA:2089,0
DA:2090,0
DA:2091,0
DA:2097,0
DA:2098,0
DA:2101,0
DA:2102,0
DA:2107,0
DA:2108,0
DA:2111,0
DA:2116,0
DA:2133,47
DA:2134,47
DA:2139,47
DA:2140,47
DA:2141,47
DA:2142,47
DA:2145,47
DA:2146,47
DA:2148,47
DA:2149,4
DA:2150,4
DA:2152,4
DA:2153,2
DA:2155,4
DA:2156,2
DA:2158,4
DA:2159,2
DA:2161,4
DA:2162,4
DA:2164,4
DA:2167,43
DA:2168,43
DA:2171,43
DA:2172,42
DA:2173,42
DA:2175,1
DA:2176,0
DA:2179,43
DA:2180,1
DA:2183,43
DA:2184,1
DA:2187,43
DA:2191,29
DA:2192,29
DA:2193,0
DA:2194,0
DA:2195,0
DA:2198,29
DA:2199,29
DA:2200,29
DA:2206,29
DA:2207,29
DA:2208,28
DA:2211,1
DA:2212,1
DA:2213,1
DA:2214,1
DA:2218,0
DA:2221,0
DA:2222,0
DA:2225,0
DA:2229,0
DA:2230,0
DA:2231,0
DA:2232,0
DA:2233,0
DA:2234,0
DA:2236,0
DA:2240,13
DA:2243,13
DA:2244,13
DA:2246,13
DA:2248,3
DA:2250,3
DA:2251,3
DA:2257,3
DA:2258,5
DA:2262,0
DA:2265,3
DA:2266,2
DA:2270,11
DA:2271,11
DA:2281,11
DA:2288,11
DA:2289,15
DA:2293,11
DA:2294,0
DA:2295,0
DA:2296,0
DA:2298,0
DA:2301,11
DA:2312,17
DA:2313,17
DA:2314,17
DA:2316,17
DA:2317,13
DA:2323,4
DA:2325,4
DA:2327,1
DA:2328,1
DA:2339,1
DA:2340,2
DA:2343,1
DA:2344,0
DA:2345,0
DA:2346,0
DA:2348,0
DA:2351,1
DA:2354,1
DA:2355,1
DA:2356,1
DA:2357,1
DA:2362,1
DA:2367,1
DA:2368,1
DA:2369,2
DA:2372,1
DA:2373,1
DA:2376,1
DA:2377,1
DA:2378,1
DA:2379,1
DA:2380,1
DA:2381,1
DA:2382,1
DA:2383,2
DA:2386,1
DA:2387,1
DA:2389,1
DA:2390,1
DA:2391,1
DA:2392,1
DA:2393,1
DA:2395,1
DA:2396,1
DA:2397,1
DA:2398,1
DA:2399,1
DA:2401,1
DA:2402,1
DA:2404,1
DA:2405,2
DA:2408,1
DA:2409,1
DA:2412,0
DA:2415,0
DA:2416,0
DA:2418,0
DA:2419,0
DA:2420,0
DA:2421,0
DA:2422,0
DA:2425,0
DA:2450,53
DA:2451,53
DA:2452,53
DA:2453,53
DA:2454,53
DA:2455,53
DA:2457,53
DA:2458,60
DA:2460,0
DA:2463,60
DA:2465,60
DA:2467,14
DA:2468,14
DA:2469,14
DA:2470,14
DA:2473,14
DA:2475,0
DA:2478,14
DA:2480,14
DA:2481,10
DA:2482,10
DA:2483,10
DA:2484,10
DA:2491,14
DA:2492,14
DA:2493,14
DA:2494,1
DA:2497,13
DA:2498,13
DA:2499,13
DA:2500,0
DA:2501,0
DA:2510,13
DA:2512,0
DA:2515,13
DA:2516,7
DA:2517,7
DA:2519,7
DA:2522,13
DA:2523,6
DA:2528,6
DA:2529,6
DA:2537,2
DA:2538,2
DA:2540,2
DA:2541,2
DA:2543,0
DA:2544,0
DA:2546,0
DA:2547,0
DA:2549,0
DA:2551,0
DA:2560,2
DA:2561,8
DA:2562,8
DA:2564,8
DA:2565,12
DA:2566,12
DA:2567,12
DA:2568,12
DA:2569,8
DA:2571,12
DA:2572,11
DA:2574,12
DA:2575,6
DA:2577,12
DA:2578,11
DA:2580,12
DA:2581,12
DA:2582,5
DA:2584,12
DA:2585,3
DA:2587,12
DA:2588,6
DA:2590,6
DA:2591,0
DA:2593,6
DA:2594,0
DA:2599,8
DA:2600,8
DA:2601,8
DA:2602,0
DA:2604,8
DA:2605,7
DA:2608,8
DA:2619,2
DA:2626,14
DA:2627,14
DA:2630,14
DA:2631,12
DA:2633,12
DA:2634,0
DA:2635,0
DA:2637,2
DA:2639,2
DA:2640,2
DA:2642,0
DA:2646,14
DA:2649,14
DA:2650,5
DA:2651,1
DA:2653,5
DA:2654,1
DA:2655,4
DA:2656,4
DA:2659,5
DA:2660,5
DA:2661,5
DA:2666,14
DA:2667,2
DA:2669,12
DA:2676,60
DA:2677,0
DA:2679,60
DA:2680,60
DA:2681,60
DA:2685,1
DA:2689,1
DA:2693,7
DA:2694,7
DA:2695,7
DA:2696,7
DA:2703,7
DA:2704,7
DA:2709,7
DA:2711,7
DA:2712,7
DA:2714,7
DA:2715,7
DA:2738,2
DA:2741,5
DA:2742,5
DA:2743,0
DA:2745,5
DA:2746,5
DA:2747,5
DA:2748,5
DA:2750,7
DA:2751,7
DA:2757,5
DA:2758,5
DA:2759,5
DA:2760,5
DA:2761,5
DA:2762,5
DA:2763,5
DA:2767,5
DA:2769,5
DA:2771,5
DA:2772,5
DA:2774,5
DA:2775,5
DA:2792,1
DA:2795,4
DA:2796,4
DA:2797,0
DA:2799,4
DA:2800,4
DA:2801,4
DA:2802,4
DA:2804,5
DA:2805,5
DA:2811,1
DA:2815,5
DA:2816,5
DA:2817,5
DA:2818,5
DA:2819,5
DA:2824,5
DA:2825,5
DA:2830,5
DA:2832,5
DA:2833,5
DA:2835,5
DA:2836,5
DA:2844,1
DA:2847,4
DA:2848,4
DA:2849,0
DA:2851,4
DA:2852,4
DA:2853,4
DA:2854,4
DA:2856,5
DA:2857,5
DA:2863,1
DA:2868,7
DA:2869,7
DA:2870,7
DA:2876,7
DA:2877,7
DA:2882,7
DA:2884,7
DA:2885,7
DA:2887,7
DA:2888,7
DA:2905,2
DA:2908,5
DA:2909,5
DA:2910,0
DA:2912,5
DA:2913,5
DA:2914,5
DA:2915,5
DA:2917,7
DA:2918,7
DA:2924,2
DA:2928,1
DA:2932,36
DA:2934,36
DA:2935,36
DA:2943,36
DA:2944,36
DA:2949,36
DA:2951,36
DA:2952,36
DA:2954,36
DA:2955,36
DA:2963,6
DA:2966,30
DA:2967,30
DA:2968,1
DA:2971,29
DA:2972,29
DA:2973,29
DA:2974,29
DA:2976,36
DA:2977,36
DA:2982,2
DA:2992,0
DA:2994,0
DA:2995,0
DA:3003,0
DA:3004,0
DA:3009,0
DA:3016,0
DA:3027,0
DA:3029,0
DA:3037,0
DA:3040,0
DA:3041,0
DA:3042,0
DA:3045,0
DA:3046,0
DA:3047,0
DA:3050,0
DA:3054,0
DA:3057,0
DA:3060,0
DA:3061,0
DA:3062,0
DA:3065,0
DA:3069,0
DA:3072,0
DA:3076,0
DA:3084,0
DA:3088,0
DA:3089,0
DA:3092,0
DA:3093,0
DA:3094,0
DA:3103,2
DA:3104,1
DA:3107,2
DA:3108,1
DA:3111,2
DA:3112,6
DA:3115,2
DA:3116,4
DA:3119,2
DA:3120,1
DA:3123,2
DA:3124,4
DA:3127,2
DA:3128,1
DA:3131,2
DA:3132,6
DA:3135,2
DA:3136,2
DA:3139,2
DA:3140,1
DA:3143,2
DA:3144,26
DA:3147,2
DA:3156,46
DA:3157,46
DA:3159,46
DA:3161,26
DA:3163,6
DA:3165,4
DA:3167,4
DA:3169,6
DA:3171,0
LF:1182
LH:927
BRDA:9,0,0,0
BRDA:9,0,1,49
BRDA:9,1,0,49
BRDA:9,1,1,49
BRDA:13,2,0,0
BRDA:13,3,0,49
BRDA:13,3,1,47
BRDA:20,4,0,102
BRDA:20,4,1,102
BRDA:20,4,2,102
BRDA:20,4,3,102
BRDA:25,5,0,12
BRDA:25,5,1,12
BRDA:25,5,2,12
BRDA:30,6,0,4
BRDA:30,6,1,4
BRDA:30,6,2,4
BRDA:30,6,3,4
BRDA:30,6,4,4
BRDA:30,6,5,4
BRDA:39,7,0,8
BRDA:39,7,1,4
BRDA:39,7,2,82
BRDA:55,8,0,11
BRDA:55,9,0,60
BRDA:55,9,1,11
BRDA:55,10,0,71
BRDA:55,10,1,71
BRDA:61,11,0,7
BRDA:61,12,0,60
BRDA:61,12,1,7
BRDA:62,13,0,3
BRDA:62,14,0,7
BRDA:62,14,1,3
BRDA:68,15,0,53
BRDA:68,16,0,53
BRDA:68,16,1,53
BRDA:69,17,0,41
BRDA:69,18,0,53
BRDA:69,18,1,41
BRDA:72,19,0,1
BRDA:80,20,0,0
BRDA:80,21,0,0
BRDA:80,21,1,0
BRDA:89,22,0,33
BRDA:93,23,0,0
BRDA:93,24,0,3
BRDA:93,24,1,3
BRDA:101,25,0,1
BRDA:106,26,0,0
BRDA:106,26,1,0
BRDA:106,26,2,3
BRDA:106,26,3,0
BRDA:106,26,4,0
BRDA:106,26,5,0
BRDA:119,27,0,3
BRDA:123,28,0,20
BRDA:123,29,0,33
BRDA:123,29,1,14
BRDA:123,29,2,13
BRDA:131,30,0,3
BRDA:131,30,1,3
BRDA:139,31,0,48
BRDA:139,32,0,49
BRDA:139,32,1,2
BRDA:140,33,0,48
BRDA:140,33,1,1
BRDA:143,34,0,3
BRDA:143,35,0,49
BRDA:143,35,1,47
BRDA:164,36,0,1
BRDA:185,37,0,0
BRDA:185,38,0,4
BRDA:185,38,1,4
BRDA:189,39,0,4
BRDA:189,39,1,0
BRDA:219,40,0,11
BRDA:219,40,1,0
BRDA:220,41,0,11
BRDA:220,41,1,0
BRDA:223,42,0,1
BRDA:223,43,0,11
BRDA:223,43,1,10
BRDA:223,43,2,10
BRDA:227,44,0,0
BRDA:227,44,1,0
BRDA:228,45,0,0
BRDA:228,45,1,0
BRDA:230,46,0,0
BRDA:236,47,0,9
BRDA:236,48,0,10
BRDA:236,48,1,9
BRDA:236,48,2,9
BRDA:241,49,0,0
BRDA:241,50,0,10
BRDA:241,50,1,10
BRDA:249,51,0,0
BRDA:249,51,1,0
BRDA:255,52,0,17
BRDA:255,53,0,18
BRDA:255,53,1,1
BRDA:371,54,0,0
BRDA:383,55,0,51
BRDA:387,56,0,0
BRDA:389,57,0,0
BRDA:389,57,1,0
BRDA:389,58,0,0
BRDA:389,58,1,0
BRDA:389,59,0,0
BRDA:389,59,1,0
BRDA:389,60,0,0
BRDA:389,60,1,0
BRDA:393,61,0,0
BRDA:393,62,0,10
BRDA:393,62,1,0
BRDA:393,62,2,0
BRDA:447,63,0,8
BRDA:453,64,0,28
BRDA:453,64,1,0
BRDA:453,65,0,28
BRDA:453,65,1,28
BRDA:459,66,0,3
BRDA:467,67,0,2
BRDA:486,68,0,11
BRDA:486,68,1,4
BRDA:492,69,0,0
BRDA:492,70,0,0
BRDA:492,70,1,32
BRDA:492,71,0,32
BRDA:492,71,1,32
BRDA:493,72,0,0
BRDA:493,72,1,0
BRDA:493,73,0,0
BRDA:493,73,1,0
BRDA:493,74,0,0
BRDA:493,74,1,0
BRDA:494,75,0,0
BRDA:494,75,1,0
BRDA:494,76,0,0
BRDA:494,76,1,0
BRDA:494,77,0,0
BRDA:494,77,1,0
BRDA:498,78,0,0
BRDA:498,78,1,32
BRDA:498,79,0,32
BRDA:498,79,1,32
BRDA:498,80,0,0
BRDA:498,80,1,32
BRDA:498,81,0,32
BRDA:498,81,1,32
BRDA:499,82,0,0
BRDA:499,83,0,32
BRDA:499,83,1,32
BRDA:499,83,2,32
BRDA:500,84,0,0
BRDA:500,84,1,0
BRDA:500,85,0,0
BRDA:500,85,1,0
BRDA:500,86,0,0
BRDA:500,86,1,0
BRDA:501,87,0,0
BRDA:501,87,1,0
BRDA:501,88,0,0
BRDA:501,88,1,0
BRDA:501,89,0,0
BRDA:501,89,1,0
BRDA:505,90,0,32
BRDA:505,90,1,0
BRDA:505,91,0,32
BRDA:505,91,1,32
BRDA:505,92,0,32
BRDA:505,92,1,0
BRDA:505,93,0,32
BRDA:505,93,1,32
BRDA:505,94,0,0
BRDA:505,94,1,32
BRDA:505,95,0,32
BRDA:505,95,1,32
BRDA:505,96,0,0
BRDA:505,96,1,0
BRDA:505,97,0,0
BRDA:505,97,1,0
BRDA:506,98,0,22
BRDA:506,98,1,10
BRDA:506,99,0,32
BRDA:506,99,1,32
BRDA:506,100,0,0
BRDA:506,100,1,32
BRDA:506,101,0,32
BRDA:506,101,1,32
BRDA:506,102,0,0
BRDA:506,102,1,10
BRDA:506,103,0,10
BRDA:506,103,1,10
BRDA:507,104,0,0
BRDA:507,104,1,32
BRDA:507,105,0,0
BRDA:507,105,1,32
BRDA:507,106,0,32
BRDA:507,106,1,32
BRDA:509,107,0,0
BRDA:509,107,1,32
BRDA:509,108,0,0
BRDA:509,108,1,32
BRDA:509,109,0,32
BRDA:509,109,1,32
BRDA:511,110,0,0
BRDA:511,110,1,32
BRDA:511,111,0,0
BRDA:511,111,1,32
BRDA:511,112,0,32
BRDA:511,112,1,32
BRDA:518,113,0,10
BRDA:518,113,1,22
BRDA:518,114,0,32
BRDA:518,114,1,10
BRDA:518,115,0,0
BRDA:518,115,1,32
BRDA:518,116,0,32
BRDA:518,116,1,32
BRDA:524,117,0,10
BRDA:532,118,0,3
BRDA:542,119,0,0
BRDA:546,120,0,10
BRDA:559,121,0,21
BRDA:562,122,0,0
BRDA:565,123,0,10
BRDA:565,124,0,32
BRDA:565,124,1,10
BRDA:573,125,0,46
BRDA:577,126,0,13
BRDA:586,127,0,46
BRDA:586,127,1,0
BRDA:586,128,0,46
BRDA:586,128,1,46
BRDA:592,129,0,3
BRDA:599,130,0,0
BRDA:599,131,0,8
BRDA:599,131,1,8
BRDA:599,132,0,0
BRDA:599,132,1,8
BRDA:599,133,0,8
BRDA:599,133,1,8
BRDA:599,134,0,0
BRDA:599,134,1,8
BRDA:599,135,0,8
BRDA:599,135,1,8
BRDA:600,136,0,0
BRDA:600,136,1,0
BRDA:600,136,2,0
BRDA:600,137,0,0
BRDA:600,137,1,0
BRDA:600,138,0,0
BRDA:600,138,1,0
BRDA:600,139,0,0
BRDA:600,139,1,0
BRDA:600,140,0,0
BRDA:600,140,1,0
BRDA:600,141,0,0
BRDA:600,141,1,0
BRDA:600,142,0,0
BRDA:600,142,1,0
BRDA:604,143,0,0
BRDA:604,144,0,8
BRDA:604,144,1,0
BRDA:604,144,2,0
BRDA:604,145,0,0
BRDA:604,145,1,8
BRDA:604,146,0,8
BRDA:604,146,1,8
BRDA:604,147,0,0
BRDA:604,147,1,0
BRDA:604,148,0,0
BRDA:604,148,1,0
BRDA:604,149,0,0
BRDA:604,149,1,0
BRDA:604,150,0,0
BRDA:604,150,1,0
BRDA:608,151,0,5
BRDA:608,152,0,8
BRDA:608,152,1,5
BRDA:608,152,2,5
BRDA:608,153,0,0
BRDA:608,153,1,8
BRDA:608,154,0,8
BRDA:608,154,1,8
BRDA:608,155,0,0
BRDA:608,155,1,5
BRDA:608,156,0,5
BRDA:608,156,1,5
BRDA:608,157,0,0
BRDA:608,157,1,5
BRDA:608,158,0,5
BRDA:608,158,1,5
BRDA:612,159,0,1
BRDA:612,160,0,8
BRDA:612,160,1,1
BRDA:612,161,0,0
BRDA:612,161,1,8
BRDA:612,162,0,8
BRDA:612,162,1,8
BRDA:612,163,0,0
BRDA:612,163,1,1
BRDA:612,164,0,1
BRDA:612,164,1,1
BRDA:612,165,0,0
BRDA:612,165,1,1
BRDA:612,166,0,1
BRDA:612,166,1,1
BRDA:616,167,0,2
BRDA:616,168,0,0
BRDA:616,168,1,8
BRDA:616,169,0,8
BRDA:616,169,1,8
BRDA:624,170,0,17
BRDA:633,171,0,2
BRDA:640,172,0,0
BRDA:640,173,0,0
BRDA:640,173,1,2
BRDA:640,174,0,2
BRDA:640,174,1,2
BRDA:641,175,0,0
BRDA:641,175,1,0
BRDA:641,176,0,0
BRDA:641,176,1,0
BRDA:641,177,0,0
BRDA:641,177,1,0
BRDA:645,178,0,2
BRDA:645,178,1,0
BRDA:645,179,0,0
BRDA:645,179,1,2
BRDA:645,180,0,2
BRDA:645,180,1,2
BRDA:645,181,0,0
BRDA:645,181,1,2
BRDA:645,182,0,2
BRDA:645,182,1,2
BRDA:645,183,0,0
BRDA:645,183,1,2
BRDA:645,184,0,2
BRDA:645,184,1,2
BRDA:645,185,0,0
BRDA:645,185,1,2
BRDA:645,186,0,2
BRDA:645,186,1,2
BRDA:645,187,0,0
BRDA:645,187,1,2
BRDA:645,188,0,2
BRDA:645,188,1,2
BRDA:646,189,0,2
BRDA:646,189,1,0
BRDA:646,190,0,0
BRDA:646,190,1,2
BRDA:646,191,0,2
BRDA:646,191,1,2
BRDA:649,192,0,2
BRDA:657,193,0,3
BRDA:666,194,0,2
BRDA:673,195,0,0
BRDA:673,196,0,8
BRDA:673,196,1,0
BRDA:673,197,0,0
BRDA:673,197,1,8
BRDA:673,198,0,8
BRDA:673,198,1,8
BRDA:677,199,0,8
BRDA:677,199,1,0
BRDA:677,200,0,0
BRDA:677,200,1,8
BRDA:677,201,0,8
BRDA:677,201,1,8
BRDA:677,202,0,0
BRDA:677,202,1,8
BRDA:677,203,0,8
BRDA:677,203,1,8
BRDA:679,204,0,0
BRDA:679,204,1,0
BRDA:679,205,0,0
BRDA:679,205,1,0
BRDA:679,206,0,0
BRDA:679,206,1,0
BRDA:683,207,0,6
BRDA:687,208,0,2
BRDA:687,209,0,0
BRDA:687,209,1,8
BRDA:687,210,0,8
BRDA:687,210,1,8
BRDA:695,211,0,8
BRDA:706,212,0,0
BRDA:716,213,0,2
BRDA:716,214,0,3
BRDA:716,214,1,2
BRDA:716,214,2,2
BRDA:719,215,0,2
BRDA:719,215,1,0
BRDA:721,216,0,2
BRDA:721,216,1,0
BRDA:736,217,0,1
BRDA:736,217,1,0
BRDA:745,218,0,0
BRDA:755,219,0,1
BRDA:755,220,0,2
BRDA:755,220,1,1
BRDA:755,220,2,1
BRDA:758,221,0,1
BRDA:758,221,1,0
BRDA:763,222,0,1
BRDA:763,222,1,0
BRDA:781,223,0,0
BRDA:781,223,1,0
BRDA:790,224,0,0
BRDA:800,225,0,3
BRDA:800,226,0,3
BRDA:800,226,1,3
BRDA:800,226,2,3
BRDA:803,227,0,3
BRDA:803,227,1,0
BRDA:822,228,0,1
BRDA:822,228,1,0
BRDA:828,229,0,0
BRDA:834,230,0,6
BRDA:834,230,1,2
BRDA:843,231,0,0
BRDA:843,232,0,136
BRDA:843,232,1,136
BRDA:849,233,0,14
BRDA:861,234,0,138
BRDA:867,235,0,0
BRDA:867,236,0,387
BRDA:867,236,1,387
BRDA:872,237,0,106
BRDA:872,237,1,281
BRDA:874,238,0,0
BRDA:874,238,1,281
BRDA:879,239,0,177
BRDA:879,239,1,12
BRDA:897,240,0,77
BRDA:897,240,1,5
BRDA:897,241,0,82
BRDA:897,241,1,82
BRDA:897,242,0,5
BRDA:897,242,1,77
BRDA:897,243,0,82
BRDA:897,243,1,82
BRDA:897,244,0,0
BRDA:897,244,1,82
BRDA:897,245,0,82
BRDA:897,245,1,82
BRDA:903,246,0,70
BRDA:903,247,0,0
BRDA:903,247,1,70
BRDA:903,248,0,70
BRDA:903,248,1,70
BRDA:911,249,0,69
BRDA:911,249,1,0
BRDA:928,250,0,66
BRDA:928,250,1,0
BRDA:930,251,0,0
BRDA:930,251,1,0
BRDA:935,252,0,66
BRDA:935,252,1,0
BRDA:935,253,0,66
BRDA:935,253,1,66
BRDA:937,254,0,66
BRDA:937,254,1,0
BRDA:937,255,0,66
BRDA:937,255,1,66
BRDA:938,256,0,18
BRDA:938,256,1,48
BRDA:938,257,0,66
BRDA:938,257,1,66
BRDA:951,258,0,42
BRDA:951,258,1,0
BRDA:956,259,0,43
BRDA:956,259,1,0
BRDA:959,260,0,0
BRDA:959,260,1,43
BRDA:959,261,0,0
BRDA:959,261,1,43
BRDA:959,262,0,43
BRDA:959,262,1,43
BRDA:960,263,0,43
BRDA:960,263,1,43
BRDA:960,264,0,0
BRDA:960,264,1,43
BRDA:960,265,0,43
BRDA:960,265,1,43
BRDA:960,266,0,43
BRDA:960,266,1,0
BRDA:960,267,0,43
BRDA:960,267,1,43
BRDA:960,268,0,0
BRDA:960,268,1,43
BRDA:960,269,0,43
BRDA:960,269,1,43
BRDA:961,270,0,43
BRDA:961,270,1,43
BRDA:961,270,2,43
BRDA:961,271,0,0
BRDA:961,271,1,43
BRDA:961,272,0,43
BRDA:961,272,1,43
BRDA:961,273,0,43
BRDA:961,273,1,0
BRDA:961,274,0,43
BRDA:961,274,1,43
BRDA:961,275,0,0
BRDA:961,275,1,43
BRDA:961,276,0,43
BRDA:961,276,1,43
BRDA:983,277,0,1
BRDA:983,278,0,1
BRDA:983,278,1,0
BRDA:994,279,0,0
BRDA:997,280,0,0
BRDA:1005,281,0,0
BRDA:1005,281,1,0
BRDA:1010,282,0,0
BRDA:1010,282,1,0
BRDA:1047,283,0,0
BRDA:1051,284,0,0
BRDA:1051,284,1,0
BRDA:1062,285,0,6
BRDA:1062,286,0,54
BRDA:1062,286,1,54
BRDA:1062,287,0,0
BRDA:1062,287,1,54
BRDA:1062,288,0,54
BRDA:1062,288,1,54
BRDA:1068,289,0,43
BRDA:1072,290,0,5
BRDA:1086,291,0,0
BRDA:1089,292,0,0
BRDA:1102,293,0,2
BRDA:1102,293,1,0
BRDA:1103,294,0,2
BRDA:1103,294,1,0
BRDA:1103,295,0,2
BRDA:1103,295,1,2
BRDA:1105,296,0,2
BRDA:1105,297,0,2
BRDA:1105,297,1,2
BRDA:1108,298,0,2
BRDA:1116,299,0,0
BRDA:1116,300,0,2
BRDA:1116,300,1,2
BRDA:1123,301,0,0
BRDA:1132,302,0,0
BRDA:1143,303,0,2
BRDA:1143,303,1,2
BRDA:1151,304,0,1
BRDA:1151,304,1,0
BRDA:1151,305,0,1
BRDA:1151,305,1,1
BRDA:1154,306,0,0
BRDA:1154,306,1,0
BRDA:1155,307,0,0
BRDA:1155,307,1,0
BRDA:1160,308,0,0
BRDA:1160,308,1,0
BRDA:1160,309,0,0
BRDA:1160,309,1,0
BRDA:1161,310,0,0
BRDA:1161,310,1,0
BRDA:1161,311,0,0
BRDA:1161,311,1,0
BRDA:1169,312,0,1
BRDA:1169,312,1,0
BRDA:1193,313,0,0
BRDA:1200,314,0,1
BRDA:1200,314,1,0
BRDA:1209,315,0,0
BRDA:1209,316,0,2
BRDA:1209,316,1,0
BRDA:1209,317,0,2
BRDA:1209,317,1,2
BRDA:1232,318,0,0
BRDA:1236,319,0,2
BRDA:1261,320,0,13
BRDA:1261,320,1,0
BRDA:1262,321,0,13
BRDA:1262,321,1,3
BRDA:1265,322,0,10
BRDA:1265,323,0,13
BRDA:1265,323,1,10
BRDA:1265,323,2,10
BRDA:1266,324,0,0
BRDA:1266,325,0,10
BRDA:1266,325,1,0
BRDA:1274,326,0,0
BRDA:1274,326,1,0
BRDA:1275,327,0,0
BRDA:1275,327,1,0
BRDA:1316,328,0,0
BRDA:1317,329,0,0
BRDA:1317,329,1,0
BRDA:1320,330,0,2
BRDA:1320,330,1,0
BRDA:1327,331,0,2
BRDA:1327,331,1,0
BRDA:1328,332,0,2
BRDA:1328,332,1,1
BRDA:1351,333,0,1
BRDA:1351,334,0,2
BRDA:1351,334,1,1
BRDA:1375,335,0,1
BRDA:1378,336,0,4
BRDA:1380,337,0,4
BRDA:1389,338,0,0
BRDA:1405,339,0,0
BRDA:1419,340,0,1
BRDA:1424,341,0,0
BRDA:1428,342,0,0
BRDA:1428,342,1,0
BRDA:1447,343,0,20
BRDA:1447,343,1,1
BRDA:1448,344,0,21
BRDA:1448,344,1,0
BRDA:1448,345,0,21
BRDA:1448,345,1,21
BRDA:1450,346,0,21
BRDA:1450,347,0,21
BRDA:1450,347,1,21
BRDA:1453,348,0,21
BRDA:1461,349,0,0
BRDA:1461,350,0,21
BRDA:1461,350,1,21
BRDA:1468,351,0,0
BRDA:1477,352,0,0
BRDA:1488,353,0,21
BRDA:1488,353,1,20
BRDA:1495,354,0,14
BRDA:1495,354,1,0
BRDA:1495,355,0,14
BRDA:1495,355,1,14
BRDA:1512,356,0,42
BRDA:1512,356,1,0
BRDA:1541,357,0,0
BRDA:1548,358,0,7
BRDA:1548,358,1,0
BRDA:1557,359,0,0
BRDA:1557,360,0,21
BRDA:1557,360,1,0
BRDA:1557,361,0,21
BRDA:1557,361,1,21
BRDA:1580,362,0,0
BRDA:1584,363,0,21
BRDA:1598,364,0,0
BRDA:1603,365,0,41
BRDA:1603,365,1,0
BRDA:1603,366,0,41
BRDA:1603,366,1,41
BRDA:1613,367,0,19
BRDA:1613,367,1,0
BRDA:1615,368,0,17
BRDA:1615,368,1,2
BRDA:1617,369,0,2
BRDA:1617,369,1,0
BRDA:1621,370,0,0
BRDA:1621,371,0,19
BRDA:1621,371,1,19
BRDA:1625,372,0,19
BRDA:1627,373,0,17
BRDA:1627,373,1,2
BRDA:1632,374,0,17
BRDA:1632,374,1,2
BRDA:1648,375,0,37
BRDA:1652,376,0,4
BRDA:1652,376,1,0
BRDA:1654,377,0,0
BRDA:1654,377,1,0
BRDA:1658,378,0,0
BRDA:1662,379,0,4
BRDA:1664,380,0,4
BRDA:1664,380,1,0
BRDA:1669,381,0,4
BRDA:1669,381,1,0
BRDA:1673,382,0,1
BRDA:1677,383,0,2
BRDA:1677,383,1,0
BRDA:1680,384,0,2
BRDA:1682,385,0,2
BRDA:1682,385,1,0
BRDA:1682,386,0,2
BRDA:1682,386,1,0
BRDA:1687,387,0,2
BRDA:1687,387,1,0
BRDA:1695,388,0,0
BRDA:1702,389,0,1
BRDA:1702,389,1,0
BRDA:1705,390,0,1
BRDA:1707,391,0,1
BRDA:1707,391,1,0
BRDA:1743,392,0,8
BRDA:1743,392,1,0
BRDA:1744,393,0,8
BRDA:1744,393,1,2
BRDA:1766,394,0,0
BRDA:1767,395,0,0
BRDA:1767,395,1,0
BRDA:1770,396,0,2
BRDA:1770,396,1,0
BRDA:1776,397,0,2
BRDA:1776,397,1,0
BRDA:1802,398,0,0
BRDA:1802,399,0,3
BRDA:1802,399,1,3
BRDA:1822,400,0,2
BRDA:1825,401,0,10
BRDA:1831,402,0,0
BRDA:1847,403,0,0
BRDA:1861,404,0,3
BRDA:1866,405,0,1
BRDA:1870,406,0,0
BRDA:1870,406,1,0
BRDA:1890,407,0,7
BRDA:1890,407,1,3
BRDA:1891,408,0,10
BRDA:1891,408,1,0
BRDA:1891,409,0,10
BRDA:1891,409,1,10
BRDA:1893,410,0,10
BRDA:1893,411,0,10
BRDA:1893,411,1,10
BRDA:1896,412,0,10
BRDA:1904,413,0,0
BRDA:1904,414,0,10
BRDA:1904,414,1,10
BRDA:1911,415,0,0
BRDA:1920,416,0,0
BRDA:1931,417,0,10
BRDA:1931,417,1,7
BRDA:1938,418,0,7
BRDA:1938,418,1,0
BRDA:1938,419,0,7
BRDA:1938,419,1,7
BRDA:1956,420,0,18
BRDA:1956,420,1,0
BRDA:1983,421,0,0
BRDA:1990,422,0,3
BRDA:1990,422,1,0
BRDA:1999,423,0,0
BRDA:1999,424,0,10
BRDA:1999,424,1,0
BRDA:1999,425,0,10
BRDA:1999,425,1,10
BRDA:2022,426,0,0
BRDA:2026,427,0,10
BRDA:2045,428,0,13
BRDA:2045,428,1,0
BRDA:2047,429,0,10
BRDA:2047,429,1,3
BRDA:2049,430,0,3
BRDA:2049,430,1,0
BRDA:2053,431,0,0
BRDA:2053,432,0,13
BRDA:2053,432,1,13
BRDA:2057,433,0,13
BRDA:2059,434,0,10
BRDA:2059,434,1,3
BRDA:2064,435,0,10
BRDA:2064,435,1,3
BRDA:2089,436,0,0
BRDA:2089,436,1,0
BRDA:2091,437,0,0
BRDA:2091,437,1,0
BRDA:2093,438,0,0
BRDA:2093,438,1,0
BRDA:2097,439,0,0
BRDA:2097,440,0,0
BRDA:2097,440,1,0
BRDA:2101,441,0,0
BRDA:2103,442,0,0
BRDA:2103,442,1,0
BRDA:2108,443,0,0
BRDA:2108,443,1,0
BRDA:2133,444,0,36
BRDA:2133,444,1,11
BRDA:2133,445,0,47
BRDA:2133,445,1,47
BRDA:2140,446,0,11
BRDA:2140,446,1,36
BRDA:2140,447,0,36
BRDA:2140,447,1,11
BRDA:2140,448,0,47
BRDA:2140,448,1,47
BRDA:2141,449,0,11
BRDA:2141,449,1,36
BRDA:2142,450,0,4
BRDA:2142,450,1,43
BRDA:2142,451,0,47
BRDA:2142,451,1,36
BRDA:2148,452,0,4
BRDA:2149,453,0,4
BRDA:2149,454,0,4
BRDA:2149,454,1,4
BRDA:2152,455,0,2
BRDA:2152,456,0,4
BRDA:2152,456,1,3
BRDA:2155,457,0,2
BRDA:2158,458,0,2
BRDA:2161,459,0,4
BRDA:2167,460,0,43
BRDA:2167,461,0,43
BRDA:2167,461,1,43
BRDA:2171,462,0,42
BRDA:2171,462,1,1
BRDA:2172,463,0,42
BRDA:2175,464,0,0
BRDA:2175,465,0,1
BRDA:2175,465,1,0
BRDA:2179,466,0,1
BRDA:2183,467,0,1
BRDA:2191,468,0,0
BRDA:2191,468,1,29
BRDA:2191,469,0,29
BRDA:2191,469,1,29
BRDA:2191,470,0,0
BRDA:2191,470,1,29
BRDA:2191,471,0,29
BRDA:2191,471,1,29
BRDA:2192,472,0,0
BRDA:2192,473,0,29
BRDA:2192,473,1,29
BRDA:2192,473,2,29
BRDA:2193,474,0,0
BRDA:2193,474,1,0
BRDA:2193,475,0,0
BRDA:2193,475,1,0
BRDA:2193,476,0,0
BRDA:2193,476,1,0
BRDA:2194,477,0,0
BRDA:2194,477,1,0
BRDA:2194,478,0,0
BRDA:2194,478,1,0
BRDA:2194,479,0,0
BRDA:2194,479,1,0
BRDA:2198,480,0,0
BRDA:2198,480,1,29
BRDA:2198,481,0,29
BRDA:2198,481,1,29
BRDA:2199,482,0,0
BRDA:2199,482,1,29
BRDA:2199,483,0,29
BRDA:2199,483,1,29
BRDA:2200,484,0,1
BRDA:2200,484,1,28
BRDA:2200,485,0,0
BRDA:2200,485,1,29
BRDA:2200,486,0,29
BRDA:2200,486,1,29
BRDA:2202,487,0,0
BRDA:2202,487,1,28
BRDA:2202,488,0,0
BRDA:2202,488,1,28
BRDA:2202,489,0,28
BRDA:2202,489,1,28
BRDA:2207,490,0,28
BRDA:2211,491,0,1
BRDA:2212,492,0,0
BRDA:2212,492,1,1
BRDA:2212,493,0,1
BRDA:2212,493,1,1
BRDA:2213,494,0,1
BRDA:2221,495,0,0
BRDA:2221,496,0,0
BRDA:2221,496,1,0
BRDA:2221,497,0,0
BRDA:2221,497,1,0
BRDA:2221,498,0,0
BRDA:2221,498,1,0
BRDA:2229,499,0,0
BRDA:2229,499,1,0
BRDA:2233,500,0,0
BRDA:2233,501,0,0
BRDA:2233,501,1,0
BRDA:2233,502,0,0
BRDA:2233,502,1,0
BRDA:2233,503,0,0
BRDA:2233,503,1,0
BRDA:2233,504,0,0
BRDA:2233,504,1,0
BRDA:2244,505,0,13
BRDA:2244,505,1,0
BRDA:2244,506,0,13
BRDA:2244,506,1,13
BRDA:2244,507,0,0
BRDA:2244,507,1,13
BRDA:2244,508,0,13
BRDA:2244,508,1,13
BRDA:2246,509,0,3
BRDA:2265,510,0,2
BRDA:2265,511,0,3
BRDA:2265,511,1,3
BRDA:2265,511,2,3
BRDA:2274,512,0,0
BRDA:2274,512,1,11
BRDA:2275,513,0,0
BRDA:2275,513,1,11
BRDA:2293,514,0,0
BRDA:2293,515,0,11
BRDA:2293,515,1,11
BRDA:2295,516,0,0
BRDA:2295,517,0,0
BRDA:2295,517,1,0
BRDA:2312,518,0,17
BRDA:2316,519,0,13
BRDA:2316,520,0,0
BRDA:2316,520,1,17
BRDA:2316,521,0,17
BRDA:2316,521,1,17
BRDA:2325,522,0,1
BRDA:2325,522,1,1
BRDA:2325,522,2,1
BRDA:2325,522,3,1
BRDA:2325,522,4,0
BRDA:2325,523,0,0
BRDA:2325,523,1,4
BRDA:2325,524,0,4
BRDA:2325,524,1,4
BRDA:2343,525,0,0
BRDA:2343,526,0,1
BRDA:2343,526,1,1
BRDA:2345,527,0,0
BRDA:2345,528,0,0
BRDA:2345,528,1,0
BRDA:2372,529,0,0
BRDA:2372,530,0,1
BRDA:2372,530,1,1
BRDA:2386,531,0,0
BRDA:2386,532,0,1
BRDA:2386,532,1,1
BRDA:2389,533,0,0
BRDA:2389,534,0,1
BRDA:2389,534,1,1
BRDA:2389,534,2,1
BRDA:2395,535,0,1
BRDA:2395,535,1,1
BRDA:2397,536,0,1
BRDA:2408,537,0,0
BRDA:2408,538,0,1
BRDA:2408,538,1,1
BRDA:2415,539,0,0
BRDA:2415,539,1,0
BRDA:2419,540,0,0
BRDA:2421,541,0,0
BRDA:2453,542,0,4
BRDA:2453,542,1,49
BRDA:2454,543,0,4
BRDA:2454,543,1,49
BRDA:2458,544,0,0
BRDA:2467,545,0,14
BRDA:2467,545,1,0
BRDA:2468,546,0,14
BRDA:2468,546,1,0
BRDA:2473,547,0,0
BRDA:2473,548,0,14
BRDA:2473,548,1,14
BRDA:2473,548,2,14
BRDA:2480,549,0,10
BRDA:2480,550,0,14
BRDA:2480,550,1,12
BRDA:2480,550,2,12
BRDA:2492,551,0,1
BRDA:2492,551,1,13
BRDA:2493,552,0,1
BRDA:2493,553,0,14
BRDA:2493,553,1,1
BRDA:2493,553,2,0
BRDA:2493,553,3,0
BRDA:2493,553,4,0
BRDA:2498,554,0,0
BRDA:2498,554,1,13
BRDA:2499,555,0,0
BRDA:2499,556,0,13
BRDA:2499,556,1,0
BRDA:2510,557,0,0
BRDA:2515,558,0,7
BRDA:2522,559,0,6
BRDA:2529,560,0,6
BRDA:2529,560,1,0
BRDA:2540,561,0,2
BRDA:2540,562,0,2
BRDA:2540,562,1,2
BRDA:2543,563,0,0
BRDA:2543,564,0,0
BRDA:2543,564,1,0
BRDA:2546,565,0,0
BRDA:2546,566,0,0
BRDA:2546,566,1,0
BRDA:2568,567,0,8
BRDA:2568,568,0,12
BRDA:2568,568,1,8
BRDA:2571,569,0,11
BRDA:2574,570,0,6
BRDA:2577,571,0,11
BRDA:2581,572,0,5
BRDA:2581,573,0,12
BRDA:2581,573,1,5
BRDA:2584,574,0,3
BRDA:2587,575,0,6
BRDA:2587,575,1,6
BRDA:2590,576,0,0
BRDA:2593,577,0,0
BRDA:2599,578,0,7
BRDA:2599,578,1,1
BRDA:2600,579,0,8
BRDA:2600,579,1,7
BRDA:2600,579,2,7
BRDA:2600,580,0,7
BRDA:2600,580,1,0
BRDA:2600,581,0,7
BRDA:2600,581,1,7
BRDA:2601,582,0,0
BRDA:2601,583,0,8
BRDA:2601,583,1,1
BRDA:2604,584,0,7
BRDA:2630,585,0,12
BRDA:2630,585,1,2
BRDA:2633,586,0,0
BRDA:2635,587,0,0
BRDA:2635,587,1,0
BRDA:2637,588,0,2
BRDA:2637,588,1,0
BRDA:2637,589,0,2
BRDA:2637,589,1,2
BRDA:2640,590,0,2
BRDA:2640,590,1,0
BRDA:2640,591,0,0
BRDA:2640,591,1,0
BRDA:2646,592,0,2
BRDA:2646,592,1,12
BRDA:2649,593,0,5
BRDA:2650,594,0,1
BRDA:2653,595,0,1
BRDA:2653,595,1,4
BRDA:2655,596,0,4
BRDA:2660,597,0,5
BRDA:2666,598,0,2
BRDA:2666,598,1,12
BRDA:2669,599,0,12
BRDA:2669,599,1,0
BRDA:2676,600,0,0
BRDA:2693,601,0,0
BRDA:2741,602,0,0
BRDA:2742,603,0,0
BRDA:2742,604,0,5
BRDA:2742,604,1,5
BRDA:2746,605,0,0
BRDA:2747,606,0,0
BRDA:2747,607,0,0
BRDA:2747,607,1,5
BRDA:2747,608,0,5
BRDA:2747,608,1,5
BRDA:2747,609,0,0
BRDA:2747,609,1,5
BRDA:2747,610,0,5
BRDA:2747,610,1,5
BRDA:2750,611,0,7
BRDA:2750,612,0,7
BRDA:2750,612,1,7
BRDA:2757,613,0,0
BRDA:2795,614,0,0
BRDA:2796,615,0,0
BRDA:2796,616,0,4
BRDA:2796,616,1,4
BRDA:2800,617,0,0
BRDA:2801,618,0,0
BRDA:2801,619,0,0
BRDA:2801,619,1,4
BRDA:2801,620,0,4
BRDA:2801,620,1,4
BRDA:2801,621,0,0
BRDA:2801,621,1,4
BRDA:2801,622,0,4
BRDA:2801,622,1,4
BRDA:2801,623,0,0
BRDA:2801,623,1,4
BRDA:2801,624,0,4
BRDA:2801,624,1,4
BRDA:2801,625,0,0
BRDA:2801,625,1,4
BRDA:2801,626,0,4
BRDA:2801,626,1,4
BRDA:2801,627,0,0
BRDA:2801,627,1,4
BRDA:2801,628,0,4
BRDA:2801,628,1,4
BRDA:2804,629,0,5
BRDA:2804,630,0,5
BRDA:2804,630,1,5
BRDA:2815,631,0,0
BRDA:2816,632,0,0
BRDA:2816,633,0,5
BRDA:2816,633,1,5
BRDA:2847,634,0,0
BRDA:2848,635,0,0
BRDA:2848,636,0,4
BRDA:2848,636,1,4
BRDA:2852,637,0,0
BRDA:2853,638,0,0
BRDA:2853,639,0,0
BRDA:2853,639,1,4
BRDA:2853,640,0,4
BRDA:2853,640,1,4
BRDA:2853,641,0,0
BRDA:2853,641,1,4
BRDA:2853,642,0,4
BRDA:2853,642,1,4
BRDA:2853,643,0,0
BRDA:2853,643,1,4
BRDA:2853,644,0,4
BRDA:2853,644,1,4
BRDA:2856,645,0,5
BRDA:2856,646,0,5
BRDA:2856,646,1,5
BRDA:2908,647,0,0
BRDA:2909,648,0,0
BRDA:2909,649,0,5
BRDA:2909,649,1,5
BRDA:2913,650,0,0
BRDA:2914,651,0,0
BRDA:2914,652,0,0
BRDA:2914,652,1,5
BRDA:2914,653,0,5
BRDA:2914,653,1,5
BRDA:2917,654,0,7
BRDA:2917,655,0,7
BRDA:2917,655,1,7
BRDA:2966,656,0,0
BRDA:2967,657,0,1
BRDA:2967,658,0,30
BRDA:2967,658,1,30
BRDA:2972,659,0,29
BRDA:2972,659,1,0
BRDA:2973,660,0,0
BRDA:2976,661,0,36
BRDA:2976,662,0,36
BRDA:2976,662,1,36
BRDA:3019,663,0,0
BRDA:3019,663,1,0
BRDA:3019,664,0,0
BRDA:3019,664,1,0
BRDA:3027,665,0,0
BRDA:3027,665,1,0
BRDA:3027,665,2,0
BRDA:3027,665,3,0
BRDA:3027,665,4,0
BRDA:3027,665,5,0
BRDA:3046,666,0,0
BRDA:3051,667,0,0
BRDA:3051,667,1,0
BRDA:3054,668,0,0
BRDA:3054,668,1,0
BRDA:3061,669,0,0
BRDA:3066,670,0,0
BRDA:3066,670,1,0
BRDA:3069,671,0,0
BRDA:3069,671,1,0
BRDA:3088,672,0,0
BRDA:3088,673,0,0
BRDA:3088,673,1,0
BRDA:3093,674,0,0
BRDA:3093,674,1,0
BRDA:3156,675,0,46
BRDA:3156,675,1,46
BRDA:3159,676,0,26
BRDA:3159,676,1,6
BRDA:3159,676,2,4
BRDA:3159,676,3,4
BRDA:3159,676,4,6
BRDA:3159,676,5,0
BRDA:3159,677,0,0
BRDA:3159,677,1,46
BRDA:3159,678,0,46
BRDA:3159,678,1,46
BRF:1176
BRH:713
end_of_record
TN:
SF:src/providerDiagnostics.ts
FN:103,redactApiKey
FN:115,normalizeMultiline
FN:119,clipPreview
FN:128,isOpenAICompatibleOnlyMode
FN:134,getProviderTransport
FN:138,resolveProviderDiagnosticCallMode
FN:149,normalizeStabilityRuns
FN:157,getProviderDiagnosticCallModeOptions
FN:160,(anonymous_8)
FN:164,(anonymous_9)
FN:165,(anonymous_10)
FN:168,buildDefaultProviderDiagnosticPayload
FN:171,(anonymous_12)
FN:179,buildProviderDiagnosticFileName
FN:189,createInMemoryProgressReporter
FN:193,(anonymous_15)
FN:196,(anonymous_16)
FN:199,(anonymous_17)
FN:205,(anonymous_18)
FN:208,(anonymous_19)
FN:213,(anonymous_20)
FN:216,(anonymous_21)
FN:224,buildProviderDiagnosticReport
FN:304,runProviderDiagnosticProbe
FN:305,(anonymous_24)
FN:353,(anonymous_25)
FN:426,buildProviderDiagnosticStabilityReport
FN:467,(anonymous_27)
FN:484,runProviderDiagnosticStabilityProbe
FN:485,(anonymous_29)
FN:505,(anonymous_30)
FNF:31
FNH:24
FNDA:7,redactApiKey
FNDA:8,normalizeMultiline
FNDA:5,clipPreview
FNDA:16,isOpenAICompatibleOnlyMode
FNDA:17,getProviderTransport
FNDA:8,resolveProviderDiagnosticCallMode
FNDA:1,normalizeStabilityRuns
FNDA:2,getProviderDiagnosticCallModeOptions
FNDA:5,(anonymous_8)
FNDA:5,(anonymous_9)
FNDA:2,(anonymous_10)
FNDA:8,buildDefaultProviderDiagnosticPayload
FNDA:144,(anonymous_12)
FNDA:1,buildProviderDiagnosticFileName
FNDA:7,createInMemoryProgressReporter
FNDA:48,(anonymous_15)
FNDA:0,(anonymous_16)
FNDA:0,(anonymous_17)
FNDA:0,(anonymous_18)
FNDA:0,(anonymous_19)
FNDA:0,(anonymous_20)
FNDA:0,(anonymous_21)
FNDA:7,buildProviderDiagnosticReport
FNDA:7,runProviderDiagnosticProbe
FNDA:7,(anonymous_24)
FNDA:0,(anonymous_25)
FNDA:1,buildProviderDiagnosticStabilityReport
FNDA:3,(anonymous_27)
FNDA:1,runProviderDiagnosticStabilityProbe
FNDA:1,(anonymous_29)
FNDA:3,(anonymous_30)
DA:2,1
DA:8,1
DA:10,1
DA:11,1
DA:12,1
DA:13,1
DA:14,1
DA:33,1
DA:104,7
DA:105,0
DA:108,7
DA:109,0
DA:112,7
DA:116,8
DA:120,5
DA:121,5
DA:124,0
DA:125,0
DA:129,16
DA:135,17
DA:142,8
DA:143,8
DA:144,1
DA:146,7
DA:150,1
DA:151,1
DA:152,0
DA:154,1
DA:157,1
DA:158,2
DA:159,2
DA:160,5
DA:163,1
DA:164,5
DA:165,2
DA:168,1
DA:169,8
DA:170,8
DA:171,144
DA:173,8
DA:179,1
DA:180,1
DA:185,1
DA:186,1
DA:190,7
DA:192,7
DA:194,48
DA:200,0
DA:201,0
DA:202,0
DA:209,0
DA:214,0
DA:217,0
DA:221,7
DA:251,7
DA:253,7
DA:282,7
DA:283,2
DA:286,7
DA:287,2
DA:290,7
DA:291,5
DA:294,7
DA:295,7
DA:296,7
DA:298,0
DA:301,7
DA:304,1
DA:305,7
DA:309,7
DA:310,7
DA:311,7
DA:314,7
DA:315,7
DA:316,7
DA:317,7
DA:318,7
DA:319,7
DA:321,7
DA:322,7
DA:324,7
DA:325,7
DA:331,7
DA:332,7
DA:333,7
DA:334,7
DA:335,7
DA:337,7
DA:338,1
DA:343,7
DA:344,7
DA:346,7
DA:347,7
DA:352,7
DA:353,7
DA:354,0
DA:355,0
DA:358,7
DA:359,4
DA:370,3
DA:381,5
DA:382,5
DA:384,2
DA:385,2
DA:386,2
DA:387,2
DA:388,2
DA:391,7
DA:392,7
DA:394,7
DA:397,7
DA:398,7
DA:413,7
DA:445,1
DA:447,1
DA:467,1
DA:468,3
DA:469,3
DA:470,3
DA:471,3
DA:472,1
DA:474,3
DA:475,1
DA:476,1
DA:478,3
DA:481,1
DA:484,1
DA:485,1
DA:489,1
DA:490,1
DA:491,1
DA:493,1
DA:494,1
DA:496,1
DA:497,3
DA:501,3
DA:504,1
DA:505,3
DA:506,1
DA:507,1
DA:518,1
LF:141
LH:127
BRDA:104,0,0,0
BRDA:108,1,0,0
BRDA:119,2,0,5
BRDA:120,3,0,5
BRDA:129,4,0,16
BRDA:129,4,1,14
BRDA:129,4,2,5
BRDA:135,5,0,17
BRDA:135,5,1,0
BRDA:135,6,0,17
BRDA:135,6,1,17
BRDA:135,7,0,0
BRDA:135,7,1,17
BRDA:135,8,0,17
BRDA:135,8,1,17
BRDA:143,9,0,1
BRDA:143,10,0,8
BRDA:143,10,1,6
BRDA:150,11,0,1
BRDA:150,11,1,0
BRDA:151,12,0,0
BRDA:159,13,0,1
BRDA:180,14,0,1
BRDA:180,14,1,0
BRDA:201,15,0,0
BRDA:262,16,0,0
BRDA:262,16,1,7
BRDA:262,17,0,7
BRDA:262,17,1,7
BRDA:263,18,0,7
BRDA:263,18,1,7
BRDA:264,19,0,0
BRDA:264,19,1,7
BRDA:265,20,0,0
BRDA:265,20,1,7
BRDA:265,21,0,7
BRDA:265,21,1,7
BRDA:269,22,0,7
BRDA:269,22,1,0
BRDA:278,23,0,5
BRDA:278,23,1,2
BRDA:282,24,0,2
BRDA:286,25,0,2
BRDA:290,26,0,5
BRDA:290,27,0,7
BRDA:290,27,1,5
BRDA:295,28,0,7
BRDA:295,28,1,0
BRDA:307,29,0,0
BRDA:309,30,0,4
BRDA:309,30,1,3
BRDA:309,31,0,7
BRDA:309,31,1,7
BRDA:310,32,0,4
BRDA:310,32,1,3
BRDA:310,33,0,7
BRDA:310,33,1,7
BRDA:311,34,0,0
BRDA:311,34,1,7
BRDA:311,35,0,7
BRDA:311,35,1,0
BRDA:314,36,0,1
BRDA:314,36,1,6
BRDA:314,37,0,7
BRDA:314,37,1,7
BRDA:315,38,0,5
BRDA:315,38,1,2
BRDA:315,39,0,7
BRDA:315,39,1,7
BRDA:318,40,0,2
BRDA:318,40,1,5
BRDA:318,41,0,7
BRDA:318,41,1,7
BRDA:337,42,0,1
BRDA:337,43,0,7
BRDA:337,43,1,1
BRDA:358,44,0,4
BRDA:358,44,1,3
BRDA:384,45,0,2
BRDA:384,45,1,0
BRDA:387,46,0,2
BRDA:391,47,0,7
BRDA:463,48,0,1
BRDA:463,48,1,0
BRDA:469,49,0,2
BRDA:469,49,1,1
BRDA:471,50,0,1
BRDA:474,51,0,1
BRDA:487,52,0,0
BRDA:490,53,0,1
BRDA:490,53,1,0
BRDA:490,54,0,1
BRDA:490,54,1,1
BRF:93
BRH:73
end_of_record
TN:
SF:src/diagram/diagramSpecResponseParser.ts
FN:3,stripCodeFence
FN:9,extractJsonObject
FN:21,readTrimmedString
FN:30,readNumericValue
FN:49,slugify
FN:56,normalizePoint
FN:129,normalizeSeriesEntries
FN:138,(anonymous_7)
FN:165,normalizeDataSeries
FN:168,(anonymous_9)
FN:191,(anonymous_10)
FN:192,(anonymous_11)
FN:202,normalizeSpec
FN:222,parseDiagramSpecResponse
FNF:14
FNH:13
FNDA:16,stripCodeFence
FNDA:16,extractJsonObject
FNDA:54,readTrimmedString
FNDA:21,readNumericValue
FNDA:8,slugify
FNDA:16,normalizePoint
FNDA:14,normalizeSeriesEntries
FNDA:0,(anonymous_7)
FNDA:14,normalizeDataSeries
FNDA:8,(anonymous_9)
FNDA:16,(anonymous_10)
FNDA:16,(anonymous_11)
FNDA:14,normalizeSpec
FNDA:16,parseDiagramSpecResponse
DA:4,16
DA:5,16
DA:6,16
DA:10,16
DA:11,16
DA:12,16
DA:14,16
DA:15,2
DA:18,14
DA:22,54
DA:23,25
DA:26,29
DA:27,29
DA:31,21
DA:32,13
DA:35,8
DA:36,5
DA:39,3
DA:40,3
DA:41,0
DA:44,3
DA:45,3
DA:46,3
DA:50,8
DA:57,16
DA:58,0
DA:59,0
DA:61,0
DA:62,0
DA:69,0
DA:72,16
DA:73,0
DA:76,16
DA:77,16
DA:78,16
DA:85,16
DA:86,16
DA:89,16
DA:91,16
DA:92,5
DA:101,16
DA:102,0
DA:103,0
DA:104,0
DA:105,0
DA:106,0
DA:107,0
DA:116,16
DA:117,0
DA:120,16
DA:130,14
DA:131,7
DA:134,7
DA:135,7
DA:138,0
DA:139,0
DA:140,0
DA:147,0
DA:148,0
DA:157,0
DA:166,14
DA:168,14
DA:169,8
DA:172,8
DA:177,8
DA:178,8
DA:181,8
DA:190,8
DA:191,16
DA:192,16
DA:194,8
DA:203,14
DA:204,14
DA:206,14
DA:222,2
DA:223,16
DA:224,16
DA:225,14
DA:227,2
DA:228,2
LF:80
LH:60
BRDA:6,0,0,1
BRDA:6,0,1,15
BRDA:14,1,0,2
BRDA:14,2,0,16
BRDA:14,2,1,14
BRDA:14,2,2,14
BRDA:22,3,0,25
BRDA:27,4,0,29
BRDA:27,4,1,0
BRDA:31,5,0,13
BRDA:31,6,0,21
BRDA:31,6,1,13
BRDA:35,7,0,5
BRDA:40,8,0,0
BRDA:46,9,0,0
BRDA:46,9,1,3
BRDA:57,10,0,0
BRDA:57,11,0,16
BRDA:57,11,1,0
BRDA:61,12,0,0
BRDA:61,13,0,0
BRDA:61,13,1,0
BRDA:61,13,2,0
BRDA:63,14,0,0
BRDA:63,14,1,0
BRDA:72,15,0,0
BRDA:72,16,0,16
BRDA:72,16,1,16
BRDA:78,17,0,5
BRDA:78,17,1,11
BRDA:78,18,0,16
BRDA:78,18,1,16
BRDA:78,19,0,5
BRDA:78,19,1,11
BRDA:78,20,0,16
BRDA:78,20,1,16
BRDA:78,21,0,5
BRDA:78,21,1,11
BRDA:78,22,0,16
BRDA:78,22,1,16
BRDA:78,23,0,5
BRDA:78,23,1,11
BRDA:78,24,0,16
BRDA:78,24,1,16
BRDA:78,25,0,5
BRDA:78,25,1,11
BRDA:78,26,0,16
BRDA:78,26,1,16
BRDA:78,27,0,5
BRDA:78,27,1,11
BRDA:78,28,0,16
BRDA:78,28,1,16
BRDA:85,29,0,11
BRDA:85,29,1,5
BRDA:85,30,0,16
BRDA:85,30,1,16
BRDA:86,31,0,0
BRDA:86,31,1,16
BRDA:91,32,0,5
BRDA:93,33,0,5
BRDA:93,33,1,0
BRDA:93,34,0,5
BRDA:93,34,1,5
BRDA:93,35,0,5
BRDA:93,35,1,0
BRDA:93,36,0,5
BRDA:93,36,1,5
BRDA:93,37,0,5
BRDA:93,37,1,0
BRDA:93,38,0,5
BRDA:93,38,1,5
BRDA:93,39,0,5
BRDA:93,39,1,0
BRDA:93,40,0,5
BRDA:93,40,1,5
BRDA:101,41,0,0
BRDA:101,42,0,16
BRDA:101,42,1,16
BRDA:101,42,2,0
BRDA:103,43,0,0
BRDA:106,44,0,0
BRDA:116,45,0,0
BRDA:116,46,0,16
BRDA:116,46,1,0
BRDA:116,46,2,16
BRDA:123,47,0,0
BRDA:123,47,1,16
BRDA:123,48,0,16
BRDA:123,48,1,16
BRDA:130,49,0,7
BRDA:134,50,0,7
BRDA:134,51,0,7
BRDA:134,51,1,0
BRDA:139,52,0,0
BRDA:147,53,0,0
BRDA:147,54,0,0
BRDA:147,54,1,0
BRDA:150,55,0,0
BRDA:150,55,1,0
BRDA:150,56,0,0
BRDA:150,56,1,0
BRDA:151,57,0,0
BRDA:151,57,1,0
BRDA:151,58,0,0
BRDA:151,58,1,0
BRDA:151,59,0,0
BRDA:151,59,1,0
BRDA:151,60,0,0
BRDA:151,60,1,0
BRDA:169,61,0,8
BRDA:169,61,1,0
BRDA:170,62,0,6
BRDA:170,62,1,2
BRDA:172,63,0,7
BRDA:172,63,1,1
BRDA:172,64,0,8
BRDA:172,64,1,8
BRDA:172,65,0,7
BRDA:172,65,1,1
BRDA:172,66,0,8
BRDA:172,66,1,8
BRDA:172,67,0,7
BRDA:172,67,1,1
BRDA:172,68,0,8
BRDA:172,68,1,8
BRDA:172,69,0,6
BRDA:172,69,1,2
BRDA:172,70,0,8
BRDA:172,70,1,8
BRDA:172,71,0,0
BRDA:172,71,1,8
BRDA:172,72,0,8
BRDA:172,72,1,8
BRDA:173,73,0,0
BRDA:173,73,1,2
BRDA:173,74,0,2
BRDA:173,74,1,2
BRDA:174,75,0,0
BRDA:174,75,1,1
BRDA:174,76,0,1
BRDA:174,76,1,1
BRDA:175,77,0,0
BRDA:175,77,1,1
BRDA:175,78,0,1
BRDA:175,78,1,1
BRDA:178,79,0,6
BRDA:178,79,1,2
BRDA:178,80,0,8
BRDA:178,80,1,8
BRDA:178,81,0,6
BRDA:178,81,1,2
BRDA:178,82,0,8
BRDA:178,82,1,8
BRDA:178,83,0,0
BRDA:178,83,1,8
BRDA:178,84,0,8
BRDA:178,84,1,8
BRDA:179,85,0,0
BRDA:179,85,1,2
BRDA:179,86,0,2
BRDA:179,86,1,2
BRDA:180,87,0,2
BRDA:180,87,1,0
BRDA:181,88,0,6
BRDA:181,88,1,2
BRDA:181,89,0,0
BRDA:181,89,1,8
BRDA:181,90,0,8
BRDA:181,90,1,8
BRDA:183,91,0,2
BRDA:183,91,1,0
BRDA:183,92,0,0
BRDA:183,92,1,2
BRDA:183,93,0,2
BRDA:183,93,1,2
BRDA:185,94,0,0
BRDA:185,94,1,0
BRDA:185,95,0,0
BRDA:185,95,1,0
BRDA:185,96,0,0
BRDA:185,96,1,0
BRDA:187,97,0,0
BRDA:187,97,1,0
BRDA:187,98,0,0
BRDA:187,98,1,0
BRDA:187,99,0,0
BRDA:187,99,1,0
BRDA:203,100,0,1
BRDA:203,100,1,13
BRDA:203,101,0,14
BRDA:203,101,1,14
BRDA:203,102,0,0
BRDA:203,102,1,14
BRDA:203,103,0,14
BRDA:203,103,1,14
BRDA:204,104,0,14
BRDA:204,104,1,0
BRDA:209,105,0,0
BRDA:209,105,1,14
BRDA:210,106,0,14
BRDA:210,106,1,0
BRDA:211,107,0,3
BRDA:211,107,1,11
BRDA:212,108,0,0
BRDA:212,108,1,14
BRDA:213,109,0,0
BRDA:213,109,1,14
BRDA:215,110,0,3
BRDA:215,110,1,11
BRDA:215,111,0,14
BRDA:215,111,1,3
BRDA:216,112,0,0
BRDA:216,112,1,14
BRDA:217,113,0,0
BRDA:217,113,1,14
BRDA:218,114,0,0
BRDA:218,114,1,14
BRDA:227,115,0,2
BRDA:227,115,1,0
BRF:219
BRH:145
end_of_record
TN:
SF:src/diagram/prompts/diagramSpecPrompt.ts
FN:10,buildDiagramSpecPrompt
FNF:1
FNH:1
FNDA:18,buildDiagramSpecPrompt
DA:1,2
DA:10,2
DA:11,18
DA:12,18
DA:15,18
DA:19,18
DA:23,18
LF:7
LH:7
BRDA:10,0,0,4
BRDA:12,1,0,14
BRDA:12,1,1,4
BRDA:15,2,0,9
BRDA:15,2,1,9
BRDA:15,3,0,18
BRDA:15,3,1,9
BRDA:19,4,0,13
BRDA:19,4,1,5
BRF:9
BRH:9
end_of_record
TN:
SF:src/rendering/webview/bootstrap.ts
FN:15,createRenderHostBridge
FN:17,(anonymous_1)
FN:28,ensureRenderHostBridge
FN:36,buildVegaLiteRenderBootstrap
FNF:4
FNH:3
FNDA:2,createRenderHostBridge
FNDA:0,(anonymous_1)
FNDA:4,ensureRenderHostBridge
FNDA:4,buildVegaLiteRenderBootstrap
DA:3,3
DA:5,3
DA:16,2
DA:18,0
DA:28,3
DA:29,4
DA:30,2
DA:33,4
DA:36,3
DA:37,4
LF:10
LH:9
BRDA:17,0,0,0
BRDA:17,1,0,0
BRDA:28,2,0,4
BRDA:29,3,0,2
BRF:4
BRH:2
end_of_record
TN:
SF:src/rendering/webview/page.ts
FN:5,buildHtmlPreviewThemeShim
FN:46,applyHtmlBodyThemeAttributes
FN:52,(anonymous_2)
FN:60,injectHtmlPreviewThemeShim
FN:87,buildRenderWebviewHtml
FNF:5
FNH:5
FNDA:3,buildHtmlPreviewThemeShim
FNDA:3,applyHtmlBodyThemeAttributes
FNDA:3,(anonymous_2)
FNDA:3,injectHtmlPreviewThemeShim
FNDA:11,buildRenderWebviewHtml
DA:2,3
DA:3,3
DA:6,3
DA:8,3
DA:47,3
DA:48,3
DA:49,0
DA:52,3
DA:53,3
DA:56,3
DA:61,3
DA:62,3
DA:64,3
DA:65,0
DA:68,3
DA:69,2
DA:72,1
DA:73,1
DA:76,0
DA:87,3
DA:88,11
DA:89,3
DA:90,3
DA:91,2
DA:94,1
DA:106,8
DA:107,4
DA:110,8
LF:28
LH:25
BRDA:6,0,0,2
BRDA:6,0,1,1
BRDA:48,1,0,0
BRDA:64,2,0,0
BRDA:68,3,0,2
BRDA:72,4,0,1
BRDA:88,5,0,3
BRDA:88,6,0,11
BRDA:88,6,1,3
BRDA:90,7,0,2
BRDA:106,8,0,4
BRF:11
BRH:9
end_of_record
TN:
SF:src/rendering/webview/renderFrame.ts
FN:5,escapeHtml
FN:14,formatArtifactContent
FN:26,renderArtifactMarkup
FNF:3
FNH:3
FNDA:46,escapeHtml
FNDA:8,formatArtifactContent
FNDA:8,renderArtifactMarkup
DA:2,3
DA:3,3
DA:6,46
DA:15,8
DA:16,4
DA:19,4
DA:20,4
DA:22,0
DA:26,3
DA:27,8
DA:30,8
DA:32,8
DA:33,4
DA:48,4
LF:14
LH:13
BRDA:15,0,0,4
BRDA:27,1,0,2
BRDA:27,1,1,6
BRDA:30,2,0,4
BRDA:30,2,1,4
BRDA:30,3,0,8
BRDA:30,3,1,8
BRDA:32,4,0,4
BRDA:32,5,0,8
BRDA:32,5,1,4
BRF:10
BRH:10
end_of_record
TN:
SF:src/ui/DiagramPreviewModal.ts
FN:20,(anonymous_0)
FN:28,(anonymous_1)
FN:47,(anonymous_2)
FN:54,(anonymous_3)
FN:56,(anonymous_4)
FN:66,(anonymous_5)
FN:66,(anonymous_6)
FN:91,(anonymous_7)
FN:91,(anonymous_8)
FN:115,(anonymous_9)
FN:115,(anonymous_10)
FN:138,(anonymous_11)
FN:151,(anonymous_12)
FN:155,(anonymous_13)
FN:178,(anonymous_15)
FN:195,(anonymous_17)
FN:210,(anonymous_19)
FN:218,(anonymous_20)
FNF:18
FNH:12
FNDA:8,(anonymous_0)
FNDA:8,(anonymous_1)
FNDA:0,(anonymous_2)
FNDA:0,(anonymous_3)
FNDA:0,(anonymous_4)
FNDA:1,(anonymous_5)
FNDA:1,(anonymous_6)
FNDA:1,(anonymous_7)
FNDA:1,(anonymous_8)
FNDA:1,(anonymous_9)
FNDA:1,(anonymous_10)
FNDA:0,(anonymous_11)
FNDA:0,(anonymous_12)
FNDA:8,(anonymous_13)
FNDA:5,(anonymous_15)
FNDA:0,(anonymous_17)
FNDA:3,(anonymous_19)
FNDA:3,(anonymous_20)
DA:1,1
DA:2,1
DA:3,1
DA:4,1
DA:12,1
DA:17,1
DA:19,1
DA:22,8
DA:23,8
DA:25,8
DA:29,8
DA:30,8
DA:31,8
DA:32,8
DA:33,8
DA:35,8
DA:42,8
DA:43,8
DA:47,8
DA:48,0
DA:49,0
DA:50,0
DA:51,0
DA:54,0
DA:55,0
DA:57,0
DA:58,0
DA:62,8
DA:63,7
DA:66,7
DA:67,1
DA:68,1
DA:69,1
DA:70,1
DA:75,1
DA:77,0
DA:78,0
DA:79,0
DA:81,1
DA:82,1
DA:87,8
DA:88,7
DA:91,7
DA:92,1
DA:93,1
DA:94,1
DA:95,1
DA:101,1
DA:103,0
DA:104,0
DA:105,0
DA:107,1
DA:108,1
DA:112,7
DA:115,7
DA:116,1
DA:117,1
DA:118,1
DA:119,1
DA:125,1
DA:127,0
DA:128,0
DA:129,0
DA:131,1
DA:132,1
DA:137,8
DA:138,8
DA:140,8
DA:141,8
DA:147,8
DA:148,8
DA:152,0
DA:156,8
DA:157,5
DA:158,5
DA:159,5
DA:163,3
DA:164,0
DA:165,0
DA:166,0
DA:170,3
DA:171,2
DA:172,2
DA:175,1
DA:179,5
DA:180,5
DA:185,5
DA:186,5
DA:187,5
DA:188,5
DA:190,0
DA:191,0
DA:196,0
DA:197,0
DA:200,0
DA:201,0
DA:202,0
DA:203,0
DA:205,0
DA:206,0
DA:211,3
DA:212,3
DA:213,3
DA:214,3
DA:215,3
DA:219,3
DA:220,2
DA:223,1
LF:108
LH:77
BRDA:23,0,0,0
BRDA:33,1,0,0
BRDA:33,1,1,8
BRDA:33,2,0,8
BRDA:33,2,1,8
BRDA:36,3,0,8
BRDA:36,3,1,0
BRDA:49,4,0,0
BRDA:49,5,0,0
BRDA:49,5,1,0
BRDA:49,6,0,0
BRDA:49,6,1,0
BRDA:62,7,0,7
BRDA:62,8,0,8
BRDA:62,8,1,8
BRDA:77,9,0,0
BRDA:77,9,1,0
BRDA:87,10,0,7
BRDA:87,11,0,8
BRDA:87,11,1,8
BRDA:99,12,0,0
BRDA:99,12,1,1
BRDA:99,13,0,1
BRDA:99,13,1,1
BRDA:103,14,0,0
BRDA:103,14,1,0
BRDA:123,15,0,0
BRDA:123,15,1,1
BRDA:123,16,0,1
BRDA:123,16,1,1
BRDA:127,17,0,0
BRDA:127,17,1,0
BRDA:140,18,0,8
BRDA:156,19,0,5
BRDA:158,20,0,5
BRDA:163,21,0,0
BRDA:165,22,0,0
BRDA:170,23,0,2
BRDA:183,24,0,0
BRDA:183,24,1,5
BRDA:183,25,0,5
BRDA:183,25,1,5
BRDA:198,26,0,0
BRDA:198,26,1,0
BRDA:198,27,0,0
BRDA:198,27,1,0
BRDA:219,28,0,2
BRF:47
BRH:24
end_of_record
TN:
SF:src/ui/NotemdSettingTab.ts
FN:42,(anonymous_0)
FN:48,(anonymous_1)
FN:53,(anonymous_2)
FN:72,(anonymous_4)
FN:84,(anonymous_5)
FN:96,(anonymous_6)
FN:103,(anonymous_8)
FN:104,(anonymous_9)
FN:149,(anonymous_10)
FN:156,(anonymous_12)
FN:157,(anonymous_13)
FN:205,(anonymous_14)
FN:214,(anonymous_15)
FN:243,(anonymous_16)
FN:250,(anonymous_17)
FN:263,(anonymous_18)
FN:266,(anonymous_19)
FN:275,(anonymous_20)
FN:280,(anonymous_22)
FN:285,(anonymous_23)
FN:299,(anonymous_24)
FN:313,(anonymous_25)
FN:320,(anonymous_26)
FN:320,(anonymous_27)
FN:321,(anonymous_28)
FN:332,(anonymous_29)
FN:332,(anonymous_30)
FN:333,(anonymous_31)
FN:340,(anonymous_32)
FN:344,(anonymous_33)
FN:349,(anonymous_34)
FN:349,(anonymous_35)
FN:351,(anonymous_36)
FN:362,(anonymous_37)
FN:362,(anonymous_38)
FN:363,(anonymous_39)
FN:376,(anonymous_40)
FN:376,(anonymous_41)
FN:377,(anonymous_42)
FN:390,(anonymous_43)
FN:390,(anonymous_44)
FN:391,(anonymous_45)
FN:393,(anonymous_46)
FN:401,(anonymous_47)
FN:401,(anonymous_48)
FN:402,(anonymous_49)
FN:412,(anonymous_50)
FN:412,(anonymous_51)
FN:418,(anonymous_52)
FN:418,(anonymous_53)
FN:426,(anonymous_54)
FN:454,(anonymous_56)
FN:472,(anonymous_58)
FN:476,(anonymous_59)
FN:492,(anonymous_60)
FN:512,(anonymous_61)
FN:544,(anonymous_62)
FN:545,(anonymous_63)
FN:546,(anonymous_64)
FN:547,(anonymous_65)
FN:552,(anonymous_66)
FN:554,(anonymous_67)
FN:557,(anonymous_68)
FN:557,(anonymous_69)
FN:564,(anonymous_70)
FN:585,(anonymous_71)
FN:588,(anonymous_72)
FN:588,(anonymous_73)
FN:597,(anonymous_74)
FN:598,(anonymous_75)
FN:600,(anonymous_76)
FN:600,(anonymous_77)
FN:605,(anonymous_78)
FN:606,(anonymous_79)
FN:608,(anonymous_80)
FN:608,(anonymous_81)
FN:613,(anonymous_82)
FN:616,(anonymous_83)
FN:616,(anonymous_84)
FN:626,(anonymous_85)
FN:629,(anonymous_86)
FN:629,(anonymous_87)
FN:644,(anonymous_88)
FN:647,(anonymous_89)
FN:647,(anonymous_90)
FN:660,(anonymous_91)
FN:663,(anonymous_92)
FN:663,(anonymous_93)
FN:678,(anonymous_94)
FN:680,(anonymous_95)
FN:680,(anonymous_96)
FN:690,(anonymous_97)
FN:693,(anonymous_98)
FN:693,(anonymous_99)
FN:699,(anonymous_100)
FN:701,(anonymous_101)
FN:701,(anonymous_102)
FN:703,(anonymous_103)
FN:704,(anonymous_104)
FN:737,(anonymous_105)
FN:739,(anonymous_106)
FN:739,(anonymous_107)
FN:757,(anonymous_108)
FN:761,(anonymous_109)
FN:762,(anonymous_110)
FN:764,(anonymous_111)
FN:764,(anonymous_112)
FN:771,(anonymous_113)
FN:774,(anonymous_114)
FN:774,(anonymous_115)
FN:774,(anonymous_116)
FN:795,(anonymous_117)
FN:797,(anonymous_118)
FN:797,(anonymous_119)
FN:808,(anonymous_120)
FN:811,(anonymous_121)
FN:811,(anonymous_122)
FN:820,(anonymous_123)
FN:822,(anonymous_124)
FN:822,(anonymous_125)
FN:832,(anonymous_126)
FN:835,(anonymous_127)
FN:835,(anonymous_128)
FN:847,(anonymous_129)
FN:849,(anonymous_130)
FN:849,(anonymous_131)
FN:859,(anonymous_132)
FN:862,(anonymous_133)
FN:862,(anonymous_134)
FN:871,(anonymous_135)
FN:873,(anonymous_136)
FN:873,(anonymous_137)
FN:883,(anonymous_138)
FN:886,(anonymous_139)
FN:886,(anonymous_140)
FN:895,(anonymous_141)
FN:897,(anonymous_142)
FN:897,(anonymous_143)
FN:908,(anonymous_144)
FN:910,(anonymous_145)
FN:910,(anonymous_146)
FN:918,(anonymous_147)
FN:920,(anonymous_148)
FN:920,(anonymous_149)
FN:930,(anonymous_150)
FN:930,(anonymous_151)
FN:930,(anonymous_152)
FN:932,(anonymous_153)
FN:932,(anonymous_154)
FN:932,(anonymous_155)
FN:933,(anonymous_156)
FN:933,(anonymous_157)
FN:933,(anonymous_158)
FN:939,(anonymous_159)
FN:941,(anonymous_160)
FN:941,(anonymous_161)
FN:949,(anonymous_162)
FN:951,(anonymous_163)
FN:951,(anonymous_164)
FN:962,(anonymous_165)
FN:972,(anonymous_166)
FN:973,(anonymous_167)
FN:978,(anonymous_168)
FN:978,(anonymous_169)
FN:985,(anonymous_170)
FN:995,(anonymous_171)
FN:998,(anonymous_172)
FN:998,(anonymous_173)
FN:1011,(anonymous_174)
FN:1014,(anonymous_175)
FN:1014,(anonymous_176)
FN:1029,(anonymous_177)
FN:1031,(anonymous_178)
FN:1031,(anonymous_179)
FN:1040,(anonymous_180)
FN:1045,(anonymous_181)
FN:1045,(anonymous_182)
FN:1054,(anonymous_183)
FN:1056,(anonymous_184)
FN:1056,(anonymous_185)
FN:1059,(anonymous_186)
FN:1061,(anonymous_187)
FN:1061,(anonymous_188)
FN:1068,(anonymous_189)
FN:1068,(anonymous_190)
FN:1068,(anonymous_191)
FN:1070,(anonymous_192)
FN:1070,(anonymous_193)
FN:1070,(anonymous_194)
FN:1072,(anonymous_195)
FN:1072,(anonymous_196)
FN:1072,(anonymous_197)
FN:1073,(anonymous_198)
FN:1073,(anonymous_199)
FN:1073,(anonymous_200)
FN:1075,(anonymous_201)
FN:1075,(anonymous_202)
FN:1075,(anonymous_203)
FN:1081,(anonymous_204)
FN:1083,(anonymous_205)
FN:1083,(anonymous_206)
FN:1089,(anonymous_207)
FN:1089,(anonymous_208)
FN:1089,(anonymous_209)
FN:1091,(anonymous_210)
FN:1091,(anonymous_211)
FN:1091,(anonymous_212)
FN:1095,(anonymous_213)
FN:1095,(anonymous_214)
FN:1095,(anonymous_215)
FN:1102,(anonymous_216)
FN:1102,(anonymous_217)
FN:1102,(anonymous_218)
FN:1104,(anonymous_219)
FN:1104,(anonymous_220)
FN:1104,(anonymous_221)
FN:1108,(anonymous_222)
FN:1108,(anonymous_223)
FN:1108,(anonymous_224)
FN:1110,(anonymous_225)
FN:1110,(anonymous_226)
FN:1110,(anonymous_227)
FN:1115,(anonymous_228)
FN:1115,(anonymous_229)
FN:1115,(anonymous_230)
FN:1120,(anonymous_231)
FN:1122,(anonymous_232)
FN:1122,(anonymous_233)
FN:1132,(anonymous_234)
FN:1136,(anonymous_235)
FN:1136,(anonymous_236)
FN:1149,(anonymous_237)
FN:1153,(anonymous_238)
FN:1153,(anonymous_239)
FN:1176,(anonymous_240)
FN:1179,(anonymous_241)
FN:1179,(anonymous_242)
FN:1188,(anonymous_243)
FN:1190,(anonymous_244)
FN:1190,(anonymous_245)
FN:1199,(anonymous_246)
FN:1202,(anonymous_247)
FN:1202,(anonymous_248)
FN:1213,(anonymous_249)
FN:1217,(anonymous_250)
FN:1217,(anonymous_251)
FN:1226,(anonymous_252)
FN:1229,(anonymous_253)
FN:1229,(anonymous_254)
FN:1236,(anonymous_255)
FN:1239,(anonymous_256)
FN:1239,(anonymous_257)
FN:1252,(anonymous_258)
FN:1256,(anonymous_259)
FN:1256,(anonymous_260)
FN:1264,(anonymous_261)
FN:1268,(anonymous_262)
FN:1268,(anonymous_263)
FN:1275,(anonymous_264)
FN:1279,(anonymous_265)
FN:1279,(anonymous_266)
FN:1287,(anonymous_267)
FN:1290,(anonymous_268)
FN:1290,(anonymous_269)
FN:1306,(anonymous_270)
FN:1309,(anonymous_271)
FN:1309,(anonymous_272)
FN:1323,(anonymous_273)
FN:1326,(anonymous_274)
FN:1326,(anonymous_275)
FN:1343,(anonymous_276)
FN:1345,(anonymous_277)
FN:1345,(anonymous_278)
FN:1355,(anonymous_279)
FN:1359,(anonymous_280)
FN:1359,(anonymous_281)
FN:1368,(anonymous_282)
FN:1370,(anonymous_283)
FN:1370,(anonymous_284)
FN:1380,(anonymous_285)
FN:1382,(anonymous_286)
FN:1387,(anonymous_287)
FN:1393,(anonymous_288)
FN:1393,(anonymous_289)
FN:1404,(anonymous_290)
FN:1405,(anonymous_291)
FN:1410,(anonymous_292)
FN:1410,(anonymous_293)
FN:1419,(anonymous_294)
FN:1421,(anonymous_295)
FN:1421,(anonymous_296)
FN:1430,(anonymous_297)
FN:1433,(anonymous_298)
FN:1433,(anonymous_299)
FN:1442,(anonymous_300)
FN:1446,(anonymous_301)
FN:1447,(anonymous_302)
FN:1452,(anonymous_303)
FN:1452,(anonymous_304)
FN:1470,(anonymous_305)
FN:1472,(anonymous_306)
FN:1472,(anonymous_307)
FN:1480,(anonymous_308)
FN:1482,(anonymous_309)
FN:1482,(anonymous_310)
FN:1490,(anonymous_311)
FN:1492,(anonymous_312)
FN:1492,(anonymous_313)
FN:1502,(anonymous_314)
FN:1505,(anonymous_315)
FN:1505,(anonymous_316)
FN:1513,(anonymous_317)
FN:1516,(anonymous_318)
FN:1516,(anonymous_319)
FN:1528,(anonymous_320)
FN:1530,(anonymous_321)
FN:1530,(anonymous_322)
FN:1539,(anonymous_323)
FN:1541,(anonymous_324)
FN:1541,(anonymous_325)
FN:1551,(anonymous_326)
FN:1554,(anonymous_327)
FN:1554,(anonymous_328)
FN:1566,(anonymous_329)
FN:1572,(anonymous_330)
FN:1572,(anonymous_331)
FN:1587,(anonymous_332)
FN:1590,(anonymous_333)
FN:1590,(anonymous_334)
FN:1591,(anonymous_335)
FN:1591,(anonymous_336)
FN:1634,(anonymous_337)
FN:1636,(anonymous_338)
FN:1636,(anonymous_339)
FN:1658,(anonymous_340)
FN:1662,(anonymous_341)
FN:1664,(anonymous_342)
FN:1664,(anonymous_343)
FN:1682,(anonymous_344)
FN:1692,(anonymous_345)
FN:1695,(anonymous_346)
FN:1695,(anonymous_347)
FN:1712,(anonymous_348)
FN:1714,(anonymous_349)
FN:1714,(anonymous_350)
FN:1724,(anonymous_351)
FN:1727,(anonymous_352)
FN:1727,(anonymous_353)
FNF:348
FNH:0
FNDA:0,(anonymous_0)
FNDA:0,(anonymous_1)
FNDA:0,(anonymous_2)
FNDA:0,(anonymous_4)
FNDA:0,(anonymous_5)
FNDA:0,(anonymous_6)
FNDA:0,(anonymous_8)
FNDA:0,(anonymous_9)
FNDA:0,(anonymous_10)
FNDA:0,(anonymous_12)
FNDA:0,(anonymous_13)
FNDA:0,(anonymous_14)
FNDA:0,(anonymous_15)
FNDA:0,(anonymous_16)
FNDA:0,(anonymous_17)
FNDA:0,(anonymous_18)
FNDA:0,(anonymous_19)
FNDA:0,(anonymous_20)
FNDA:0,(anonymous_22)
FNDA:0,(anonymous_23)
FNDA:0,(anonymous_24)
FNDA:0,(anonymous_25)
FNDA:0,(anonymous_26)
FNDA:0,(anonymous_27)
FNDA:0,(anonymous_28)
FNDA:0,(anonymous_29)
FNDA:0,(anonymous_30)
FNDA:0,(anonymous_31)
FNDA:0,(anonymous_32)
FNDA:0,(anonymous_33)
FNDA:0,(anonymous_34)
FNDA:0,(anonymous_35)
FNDA:0,(anonymous_36)
FNDA:0,(anonymous_37)
FNDA:0,(anonymous_38)
FNDA:0,(anonymous_39)
FNDA:0,(anonymous_40)
FNDA:0,(anonymous_41)
FNDA:0,(anonymous_42)
FNDA:0,(anonymous_43)
FNDA:0,(anonymous_44)
FNDA:0,(anonymous_45)
FNDA:0,(anonymous_46)
FNDA:0,(anonymous_47)
FNDA:0,(anonymous_48)
FNDA:0,(anonymous_49)
FNDA:0,(anonymous_50)
FNDA:0,(anonymous_51)
FNDA:0,(anonymous_52)
FNDA:0,(anonymous_53)
FNDA:0,(anonymous_54)
FNDA:0,(anonymous_56)
FNDA:0,(anonymous_58)
FNDA:0,(anonymous_59)
FNDA:0,(anonymous_60)
FNDA:0,(anonymous_61)
FNDA:0,(anonymous_62)
FNDA:0,(anonymous_63)
FNDA:0,(anonymous_64)
FNDA:0,(anonymous_65)
FNDA:0,(anonymous_66)
FNDA:0,(anonymous_67)
FNDA:0,(anonymous_68)
FNDA:0,(anonymous_69)
FNDA:0,(anonymous_70)
FNDA:0,(anonymous_71)
FNDA:0,(anonymous_72)
FNDA:0,(anonymous_73)
FNDA:0,(anonymous_74)
FNDA:0,(anonymous_75)
FNDA:0,(anonymous_76)
FNDA:0,(anonymous_77)
FNDA:0,(anonymous_78)
FNDA:0,(anonymous_79)
FNDA:0,(anonymous_80)
FNDA:0,(anonymous_81)
FNDA:0,(anonymous_82)
FNDA:0,(anonymous_83)
FNDA:0,(anonymous_84)
FNDA:0,(anonymous_85)
FNDA:0,(anonymous_86)
FNDA:0,(anonymous_87)
FNDA:0,(anonymous_88)
FNDA:0,(anonymous_89)
FNDA:0,(anonymous_90)
FNDA:0,(anonymous_91)
FNDA:0,(anonymous_92)
FNDA:0,(anonymous_93)
FNDA:0,(anonymous_94)
FNDA:0,(anonymous_95)
FNDA:0,(anonymous_96)
FNDA:0,(anonymous_97)
FNDA:0,(anonymous_98)
FNDA:0,(anonymous_99)
FNDA:0,(anonymous_100)
FNDA:0,(anonymous_101)
FNDA:0,(anonymous_102)
FNDA:0,(anonymous_103)
FNDA:0,(anonymous_104)
FNDA:0,(anonymous_105)
FNDA:0,(anonymous_106)
FNDA:0,(anonymous_107)
FNDA:0,(anonymous_108)
FNDA:0,(anonymous_109)
FNDA:0,(anonymous_110)
FNDA:0,(anonymous_111)
FNDA:0,(anonymous_112)
FNDA:0,(anonymous_113)
FNDA:0,(anonymous_114)
FNDA:0,(anonymous_115)
FNDA:0,(anonymous_116)
FNDA:0,(anonymous_117)
FNDA:0,(anonymous_118)
FNDA:0,(anonymous_119)
FNDA:0,(anonymous_120)
FNDA:0,(anonymous_121)
FNDA:0,(anonymous_122)
FNDA:0,(anonymous_123)
FNDA:0,(anonymous_124)
FNDA:0,(anonymous_125)
FNDA:0,(anonymous_126)
FNDA:0,(anonymous_127)
FNDA:0,(anonymous_128)
FNDA:0,(anonymous_129)
FNDA:0,(anonymous_130)
FNDA:0,(anonymous_131)
FNDA:0,(anonymous_132)
FNDA:0,(anonymous_133)
FNDA:0,(anonymous_134)
FNDA:0,(anonymous_135)
FNDA:0,(anonymous_136)
FNDA:0,(anonymous_137)
FNDA:0,(anonymous_138)
FNDA:0,(anonymous_139)
FNDA:0,(anonymous_140)
FNDA:0,(anonymous_141)
FNDA:0,(anonymous_142)
FNDA:0,(anonymous_143)
FNDA:0,(anonymous_144)
FNDA:0,(anonymous_145)
FNDA:0,(anonymous_146)
FNDA:0,(anonymous_147)
FNDA:0,(anonymous_148)
FNDA:0,(anonymous_149)
FNDA:0,(anonymous_150)
FNDA:0,(anonymous_151)
FNDA:0,(anonymous_152)
FNDA:0,(anonymous_153)
FNDA:0,(anonymous_154)
FNDA:0,(anonymous_155)
FNDA:0,(anonymous_156)
FNDA:0,(anonymous_157)
FNDA:0,(anonymous_158)
FNDA:0,(anonymous_159)
FNDA:0,(anonymous_160)
FNDA:0,(anonymous_161)
FNDA:0,(anonymous_162)
FNDA:0,(anonymous_163)
FNDA:0,(anonymous_164)
FNDA:0,(anonymous_165)
FNDA:0,(anonymous_166)
FNDA:0,(anonymous_167)
FNDA:0,(anonymous_168)
FNDA:0,(anonymous_169)
FNDA:0,(anonymous_170)
FNDA:0,(anonymous_171)
FNDA:0,(anonymous_172)
FNDA:0,(anonymous_173)
FNDA:0,(anonymous_174)
FNDA:0,(anonymous_175)
FNDA:0,(anonymous_176)
FNDA:0,(anonymous_177)
FNDA:0,(anonymous_178)
FNDA:0,(anonymous_179)
FNDA:0,(anonymous_180)
FNDA:0,(anonymous_181)
FNDA:0,(anonymous_182)
FNDA:0,(anonymous_183)
FNDA:0,(anonymous_184)
FNDA:0,(anonymous_185)
FNDA:0,(anonymous_186)
FNDA:0,(anonymous_187)
FNDA:0,(anonymous_188)
FNDA:0,(anonymous_189)
FNDA:0,(anonymous_190)
FNDA:0,(anonymous_191)
FNDA:0,(anonymous_192)
FNDA:0,(anonymous_193)
FNDA:0,(anonymous_194)
FNDA:0,(anonymous_195)
FNDA:0,(anonymous_196)
FNDA:0,(anonymous_197)
FNDA:0,(anonymous_198)
FNDA:0,(anonymous_199)
FNDA:0,(anonymous_200)
FNDA:0,(anonymous_201)
FNDA:0,(anonymous_202)
FNDA:0,(anonymous_203)
FNDA:0,(anonymous_204)
FNDA:0,(anonymous_205)
FNDA:0,(anonymous_206)
FNDA:0,(anonymous_207)
FNDA:0,(anonymous_208)
FNDA:0,(anonymous_209)
FNDA:0,(anonymous_210)
FNDA:0,(anonymous_211)
FNDA:0,(anonymous_212)
FNDA:0,(anonymous_213)
FNDA:0,(anonymous_214)
FNDA:0,(anonymous_215)
FNDA:0,(anonymous_216)
FNDA:0,(anonymous_217)
FNDA:0,(anonymous_218)
FNDA:0,(anonymous_219)
FNDA:0,(anonymous_220)
FNDA:0,(anonymous_221)
FNDA:0,(anonymous_222)
FNDA:0,(anonymous_223)
FNDA:0,(anonymous_224)
FNDA:0,(anonymous_225)
FNDA:0,(anonymous_226)
FNDA:0,(anonymous_227)
FNDA:0,(anonymous_228)
FNDA:0,(anonymous_229)
FNDA:0,(anonymous_230)
FNDA:0,(anonymous_231)
FNDA:0,(anonymous_232)
FNDA:0,(anonymous_233)
FNDA:0,(anonymous_234)
FNDA:0,(anonymous_235)
FNDA:0,(anonymous_236)
FNDA:0,(anonymous_237)
FNDA:0,(anonymous_238)
FNDA:0,(anonymous_239)
FNDA:0,(anonymous_240)
FNDA:0,(anonymous_241)
FNDA:0,(anonymous_242)
FNDA:0,(anonymous_243)
FNDA:0,(anonymous_244)
FNDA:0,(anonymous_245)
FNDA:0,(anonymous_246)
FNDA:0,(anonymous_247)
FNDA:0,(anonymous_248)
FNDA:0,(anonymous_249)
FNDA:0,(anonymous_250)
FNDA:0,(anonymous_251)
FNDA:0,(anonymous_252)
FNDA:0,(anonymous_253)
FNDA:0,(anonymous_254)
FNDA:0,(anonymous_255)
FNDA:0,(anonymous_256)
FNDA:0,(anonymous_257)
FNDA:0,(anonymous_258)
FNDA:0,(anonymous_259)
FNDA:0,(anonymous_260)
FNDA:0,(anonymous_261)
FNDA:0,(anonymous_262)
FNDA:0,(anonymous_263)
FNDA:0,(anonymous_264)
FNDA:0,(anonymous_265)
FNDA:0,(anonymous_266)
FNDA:0,(anonymous_267)
FNDA:0,(anonymous_268)
FNDA:0,(anonymous_269)
FNDA:0,(anonymous_270)
FNDA:0,(anonymous_271)
FNDA:0,(anonymous_272)
FNDA:0,(anonymous_273)
FNDA:0,(anonymous_274)
FNDA:0,(anonymous_275)
FNDA:0,(anonymous_276)
FNDA:0,(anonymous_277)
FNDA:0,(anonymous_278)
FNDA:0,(anonymous_279)
FNDA:0,(anonymous_280)
FNDA:0,(anonymous_281)
FNDA:0,(anonymous_282)
FNDA:0,(anonymous_283)
FNDA:0,(anonymous_284)
FNDA:0,(anonymous_285)
FNDA:0,(anonymous_286)
FNDA:0,(anonymous_287)
FNDA:0,(anonymous_288)
FNDA:0,(anonymous_289)
FNDA:0,(anonymous_290)
FNDA:0,(anonymous_291)
FNDA:0,(anonymous_292)
FNDA:0,(anonymous_293)
FNDA:0,(anonymous_294)
FNDA:0,(anonymous_295)
FNDA:0,(anonymous_296)
FNDA:0,(anonymous_297)
FNDA:0,(anonymous_298)
FNDA:0,(anonymous_299)
FNDA:0,(anonymous_300)
FNDA:0,(anonymous_301)
FNDA:0,(anonymous_302)
FNDA:0,(anonymous_303)
FNDA:0,(anonymous_304)
FNDA:0,(anonymous_305)
FNDA:0,(anonymous_306)
FNDA:0,(anonymous_307)
FNDA:0,(anonymous_308)
FNDA:0,(anonymous_309)
FNDA:0,(anonymous_310)
FNDA:0,(anonymous_311)
FNDA:0,(anonymous_312)
FNDA:0,(anonymous_313)
FNDA:0,(anonymous_314)
FNDA:0,(anonymous_315)
FNDA:0,(anonymous_316)
FNDA:0,(anonymous_317)
FNDA:0,(anonymous_318)
FNDA:0,(anonymous_319)
FNDA:0,(anonymous_320)
FNDA:0,(anonymous_321)
FNDA:0,(anonymous_322)
FNDA:0,(anonymous_323)
FNDA:0,(anonymous_324)
FNDA:0,(anonymous_325)
FNDA:0,(anonymous_326)
FNDA:0,(anonymous_327)
FNDA:0,(anonymous_328)
FNDA:0,(anonymous_329)
FNDA:0,(anonymous_330)
FNDA:0,(anonymous_331)
FNDA:0,(anonymous_332)
FNDA:0,(anonymous_333)
FNDA:0,(anonymous_334)
FNDA:0,(anonymous_335)
FNDA:0,(anonymous_336)
FNDA:0,(anonymous_337)
FNDA:0,(anonymous_338)
FNDA:0,(anonymous_339)
FNDA:0,(anonymous_340)
FNDA:0,(anonymous_341)
FNDA:0,(anonymous_342)
FNDA:0,(anonymous_343)
FNDA:0,(anonymous_344)
FNDA:0,(anonymous_345)
FNDA:0,(anonymous_346)
FNDA:0,(anonymous_347)
FNDA:0,(anonymous_348)
FNDA:0,(anonymous_349)
FNDA:0,(anonymous_350)
FNDA:0,(anonymous_351)
FNDA:0,(anonymous_352)
FNDA:0,(anonymous_353)
DA:1,0
DA:4,0
DA:5,0
DA:11,0
DA:12,0
DA:13,0
DA:20,0
DA:30,0
DA:31,0
DA:32,0
DA:39,0
DA:43,0
DA:44,0
DA:49,0
DA:50,0
DA:54,0
DA:55,0
DA:56,0
DA:60,0
DA:61,0
DA:63,0
DA:64,0
DA:65,0
DA:68,0
DA:69,0
DA:73,0
DA:74,0
DA:77,0
DA:78,0
DA:79,0
DA:81,0
DA:85,0
DA:86,0
DA:89,0
DA:90,0
DA:91,0
DA:93,0
DA:101,0
DA:102,0
DA:103,0
DA:104,0
DA:106,0
DA:107,0
DA:111,0
DA:114,0
DA:115,0
DA:118,0
DA:120,0
DA:121,0
DA:125,0
DA:126,0
DA:128,0
DA:129,0
DA:134,0
DA:140,0
DA:141,0
DA:142,0
DA:143,0
DA:145,0
DA:154,0
DA:155,0
DA:156,0
DA:157,0
DA:159,0
DA:160,0
DA:164,0
DA:167,0
DA:168,0
DA:169,0
DA:170,0
DA:178,0
DA:179,0
DA:184,0
DA:185,0
DA:186,0
DA:196,0
DA:197,0
DA:198,0
DA:199,0
DA:201,0
DA:206,0
DA:207,0
DA:208,0
DA:211,0
DA:212,0
DA:213,0
DA:214,0
DA:215,0
DA:217,0
DA:219,0
DA:221,0
DA:223,0
DA:227,0
DA:232,0
DA:235,0
DA:244,0
DA:245,0
DA:246,0
DA:247,0
DA:250,0
DA:251,0
DA:254,0
DA:259,0
DA:264,0
DA:265,0
DA:266,0
DA:272,0
DA:279,0
DA:280,0
DA:285,0
DA:287,0
DA:288,0
DA:289,0
DA:291,0
DA:292,0
DA:294,0
DA:295,0
DA:300,0
DA:301,0
DA:302,0
DA:303,0
DA:304,0
DA:306,0
DA:307,0
DA:313,0
DA:314,0
DA:315,0
DA:316,0
DA:319,0
DA:320,0
DA:321,0
DA:322,0
DA:327,0
DA:328,0
DA:329,0
DA:330,0
DA:331,0
DA:332,0
DA:333,0
DA:334,0
DA:337,0
DA:338,0
DA:340,0
DA:341,0
DA:343,0
DA:344,0
DA:345,0
DA:346,0
DA:348,0
DA:349,0
DA:350,0
DA:351,0
DA:352,0
DA:353,0
DA:354,0
DA:355,0
DA:357,0
DA:360,0
DA:361,0
DA:362,0
DA:363,0
DA:364,0
DA:365,0
DA:366,0
DA:367,0
DA:368,0
DA:369,0
DA:371,0
DA:374,0
DA:375,0
DA:376,0
DA:377,0
DA:378,0
DA:379,0
DA:380,0
DA:381,0
DA:382,0
DA:383,0
DA:385,0
DA:388,0
DA:389,0
DA:390,0
DA:391,0
DA:392,0
DA:393,0
DA:394,0
DA:396,0
DA:400,0
DA:401,0
DA:402,0
DA:403,0
DA:404,0
DA:406,0
DA:410,0
DA:411,0
DA:412,0
DA:413,0
DA:414,0
DA:417,0
DA:418,0
DA:419,0
DA:420,0
DA:421,0
DA:422,0
DA:427,0
DA:428,0
DA:429,0
DA:430,0
DA:432,0
DA:433,0
DA:434,0
DA:435,0
DA:436,0
DA:439,0
DA:440,0
DA:441,0
DA:442,0
DA:445,0
DA:446,0
DA:448,0
DA:449,0
DA:450,0
DA:455,0
DA:456,0
DA:457,0
DA:458,0
DA:460,0
DA:461,0
DA:462,0
DA:465,0
DA:466,0
DA:468,0
DA:469,0
DA:472,0
DA:473,0
DA:474,0
DA:476,0
DA:477,0
DA:478,0
DA:479,0
DA:480,0
DA:482,0
DA:483,0
DA:486,0
DA:490,0
DA:492,0
DA:493,0
DA:494,0
DA:497,0
DA:498,0
DA:502,0
DA:505,0
DA:506,0
DA:507,0
DA:513,0
DA:514,0
DA:515,0
DA:516,0
DA:517,0
DA:518,0
DA:519,0
DA:520,0
DA:521,0
DA:522,0
DA:523,0
DA:524,0
DA:525,0
DA:526,0
DA:527,0
DA:528,0
DA:529,0
DA:532,0
DA:533,0
DA:534,0
DA:537,0
DA:541,0
DA:544,0
DA:545,0
DA:546,0
DA:547,0
DA:549,0
DA:553,0
DA:554,0
DA:555,0
DA:557,0
DA:558,0
DA:559,0
DA:560,0
DA:564,0
DA:566,0
DA:567,0
DA:568,0
DA:569,0
DA:571,0
DA:572,0
DA:573,0
DA:575,0
DA:576,0
DA:582,0
DA:585,0
DA:588,0
DA:591,0
DA:597,0
DA:598,0
DA:600,0
DA:602,0
DA:605,0
DA:606,0
DA:608,0
DA:610,0
DA:613,0
DA:616,0
DA:620,0
DA:622,0
DA:623,0
DA:626,0
DA:629,0
DA:630,0
DA:631,0
DA:632,0
DA:634,0
DA:636,0
DA:640,0
DA:641,0
DA:644,0
DA:647,0
DA:648,0
DA:649,0
DA:650,0
DA:652,0
DA:654,0
DA:657,0
DA:660,0
DA:663,0
DA:664,0
DA:665,0
DA:666,0
DA:668,0
DA:670,0
DA:674,0
DA:675,0
DA:678,0
DA:680,0
DA:681,0
DA:682,0
DA:686,0
DA:687,0
DA:690,0
DA:693,0
DA:696,0
DA:699,0
DA:701,0
DA:702,0
DA:703,0
DA:704,0
DA:705,0
DA:706,0
DA:710,0
DA:712,0
DA:713,0
DA:714,0
DA:715,0
DA:716,0
DA:717,0
DA:718,0
DA:720,0
DA:721,0
DA:722,0
DA:723,0
DA:725,0
DA:729,0
DA:733,0
DA:734,0
DA:737,0
DA:739,0
DA:740,0
DA:741,0
DA:742,0
DA:743,0
DA:744,0
DA:745,0
DA:746,0
DA:747,0
DA:748,0
DA:750,0
DA:751,0
DA:754,0
DA:755,0
DA:757,0
DA:758,0
DA:761,0
DA:762,0
DA:764,0
DA:765,0
DA:766,0
DA:767,0
DA:770,0
DA:771,0
DA:772,0
DA:774,0
DA:775,0
DA:776,0
DA:779,0
DA:780,0
DA:781,0
DA:782,0
DA:783,0
DA:784,0
DA:785,0
DA:789,0
DA:792,0
DA:795,0
DA:797,0
DA:798,0
DA:799,0
DA:800,0
DA:804,0
DA:805,0
DA:808,0
DA:811,0
DA:812,0
DA:813,0
DA:817,0
DA:820,0
DA:822,0
DA:823,0
DA:824,0
DA:825,0
DA:828,0
DA:829,0
DA:832,0
DA:835,0
DA:836,0
DA:837,0
DA:842,0
DA:844,0
DA:847,0
DA:849,0
DA:850,0
DA:851,0
DA:852,0
DA:855,0
DA:856,0
DA:859,0
DA:862,0
DA:863,0
DA:864,0
DA:868,0
DA:871,0
DA:873,0
DA:874,0
DA:875,0
DA:876,0
DA:879,0
DA:880,0
DA:883,0
DA:886,0
DA:887,0
DA:888,0
DA:892,0
DA:895,0
DA:897,0
DA:898,0
DA:899,0
DA:903,0
DA:905,0
DA:908,0
DA:910,0
DA:911,0
DA:912,0
DA:915,0
DA:918,0
DA:920,0
DA:921,0
DA:922,0
DA:926,0
DA:927,0
DA:930,0
DA:931,0
DA:932,0
DA:933,0
DA:936,0
DA:939,0
DA:941,0
DA:942,0
DA:943,0
DA:946,0
DA:949,0
DA:951,0
DA:952,0
DA:953,0
DA:954,0
DA:957,0
DA:958,0
DA:959,0
DA:961,0
DA:962,0
DA:963,0
DA:964,0
DA:965,0
DA:966,0
DA:969,0
DA:973,0
DA:974,0
DA:976,0
DA:978,0
DA:979,0
DA:980,0
DA:981,0
DA:985,0
DA:986,0
DA:987,0
DA:988,0
DA:989,0
DA:992,0
DA:995,0
DA:998,0
DA:999,0
DA:1000,0
DA:1001,0
DA:1003,0
DA:1005,0
DA:1008,0
DA:1011,0
DA:1014,0
DA:1015,0
DA:1016,0
DA:1017,0
DA:1019,0
DA:1021,0
DA:1024,0
DA:1026,0
DA:1029,0
DA:1031,0
DA:1032,0
DA:1033,0
DA:1034,0
DA:1037,0
DA:1041,0
DA:1042,0
DA:1043,0
DA:1045,0
DA:1046,0
DA:1047,0
DA:1051,0
DA:1054,0
DA:1056,0
DA:1057,0
DA:1059,0
DA:1061,0
DA:1062,0
DA:1067,0
DA:1068,0
DA:1069,0
DA:1070,0
DA:1072,0
DA:1073,0
DA:1074,0
DA:1075,0
DA:1078,0
DA:1081,0
DA:1083,0
DA:1084,0
DA:1085,0
DA:1088,0
DA:1089,0
DA:1090,0
DA:1091,0
DA:1094,0
DA:1095,0
DA:1096,0
DA:1097,0
DA:1098,0
DA:1101,0
DA:1102,0
DA:1103,0
DA:1104,0
DA:1106,0
DA:1107,0
DA:1108,0
DA:1109,0
DA:1110,0
DA:1114,0
DA:1115,0
DA:1117,0
DA:1120,0
DA:1122,0
DA:1123,0
DA:1124,0
DA:1127,0
DA:1129,0
DA:1132,0
DA:1136,0
DA:1137,0
DA:1138,0
DA:1141,0
DA:1144,0
DA:1146,0
DA:1150,0
DA:1153,0
DA:1154,0
DA:1155,0
DA:1157,0
DA:1160,0
DA:1161,0
DA:1162,0
DA:1167,0
DA:1172,0
DA:1173,0
DA:1176,0
DA:1179,0
DA:1180,0
DA:1181,0
DA:1185,0
DA:1188,0
DA:1190,0
DA:1191,0
DA:1192,0
DA:1193,0
DA:1195,0
DA:1196,0
DA:1199,0
DA:1202,0
DA:1203,0
DA:1204,0
DA:1205,0
DA:1209,0
DA:1210,0
DA:1213,0
DA:1217,0
DA:1218,0
DA:1219,0
DA:1220,0
DA:1222,0
DA:1223,0
DA:1226,0
DA:1229,0
DA:1230,0
DA:1231,0
DA:1233,0
DA:1236,0
DA:1239,0
DA:1240,0
DA:1241,0
DA:1242,0
DA:1244,0
DA:1246,0
DA:1247,0
DA:1249,0
DA:1252,0
DA:1256,0
DA:1257,0
DA:1258,0
DA:1260,0
DA:1261,0
DA:1264,0
DA:1268,0
DA:1269,0
DA:1270,0
DA:1272,0
DA:1275,0
DA:1279,0
DA:1280,0
DA:1281,0
DA:1284,0
DA:1287,0
DA:1290,0
DA:1291,0
DA:1292,0
DA:1293,0
DA:1295,0
DA:1297,0
DA:1298,0
DA:1301,0
DA:1303,0
DA:1306,0
DA:1309,0
DA:1310,0
DA:1311,0
DA:1312,0
DA:1314,0
DA:1316,0
DA:1317,0
DA:1320,0
DA:1323,0
DA:1326,0
DA:1327,0
DA:1328,0
DA:1329,0
DA:1331,0
DA:1333,0
DA:1334,0
DA:1338,0
DA:1340,0
DA:1343,0
DA:1345,0
DA:1346,0
DA:1347,0
DA:1348,0
DA:1351,0
DA:1352,0
DA:1355,0
DA:1359,0
DA:1360,0
DA:1361,0
DA:1365,0
DA:1368,0
DA:1370,0
DA:1371,0
DA:1372,0
DA:1376,0
DA:1377,0
DA:1381,0
DA:1382,0
DA:1383,0
DA:1386,0
DA:1387,0
DA:1388,0
DA:1391,0
DA:1393,0
DA:1394,0
DA:1395,0
DA:1396,0
DA:1397,0
DA:1401,0
DA:1405,0
DA:1406,0
DA:1408,0
DA:1410,0
DA:1411,0
DA:1412,0
DA:1416,0
DA:1419,0
DA:1421,0
DA:1422,0
DA:1423,0
DA:1424,0
DA:1427,0
DA:1431,0
DA:1433,0
DA:1434,0
DA:1435,0
DA:1439,0
DA:1440,0
DA:1442,0
DA:1443,0
DA:1447,0
DA:1448,0
DA:1450,0
DA:1452,0
DA:1453,0
DA:1454,0
DA:1459,0
DA:1460,0
DA:1461,0
DA:1462,0
DA:1463,0
DA:1464,0
DA:1467,0
DA:1470,0
DA:1472,0
DA:1473,0
DA:1474,0
DA:1477,0
DA:1480,0
DA:1482,0
DA:1483,0
DA:1484,0
DA:1487,0
DA:1490,0
DA:1492,0
DA:1493,0
DA:1494,0
DA:1495,0
DA:1498,0
DA:1499,0
DA:1502,0
DA:1505,0
DA:1506,0
DA:1507,0
DA:1510,0
DA:1513,0
DA:1516,0
DA:1517,0
DA:1518,0
DA:1523,0
DA:1525,0
DA:1528,0
DA:1530,0
DA:1531,0
DA:1532,0
DA:1533,0
DA:1536,0
DA:1539,0
DA:1541,0
DA:1542,0
DA:1543,0
DA:1544,0
DA:1547,0
DA:1548,0
DA:1551,0
DA:1554,0
DA:1555,0
DA:1556,0
DA:1561,0
DA:1563,0
DA:1566,0
DA:1572,0
DA:1573,0
DA:1574,0
DA:1575,0
DA:1578,0
DA:1579,0
DA:1582,0
DA:1587,0
DA:1590,0
DA:1591,0
DA:1592,0
DA:1593,0
DA:1595,0
DA:1596,0
DA:1597,0
DA:1598,0
DA:1599,0
DA:1601,0
DA:1602,0
DA:1603,0
DA:1607,0
DA:1608,0
DA:1612,0
DA:1613,0
DA:1616,0
DA:1617,0
DA:1618,0
DA:1620,0
DA:1629,0
DA:1631,0
DA:1634,0
DA:1636,0
DA:1637,0
DA:1638,0
DA:1639,0
DA:1642,0
DA:1648,0
DA:1658,0
DA:1659,0
DA:1662,0
DA:1664,0
DA:1665,0
DA:1666,0
DA:1667,0
DA:1670,0
DA:1671,0
DA:1672,0
DA:1675,0
DA:1676,0
DA:1681,0
DA:1682,0
DA:1683,0
DA:1684,0
DA:1686,0
DA:1689,0
DA:1692,0
DA:1695,0
DA:1696,0
DA:1697,0
DA:1707,0
DA:1709,0
DA:1712,0
DA:1714,0
DA:1715,0
DA:1716,0
DA:1717,0
DA:1720,0
DA:1721,0
DA:1724,0
DA:1727,0
DA:1728,0
DA:1729,0
LF:879
LH:0
BRDA:56,0,0,0
BRDA:56,0,1,0
BRDA:73,1,0,0
BRDA:78,2,0,0
BRDA:85,3,0,0
BRDA:90,4,0,0
BRDA:106,5,0,0
BRDA:128,6,0,0
BRDA:128,6,1,0
BRDA:140,7,0,0
BRDA:140,7,1,0
BRDA:159,8,0,0
BRDA:196,9,0,0
BRDA:196,9,1,0
BRDA:207,10,0,0
BRDA:215,11,0,0
BRDA:215,11,1,0
BRDA:215,11,2,0
BRDA:215,11,3,0
BRDA:246,12,0,0
BRDA:255,13,0,0
BRDA:255,13,1,0
BRDA:265,14,0,0
BRDA:267,15,0,0
BRDA:267,15,1,0
BRDA:281,16,0,0
BRDA:281,16,1,0
BRDA:285,17,0,0
BRDA:285,17,1,0
BRDA:287,18,0,0
BRDA:287,18,1,0
BRDA:291,19,0,0
BRDA:291,20,0,0
BRDA:291,20,1,0
BRDA:291,21,0,0
BRDA:291,21,1,0
BRDA:294,22,0,0
BRDA:294,23,0,0
BRDA:294,23,1,0
BRDA:294,24,0,0
BRDA:294,24,1,0
BRDA:306,25,0,0
BRDA:333,26,0,0
BRDA:333,26,1,0
BRDA:333,27,0,0
BRDA:333,27,1,0
BRDA:352,28,0,0
BRDA:364,29,0,0
BRDA:378,30,0,0
BRDA:392,31,0,0
BRDA:403,32,0,0
BRDA:435,33,0,0
BRDA:440,34,0,0
BRDA:440,34,1,0
BRDA:448,35,0,0
BRDA:448,35,1,0
BRDA:460,36,0,0
BRDA:468,37,0,0
BRDA:477,38,0,0
BRDA:477,38,1,0
BRDA:477,39,0,0
BRDA:477,39,1,0
BRDA:478,40,0,0
BRDA:478,40,1,0
BRDA:492,41,0,0
BRDA:505,42,0,0
BRDA:505,42,1,0
BRDA:566,43,0,0
BRDA:566,43,1,0
BRDA:572,44,0,0
BRDA:572,44,1,0
BRDA:572,45,0,0
BRDA:572,45,1,0
BRDA:572,46,0,0
BRDA:572,46,1,0
BRDA:572,47,0,0
BRDA:572,47,1,0
BRDA:573,48,0,0
BRDA:573,48,1,0
BRDA:573,49,0,0
BRDA:573,49,1,0
BRDA:575,50,0,0
BRDA:576,51,0,0
BRDA:576,51,1,0
BRDA:580,52,0,0
BRDA:580,52,1,0
BRDA:586,53,0,0
BRDA:586,53,1,0
BRDA:595,54,0,0
BRDA:595,54,1,0
BRDA:598,55,0,0
BRDA:598,55,1,0
BRDA:598,56,0,0
BRDA:598,56,1,0
BRDA:598,57,0,0
BRDA:598,57,1,0
BRDA:606,58,0,0
BRDA:606,58,1,0
BRDA:606,59,0,0
BRDA:606,59,1,0
BRDA:606,60,0,0
BRDA:606,60,1,0
BRDA:620,61,0,0
BRDA:620,61,1,0
BRDA:622,62,0,0
BRDA:628,63,0,0
BRDA:628,63,1,0
BRDA:631,64,0,0
BRDA:631,64,1,0
BRDA:631,65,0,0
BRDA:631,65,1,0
BRDA:640,66,0,0
BRDA:646,67,0,0
BRDA:646,67,1,0
BRDA:649,68,0,0
BRDA:649,68,1,0
BRDA:649,69,0,0
BRDA:649,69,1,0
BRDA:649,69,2,0
BRDA:662,70,0,0
BRDA:662,70,1,0
BRDA:665,71,0,0
BRDA:665,71,1,0
BRDA:674,72,0,0
BRDA:686,73,0,0
BRDA:692,74,0,0
BRDA:692,74,1,0
BRDA:705,75,0,0
BRDA:717,76,0,0
BRDA:717,76,1,0
BRDA:720,77,0,0
BRDA:720,77,1,0
BRDA:741,78,0,0
BRDA:742,79,0,0
BRDA:742,79,1,0
BRDA:743,80,0,0
BRDA:743,80,1,0
BRDA:744,81,0,0
BRDA:744,81,1,0
BRDA:745,82,0,0
BRDA:745,82,1,0
BRDA:746,83,0,0
BRDA:746,83,1,0
BRDA:747,84,0,0
BRDA:747,84,1,0
BRDA:748,85,0,0
BRDA:748,85,1,0
BRDA:754,86,0,0
BRDA:772,87,0,0
BRDA:772,87,1,0
BRDA:774,88,0,0
BRDA:774,88,1,0
BRDA:775,89,0,0
BRDA:775,89,1,0
BRDA:804,90,0,0
BRDA:828,91,0,0
BRDA:855,92,0,0
BRDA:879,93,0,0
BRDA:931,94,0,0
BRDA:932,95,0,0
BRDA:932,95,1,0
BRDA:932,96,0,0
BRDA:932,96,1,0
BRDA:932,96,2,0
BRDA:933,97,0,0
BRDA:933,97,1,0
BRDA:933,98,0,0
BRDA:933,98,1,0
BRDA:933,98,2,0
BRDA:957,99,0,0
BRDA:957,100,0,0
BRDA:957,100,1,0
BRDA:964,101,0,0
BRDA:986,102,0,0
BRDA:1000,103,0,0
BRDA:1000,103,1,0
BRDA:1016,104,0,0
BRDA:1016,104,1,0
BRDA:1069,105,0,0
BRDA:1074,106,0,0
BRDA:1090,107,0,0
BRDA:1096,108,0,0
BRDA:1098,109,0,0
BRDA:1098,109,1,0
BRDA:1098,110,0,0
BRDA:1098,110,1,0
BRDA:1103,111,0,0
BRDA:1109,112,0,0
BRDA:1161,113,0,0
BRDA:1195,114,0,0
BRDA:1203,115,0,0
BRDA:1203,115,1,0
BRDA:1222,116,0,0
BRDA:1222,116,1,0
BRDA:1241,117,0,0
BRDA:1241,117,1,0
BRDA:1241,118,0,0
BRDA:1241,118,1,0
BRDA:1241,118,2,0
BRDA:1260,119,0,0
BRDA:1292,120,0,0
BRDA:1292,120,1,0
BRDA:1292,121,0,0
BRDA:1292,121,1,0
BRDA:1311,122,0,0
BRDA:1311,122,1,0
BRDA:1311,123,0,0
BRDA:1311,123,1,0
BRDA:1328,124,0,0
BRDA:1328,124,1,0
BRDA:1328,125,0,0
BRDA:1328,125,1,0
BRDA:1351,126,0,0
BRDA:1386,127,0,0
BRDA:1386,127,1,0
BRDA:1387,128,0,0
BRDA:1387,129,0,0
BRDA:1387,129,1,0
BRDA:1405,130,0,0
BRDA:1405,130,1,0
BRDA:1409,131,0,0
BRDA:1409,131,1,0
BRDA:1439,132,0,0
BRDA:1440,133,0,0
BRDA:1440,133,1,0
BRDA:1498,134,0,0
BRDA:1547,135,0,0
BRDA:1578,136,0,0
BRDA:1578,137,0,0
BRDA:1578,137,1,0
BRDA:1579,138,0,0
BRDA:1579,138,1,0
BRDA:1583,139,0,0
BRDA:1583,139,1,0
BRDA:1596,140,0,0
BRDA:1601,141,0,0
BRDA:1602,142,0,0
BRDA:1602,142,1,0
BRDA:1602,143,0,0
BRDA:1602,143,1,0
BRDA:1604,144,0,0
BRDA:1604,144,1,0
BRDA:1604,145,0,0
BRDA:1604,145,1,0
BRDA:1612,146,0,0
BRDA:1612,147,0,0
BRDA:1612,147,1,0
BRDA:1612,147,2,0
BRDA:1616,148,0,0
BRDA:1616,148,1,0
BRDA:1642,149,0,0
BRDA:1670,150,0,0
BRDA:1720,151,0,0
BRF:253
BRH:0
end_of_record
